Experiment
--------------------------------------------
Parameter = tcp_dsack
Values [0, 1] with stride 1
Flow sizes = [10000000, 100000000] with stride 10000000
--------------------------------------------
10000000 0 663707
20000000 0 323885
30000000 0 643805
40000000 0 1019838
50000000 0 583626
60000000 0 663848
70000000 0 735800
80000000 0 815886
90000000 0 907551
100000000 0 1163852

10000000 1 243133
20000000 1 323792
30000000 1 399932
40000000 1 491623
50000000 1 567708
60000000 1 943747
70000000 1 1343890
80000000 1 827510
90000000 1 1171828
100000000 1 2036060

