Experiment
--------------------------------------------
Parameter = tcp_frto_response
Values [0, 1] with stride 1
Flow sizes = [10000000, 100000000] with stride 10000000
--------------------------------------------
10000000 0 242428
20000000 0 327627
30000000 0 411888
40000000 0 500006
50000000 0 575524
60000000 0 687701
70000000 0 1139734
80000000 0 832007
90000000 0 1087873
100000000 0 1487569

10000000 1 250571
20000000 1 320045
30000000 1 399780
40000000 1 495832
50000000 1 763705
60000000 1 735590
70000000 1 1227772
80000000 1 1331942
90000000 1 1879722
100000000 1 987706

