Experiment
--------------------------------------------
Parameter = tcp_low_latency
Values [0, 1] with stride 1
Flow sizes = [10000000, 100000000] with stride 10000000
--------------------------------------------
10000000 0 236802
20000000 0 579706
30000000 0 443712
40000000 0 487979
50000000 0 571691
60000000 0 887633
70000000 0 732064
80000000 0 1155263
90000000 0 908126
100000000 0 1180001

10000000 1 450378
20000000 1 767839
30000000 1 623581
40000000 1 492135
50000000 1 555783
60000000 1 691447
70000000 1 996052
80000000 1 1119425
90000000 1 1579751
100000000 1 1191954

