Experiment
--------------------------------------------
Parameter = tcp_slow_start_after_idle
Values [0, 1] with stride 1
Flow sizes = [10000000, 100000000] with stride 10000000
--------------------------------------------
10000000 0 238552
20000000 0 739638
30000000 0 443626
40000000 0 803993
50000000 0 1583690
60000000 0 644004
70000000 0 739787
80000000 0 819697
90000000 0 1363415
100000000 0 1855948

10000000 1 242680
20000000 1 323849
30000000 1 403860
40000000 1 703680
50000000 1 567859
60000000 1 651903
70000000 1 735678
80000000 1 987381
90000000 1 1180003
100000000 1 1923531

