Experiment
--------------------------------------------
Parameter = tcp_fack
Values [0, 1] with stride 1
Flow sizes = [10000000, 100000000] with stride 10000000
--------------------------------------------
10000000 0 245050
20000000 0 327608
30000000 0 599972
40000000 0 519616
50000000 0 752103
60000000 0 1151380
70000000 0 732032
80000000 0 1207804
90000000 0 1575941
100000000 0 1307540

10000000 1 242804
20000000 1 567765
30000000 1 411593
40000000 1 687963
50000000 1 831981
60000000 1 667573
70000000 1 739833
80000000 1 847438
90000000 1 916104
100000000 1 1767521

