Experiment
--------------------------------------------
Parameter = tcp_abort_on_overflow
Values [0, 1] with stride 1
Flow sizes = [10000000, 100000000] with stride 10000000
--------------------------------------------
10000000 0 242582
20000000 0 323631
30000000 0 407959
40000000 0 691741
50000000 0 679501
60000000 0 719633
70000000 0 736347
80000000 0 827582
90000000 0 979496
100000000 0 1452066

10000000 1 243347
20000000 1 519667
30000000 1 951765
40000000 1 487978
50000000 1 831683
60000000 1 655749
70000000 1 943809
80000000 1 1011870
90000000 1 1995512
100000000 1 1187943

