Experiment
--------------------------------------------
Parameter = tcp_tw_reuse
Values [0, 1] with stride 1
Flow sizes = [10000000, 100000000] with stride 10000000
--------------------------------------------
10000000 0 243187
20000000 0 707783
30000000 0 1171821
40000000 0 499899
50000000 0 1835514
60000000 0 995845
70000000 0 731905
80000000 0 2087757
90000000 0 1335474
100000000 0 1031787

10000000 1 242266
20000000 1 323934
30000000 1 651744
40000000 1 731931
50000000 1 579773
60000000 1 839749
70000000 1 991755
80000000 1 1335620
90000000 1 2003962
100000000 1 1267844

