Experiment
--------------------------------------------
Parameter = tcp_timestamps
Values [0, 1] with stride 1
Flow sizes = [10000000, 100000000] with stride 10000000
--------------------------------------------
10000000 0 242283
20000000 0 323525
30000000 0 431952
40000000 0 527616
50000000 0 572033
60000000 0 659440
70000000 0 1468155
80000000 0 811698
90000000 0 1487765
100000000 0 1619821

10000000 1 243104
20000000 1 319948
30000000 1 403436
40000000 1 488097
50000000 1 1175990
60000000 1 675518
70000000 1 1007837
80000000 1 1487741
90000000 1 1375616
100000000 1 1388077

