Experiment
--------------------------------------------
Parameter = tcp_tw_recycle
Values [0, 1] with stride 1
Flow sizes = [10000000, 100000000] with stride 10000000
--------------------------------------------
10000000 0 241601
20000000 0 323754
30000000 0 411564
40000000 0 703894
50000000 0 764036
60000000 0 859581
70000000 0 1491746
80000000 0 819778
90000000 0 903706
100000000 0 1599781

10000000 1 242929
20000000 1 571660
30000000 1 643783
40000000 1 499877
50000000 1 691440
60000000 1 671858
70000000 1 732245
80000000 1 1211562
90000000 1 911643
100000000 1 1207781

