Experiment
--------------------------------------------
Parameter = tcp_sack
Values [0, 1] with stride 1
Flow sizes = [10000000, 100000000] with stride 10000000
--------------------------------------------
10000000 0 1524901
20000000 0 324089
30000000 0 1647670
40000000 0 495733
50000000 0 2683819
60000000 0 2755724
70000000 0 4715859
80000000 0 2699788
90000000 0 2595513
100000000 0 2943953

10000000 1 247095
20000000 1 359664
30000000 1 404159
40000000 1 479756
50000000 1 575681
60000000 1 831778
70000000 1 728023
80000000 1 1055708
90000000 1 1103717
100000000 1 1239653

