Experiment
--------------------------------------------
Parameter = tcp_mtu_probing
Values [0, 1] with stride 1
Flow sizes = [10000000, 100000000] with stride 10000000
--------------------------------------------
10000000 0 242168
20000000 0 327736
30000000 0 639914
40000000 0 875809
50000000 0 1075631
60000000 0 647933
70000000 0 991655
80000000 0 1271621
90000000 0 947788
100000000 0 1287989

10000000 1 241993
20000000 1 319699
30000000 1 671616
40000000 1 971875
50000000 1 963947
60000000 1 919738
70000000 1 735714
80000000 1 815885
90000000 1 895820
100000000 1 1291341

