Experiment
--------------------------------------------
Parameter = tcp_no_metrics_save
Values [0, 1] with stride 1
Flow sizes = [10000000, 100000000] with stride 10000000
--------------------------------------------
10000000 0 441616
20000000 0 595676
30000000 0 803817
40000000 0 499825
50000000 0 647450
60000000 0 848196
70000000 0 955654
80000000 0 1771624
90000000 0 1103864
100000000 0 1251428

10000000 1 242941
20000000 1 347744
30000000 1 407728
40000000 1 495741
50000000 1 579708
60000000 1 1115789
70000000 1 1056017
80000000 1 1011820
90000000 1 1191735
100000000 1 1643658

