Experiment
--------------------------------------------
Parameter = tcp_window_scaling
Values [0, 1] with stride 1
Flow sizes = [10000000, 100000000] with stride 10000000
--------------------------------------------
10000000 0 240678
20000000 0 323715
30000000 0 411724
40000000 0 591915
50000000 0 663754
60000000 0 967838
70000000 0 1271610
80000000 0 919807
90000000 0 1367943
100000000 0 1519764

10000000 1 243350
20000000 1 323770
30000000 1 407763
40000000 1 487781
50000000 1 1095677
60000000 1 883857
70000000 1 743738
80000000 1 1007771
90000000 1 1151785
100000000 1 1283577

