Experiment
--------------------------------------------
Parameter = tcp_syncookies
Values [0, 1] with stride 1
Flow sizes = [10000000, 100000000] with stride 10000000
--------------------------------------------
10000000 0 246050
20000000 0 335646
30000000 0 592111
40000000 0 487728
50000000 0 559807
60000000 0 1039782
70000000 0 1027508
80000000 0 812086
90000000 0 1163280
100000000 0 1616033

10000000 1 459012
20000000 1 327874
30000000 1 5375852
40000000 1 479678
50000000 1 819534
60000000 1 656009
70000000 1 1443510
80000000 1 1516105
90000000 1 1531532
100000000 1 984085

