Experiment
--------------------------------------------
Parameter = tcp_slow_start_after_idle
Values [0, 1] with stride 1
Flow sizes = [10000, 100000] with stride 10000
--------------------------------------------
10000 0 1122733
20000 0 159878
30000 0 159865
40000 0 159850
50000 0 159838
60000 0 159864
70000 0 159844
80000 0 159862
90000 0 159854
100000 0 159867

10000 1 159047
20000 1 371862
30000 1 159867
40000 1 5163897
50000 1 159849
60000 1 159860
70000 1 159905
80000 1 159850
90000 1 159849
100000 1 159871

