Experiment
--------------------------------------------
Parameter = tcp_fack
Values [0, 1] with stride 1
Flow sizes = [10000, 100000] with stride 10000
--------------------------------------------
10000 0 160388
20000 0 155781
30000 0 159864
40000 0 159851
50000 0 159858
60000 0 159847
70000 0 159855
80000 0 159833
90000 0 159842
100000 0 159844

10000 1 159392
20000 1 155820
30000 1 159862
40000 1 159857
50000 1 159865
60000 1 159853
70000 1 159895
80000 1 159960
90000 1 159881
100000 1 159879

