Experiment
--------------------------------------------
Parameter = tcp_tw_recycle
Values [0, 1] with stride 1
Flow sizes = [10000, 100000] with stride 10000
--------------------------------------------
10000 0 160352
20000 0 159818
30000 0 159868
40000 0 159886
50000 0 159852
60000 0 159870
70000 0 159867
80000 0 159859
90000 0 5163948
100000 0 5131818

10000 1 159319
20000 1 155945
30000 1 155852
40000 1 155832
50000 1 159883
60000 1 163856
70000 1 159886
80000 1 159853
90000 1 159868
100000 1 159829

