Experiment
--------------------------------------------
Parameter = tcp_low_latency
Values [0, 1] with stride 1
Flow sizes = [10000, 100000] with stride 10000
--------------------------------------------
10000 0 163150
20000 0 159867
30000 0 159866
40000 0 159872
50000 0 159842
60000 0 159868
70000 0 159864
80000 0 159858
90000 0 159864
100000 0 159847

10000 1 159301
20000 1 159857
30000 1 159863
40000 1 159845
50000 1 159860
60000 1 159853
70000 1 159878
80000 1 5163932
90000 1 159853
100000 1 159839

