Experiment
--------------------------------------------
Parameter = tcp_mtu_probing
Values [0, 1] with stride 1
Flow sizes = [10000, 100000] with stride 10000
--------------------------------------------
10000 0 169675
20000 0 159829
30000 0 159872
40000 0 159993
50000 0 159881
60000 0 159839
70000 0 159857
80000 0 159862
90000 0 159860
100000 0 159856

10000 1 159022
20000 1 343793
30000 1 159865
40000 1 159855
50000 1 159845
60000 1 160012
70000 1 159846
80000 1 159856
90000 1 159881
100000 1 159879

