Experiment
--------------------------------------------
Parameter = tcp_dsack
Values [0, 1] with stride 1
Flow sizes = [10000, 100000] with stride 10000
--------------------------------------------
10000 0 168302
20000 0 159932
30000 0 155839
40000 0 159835
50000 0 159870
60000 0 159853
70000 0 159891
80000 0 159830
90000 0 159851
100000 0 159849

10000 1 167714
20000 1 159855
30000 1 159864
40000 1 159851
50000 1 159843
60000 1 159858
70000 1 159910
80000 1 159812
90000 1 159845
100000 1 159865

