Experiment
--------------------------------------------
Parameter = tcp_timestamps
Values [0, 1] with stride 1
Flow sizes = [10000, 100000] with stride 10000
--------------------------------------------
10000 0 166931
20000 0 159651
30000 0 159856
40000 0 159862
50000 0 159867
60000 0 159892
70000 0 160014
80000 0 159888
90000 0 159853
100000 0 159898

10000 1 155783
20000 1 159836
30000 1 371999
40000 1 159742
50000 1 159861
60000 1 159859
70000 1 159840
80000 1 159847
90000 1 159869
100000 1 159863

