Experiment
--------------------------------------------
Parameter = tcp_no_metrics_save
Values [0, 1] with stride 1
Flow sizes = [10000, 100000] with stride 10000
--------------------------------------------
10000 0 159287
20000 0 159881
30000 0 159829
40000 0 159851
50000 0 159860
60000 0 159851
70000 0 159870
80000 0 159853
90000 0 159834
100000 0 159856

10000 1 163182
20000 1 155807
30000 1 155998
40000 1 155848
50000 1 155840
60000 1 159794
70000 1 159888
80000 1 159854
90000 1 5163891
100000 1 160012

