Experiment
--------------------------------------------
Parameter = tcp_tw_reuse
Values [0, 1] with stride 1
Flow sizes = [10000, 100000] with stride 10000
--------------------------------------------
10000 0 159525
20000 0 159822
30000 0 159856
40000 0 1123952
50000 0 159862
60000 0 155823
70000 0 159857
80000 0 159852
90000 0 159855
100000 0 159848

10000 1 1155193
20000 1 375827
30000 1 159870
40000 1 159842
50000 1 159856
60000 1 159850
70000 1 159855
80000 1 159885
90000 1 159841
100000 1 159996

