Experiment
--------------------------------------------
Parameter = tcp_window_scaling
Values [0, 1] with stride 1
Flow sizes = [10000, 100000] with stride 10000
--------------------------------------------
10000 0 164054
20000 0 159854
30000 0 159855
40000 0 159869
50000 0 159873
60000 0 159846
70000 0 159855
80000 0 159869
90000 0 367864
100000 0 159860

10000 1 155751
20000 1 155814
30000 1 160009
40000 1 159848
50000 1 159852
60000 1 159861
70000 1 159900
80000 1 159889
90000 1 159842
100000 1 160020

