Experiment
--------------------------------------------
Parameter = tcp_sack
Values [0, 1] with stride 1
Flow sizes = [10000, 100000] with stride 10000
--------------------------------------------
10000 0 169278
20000 0 160122
30000 0 155664
40000 0 159846
50000 0 159856
60000 0 159851
70000 0 159854
80000 0 159851
90000 0 159881
100000 0 159834

10000 1 167797
20000 1 159862
30000 1 159833
40000 1 159839
50000 1 159871
60000 1 159821
70000 1 159877
80000 1 335891
90000 1 159840
100000 1 159854

