Experiment
--------------------------------------------
Parameter = tcp_syncookies
Values [0, 1] with stride 1
Flow sizes = [10000, 100000] with stride 10000
--------------------------------------------
10000 0 163714
20000 0 155905
30000 0 159793
40000 0 159865
50000 0 160028
60000 0 159866
70000 0 159887
80000 0 5163748
90000 0 159964
100000 0 5133385

10000 1 159329
20000 1 155790
30000 1 159867
40000 1 159846
50000 1 159832
60000 1 159866
70000 1 159886
80000 1 159847
90000 1 159850
100000 1 159837

