Experiment
--------------------------------------------
Parameter = tcp_frto_response
Values [0, 1] with stride 1
Flow sizes = [10000, 100000] with stride 10000
--------------------------------------------
10000 0 163830
20000 0 159858
30000 0 159881
40000 0 159842
50000 0 159845
60000 0 159861
70000 0 159834
80000 0 160004
90000 0 159846
100000 0 159835

10000 1 159277
20000 1 155783
30000 1 159852
40000 1 159843
50000 1 159838
60000 1 159872
70000 1 159906
80000 1 159814
90000 1 159905
100000 1 159867

