Experiment
--------------------------------------------
Parameter = tcp_abort_on_overflow
Values [0, 1] with stride 1
Flow sizes = [10000, 100000] with stride 10000
--------------------------------------------
10000 0 159077
20000 0 159803
30000 0 159916
40000 0 159859
50000 0 159885
60000 0 155974
70000 0 159910
80000 0 1155800
90000 0 159821
100000 0 159875

10000 1 159848
20000 1 155947
30000 1 155840
40000 1 336761
50000 1 158829
60000 1 159858
70000 1 159888
80000 1 163852
90000 1 159866
100000 1 159860

