Experiment
--------------------------------------------
Parameter = tcp_synack_retries
Values [1, 5] with stride 1
Flow sizes = [1000000, 100000000] with stride 20000000
--------------------------------------------
1000000 1 168804
21000000 1 340022
41000000 1 515731
61000000 1 679602
81000000 1 859582

1000000 2 167456
21000000 2 335989
41000000 2 515664
61000000 2 687616
81000000 2 851627

1000000 3 167631
21000000 3 335886
41000000 3 515796
61000000 3 687629
81000000 3 859537

1000000 4 167621
21000000 4 335974
41000000 4 507677
61000000 4 683576
81000000 4 855622

1000000 5 167588
21000000 5 331820
41000000 5 507855
61000000 5 683582
81000000 5 855526

