Experiment
--------------------------------------------
Parameter = tcp_syn_retries
Values [1, 5] with stride 1
Flow sizes = [1000000, 100000000] with stride 20000000
--------------------------------------------
1000000 1 169053
21000000 1 336050
41000000 1 499712
61000000 1 687614
81000000 1 855663

1000000 2 167630
21000000 2 339932
41000000 2 507837
61000000 2 679542
81000000 2 859570

1000000 3 171587
21000000 3 332005
41000000 3 515702
61000000 3 679552
81000000 3 855642

1000000 4 167677
21000000 4 327944
41000000 4 511736
61000000 4 683584
81000000 4 859632

1000000 5 167506
21000000 5 336020
41000000 5 515671
61000000 5 687562
81000000 5 859691

