Experiment
--------------------------------------------
Parameter = tcp_adv_win_scale
Values [0, 3] with stride 1
Flow sizes = [1000000, 100000000] with stride 20000000
--------------------------------------------
1000000 0 168570
21000000 0 336089
41000000 0 515779
61000000 0 687683
81000000 0 851748

1000000 1 167513
21000000 1 336107
41000000 1 507726
61000000 1 687683
81000000 1 855646

1000000 2 171728
21000000 2 335953
41000000 2 507798
61000000 2 691659
81000000 2 851755

1000000 3 167464
21000000 3 340083
41000000 3 507725
61000000 3 687638
81000000 3 855721

