Experiment
--------------------------------------------
Parameter = tcp_frto_response
Values [0, 1] with stride 1
Flow sizes = [10000, 100000] with stride 10000
--------------------------------------------
10000 0 163921
20000 0 159841
30000 0 159828
40000 0 159896
50000 0 159836
60000 0 340907
70000 0 158856
80000 0 159850
90000 0 159887
100000 0 159840

10000 1 159122
20000 1 159828
30000 1 159867
40000 1 159856
50000 1 343771
60000 1 155975
70000 1 159851
80000 1 371874
90000 1 159858
100000 1 159850

