Experiment
--------------------------------------------
Parameter = tcp_timestamps
Values [0, 1] with stride 1
Flow sizes = [10000, 100000] with stride 10000
--------------------------------------------
10000 0 160897
20000 0 155843
30000 0 155858
40000 0 159848
50000 0 159850
60000 0 159854
70000 0 159859
80000 0 159865
90000 0 159841
100000 0 159858

10000 1 163799
20000 1 159838
30000 1 159864
40000 1 159851
50000 1 159840
60000 1 159852
70000 1 159845
80000 1 159860
90000 1 5131943
100000 1 159843

