Experiment
--------------------------------------------
Parameter = tcp_mtu_probing
Values [0, 1] with stride 1
Flow sizes = [10000, 100000] with stride 10000
--------------------------------------------
10000 0 159045
20000 0 159828
30000 0 159861
40000 0 159842
50000 0 159840
60000 0 159874
70000 0 159838
80000 0 159854
90000 0 159856
100000 0 159831

10000 1 163028
20000 1 371880
30000 1 159925
40000 1 159807
50000 1 159850
60000 1 159855
70000 1 159859
80000 1 159851
90000 1 159840
100000 1 159855

