Experiment
--------------------------------------------
Parameter = tcp_low_latency
Values [0, 1] with stride 1
Flow sizes = [10000, 100000] with stride 10000
--------------------------------------------
10000 0 163557
20000 0 159815
30000 0 160013
40000 0 159873
50000 0 159853
60000 0 159863
70000 0 159870
80000 0 159849
90000 0 159863
100000 0 159864

10000 1 159132
20000 1 159836
30000 1 159888
40000 1 159860
50000 1 159867
60000 1 159861
70000 1 159859
80000 1 159891
90000 1 159875
100000 1 160122

