Experiment
--------------------------------------------
Parameter = tcp_abort_on_overflow
Values [0, 1] with stride 1
Flow sizes = [10000, 100000] with stride 10000
--------------------------------------------
10000 0 168734
20000 0 160022
30000 0 159897
40000 0 159860
50000 0 159890
60000 0 159859
70000 0 159873
80000 0 375865
90000 0 159873
100000 0 159916

10000 1 339629
20000 1 155960
30000 1 155856
40000 1 155818
50000 1 159850
60000 1 159858
70000 1 159888
80000 1 5131904
90000 1 159842
100000 1 159848

