Experiment
--------------------------------------------
Parameter = tcp_dsack
Values [0, 1] with stride 1
Flow sizes = [10000, 100000] with stride 10000
--------------------------------------------
10000 0 169210
20000 0 159854
30000 0 159867
40000 0 159863
50000 0 159843
60000 0 159860
70000 0 159890
80000 0 159838
90000 0 159861
100000 0 159858

10000 1 159717
20000 1 5132026
30000 1 159789
40000 1 159873
50000 1 159855
60000 1 159841
70000 1 159853
80000 1 159848
90000 1 159848
100000 1 160017

