Experiment
--------------------------------------------
Parameter = tcp_slow_start_after_idle
Values [0, 1] with stride 1
Flow sizes = [10000, 100000] with stride 10000
--------------------------------------------
10000 0 166264
20000 0 159837
30000 0 159856
40000 0 159850
50000 0 5131826
60000 0 159979
70000 0 159882
80000 0 159846
90000 0 159856
100000 0 159849

10000 1 158998
20000 1 159856
30000 1 159882
40000 1 159856
50000 1 159836
60000 1 159844
70000 1 159834
80000 1 159857
90000 1 159863
100000 1 159855

