Experiment
--------------------------------------------
Parameter = tcp_sack
Values [0, 1] with stride 1
Flow sizes = [10000, 100000] with stride 10000
--------------------------------------------
10000 0 169267
20000 0 155959
30000 0 155835
40000 0 159848
50000 0 159857
60000 0 159836
70000 0 159894
80000 0 159829
90000 0 159848
100000 0 367877

10000 1 159714
20000 1 155789
30000 1 159888
40000 1 159872
50000 1 159862
60000 1 159873
70000 1 159864
80000 1 159876
90000 1 159870
100000 1 159876

