Experiment
--------------------------------------------
Parameter = tcp_no_metrics_save
Values [0, 1] with stride 1
Flow sizes = [10000, 100000] with stride 10000
--------------------------------------------
10000 0 167602
20000 0 159850
30000 0 159853
40000 0 159831
50000 0 159877
60000 0 155837
70000 0 159863
80000 0 160008
90000 0 159715
100000 0 159854

10000 1 159167
20000 1 159863
30000 1 159856
40000 1 160000
50000 1 159845
60000 1 159859
70000 1 159864
80000 1 159850
90000 1 159858
100000 1 159871

