Experiment
--------------------------------------------
Parameter = tcp_fack
Values [0, 1] with stride 1
Flow sizes = [10000, 100000] with stride 10000
--------------------------------------------
10000 0 160423
20000 0 155752
30000 0 159880
40000 0 159878
50000 0 159877
60000 0 160166
70000 0 159867
80000 0 159837
90000 0 159844
100000 0 159925

10000 1 159292
20000 1 159853
30000 1 367740
40000 1 375913
50000 1 159914
60000 1 159840
70000 1 159856
80000 1 159840
90000 1 159850
100000 1 159845

