Experiment
--------------------------------------------
Parameter = tcp_tw_reuse
Values [0, 1] with stride 1
Flow sizes = [10000, 100000] with stride 10000
--------------------------------------------
10000 0 159723
20000 0 159822
30000 0 159858
40000 0 159869
50000 0 159857
60000 0 159881
70000 0 159850
80000 0 159846
90000 0 159851
100000 0 159854

10000 1 159242
20000 1 159818
30000 1 159908
40000 1 155820
50000 1 156041
60000 1 155806
70000 1 159855
80000 1 159843
90000 1 159868
100000 1 159825

