Experiment
--------------------------------------------
Parameter = tcp_tw_recycle
Values [0, 1] with stride 1
Flow sizes = [10000, 100000] with stride 10000
--------------------------------------------
10000 0 160565
20000 0 155805
30000 0 155821
40000 0 159849
50000 0 159830
60000 0 159864
70000 0 159858
80000 0 159851
90000 0 159857
100000 0 159820

10000 1 159434
20000 1 159849
30000 1 159842
40000 1 159872
50000 1 155848
60000 1 159866
70000 1 159860
80000 1 159855
90000 1 159859
100000 1 160001

