Experiment
--------------------------------------------
Parameter = tcp_syncookies
Values [0, 1] with stride 1
Flow sizes = [10000, 100000] with stride 10000
--------------------------------------------
10000 0 165955
20000 0 155903
30000 0 159828
40000 0 159875
50000 0 159842
60000 0 159841
70000 0 159861
80000 0 159882
90000 0 159861
100000 0 159856

10000 1 163456
20000 1 159813
30000 1 159850
40000 1 159852
50000 1 155843
60000 1 155989
70000 1 159855
80000 1 159844
90000 1 159850
100000 1 159889

