Experiment
--------------------------------------------
Parameter = tcp_window_scaling
Values [0, 1] with stride 1
Flow sizes = [10000, 100000] with stride 10000
--------------------------------------------
10000 0 373218
20000 0 159839
30000 0 159862
40000 0 159871
50000 0 159889
60000 0 160019
70000 0 159833
80000 0 159878
90000 0 159857
100000 0 159857

10000 1 159735
20000 1 155942
30000 1 159773
40000 1 160010
50000 1 159871
60000 1 159872
70000 1 159898
80000 1 159879
90000 1 159886
100000 1 159864

