Experiment
--------------------------------------------
Parameter = tcp_syn_retries
Values [1, 5] with stride 1
Flow sizes = [1000000, 100000000] with stride 20000000
--------------------------------------------
1000000 1 169171
21000000 1 331843
41000000 1 503882
61000000 1 679592
81000000 1 847679

1000000 2 171609
21000000 2 331874
41000000 2 503841
61000000 2 687645
81000000 2 855564

1000000 3 167659
21000000 3 332008
41000000 3 511735
61000000 3 683650
81000000 3 859726

1000000 4 163586
21000000 4 336038
41000000 4 515752
61000000 4 687640
81000000 4 859543

1000000 5 171663
21000000 5 336030
41000000 5 507707
61000000 5 691589
81000000 5 855774

