Experiment
--------------------------------------------
Parameter = tcp_adv_win_scale
Values [0, 3] with stride 1
Flow sizes = [1000000, 100000000] with stride 20000000
--------------------------------------------
1000000 0 169028
21000000 0 336088
41000000 0 511818
61000000 0 679697
81000000 0 851671

1000000 1 167719
21000000 1 336130
41000000 1 507769
61000000 1 687687
81000000 1 859757

1000000 2 163716
21000000 2 331915
41000000 2 503842
61000000 2 679700
81000000 2 855757

1000000 3 171588
21000000 3 336081
41000000 3 507783
61000000 3 691699
81000000 3 855781

