Experiment
--------------------------------------------
Parameter = tcp_synack_retries
Values [1, 5] with stride 1
Flow sizes = [1000000, 100000000] with stride 20000000
--------------------------------------------
1000000 1 168363
21000000 1 331996
41000000 1 503693
61000000 1 687456
81000000 1 859576

1000000 2 167539
21000000 2 335859
41000000 2 503819
61000000 2 683658
81000000 2 855658

1000000 3 167538
21000000 3 335916
41000000 3 507745
61000000 3 687556
81000000 3 859607

1000000 4 167607
21000000 4 331875
41000000 4 503834
61000000 4 683507
81000000 4 855644

1000000 5 167637
21000000 5 331814
41000000 5 507809
61000000 5 683589
81000000 5 847643

