Experiment
--------------------------------------------
Parameter = tcp_dsack
Values [0, 1] with stride 1
Flow sizes = [10000, 100000] with stride 10000
--------------------------------------------
10000 0 160138
20000 0 155930
30000 0 155833
40000 0 155832
50000 0 159853
60000 0 159856
70000 0 159870
80000 0 159866
90000 0 159865
100000 0 159854

10000 1 159707
20000 1 159818
30000 1 159847
40000 1 159840
50000 1 159855
60000 1 159843
70000 1 159867
80000 1 159839
90000 1 159977
100000 1 159871

