Experiment
--------------------------------------------
Parameter = tcp_window_scaling
Values [0, 1] with stride 1
Flow sizes = [10000, 100000] with stride 10000
--------------------------------------------
10000 0 168601
20000 0 159854
30000 0 159998
40000 0 159846
50000 0 159878
60000 0 159859
70000 0 159843
80000 0 159859
90000 0 159860
100000 0 159851

10000 1 159702
20000 1 159859
30000 1 159862
40000 1 159861
50000 1 159855
60000 1 159871
70000 1 159846
80000 1 159858
90000 1 159902
100000 1 160079

