Experiment
--------------------------------------------
Parameter = tcp_no_metrics_save
Values [0, 1] with stride 1
Flow sizes = [10000, 100000] with stride 10000
--------------------------------------------
10000 0 163335
20000 0 159840
30000 0 159864
40000 0 159859
50000 0 159860
60000 0 159865
70000 0 159862
80000 0 159850
90000 0 159869
100000 0 159866

10000 1 159083
20000 1 159879
30000 1 159855
40000 1 159853
50000 1 159870
60000 1 159848
70000 1 159871
80000 1 159853
90000 1 159854
100000 1 160006

