Experiment
--------------------------------------------
Parameter = tcp_mtu_probing
Values [0, 1] with stride 1
Flow sizes = [10000, 100000] with stride 10000
--------------------------------------------
10000 0 166549
20000 0 159805
30000 0 159866
40000 0 159864
50000 0 159851
60000 0 159851
70000 0 159885
80000 0 159820
90000 0 159892
100000 0 159853

10000 1 159014
20000 1 159834
30000 1 159872
40000 1 159851
50000 1 159851
60000 1 159860
70000 1 5168010
80000 1 159833
90000 1 159826
100000 1 159902

