Experiment
--------------------------------------------
Parameter = tcp_slow_start_after_idle
Values [0, 1] with stride 1
Flow sizes = [10000, 100000] with stride 10000
--------------------------------------------
10000 0 166080
20000 0 159824
30000 0 159863
40000 0 159848
50000 0 159853
60000 0 159846
70000 0 159860
80000 0 159853
90000 0 159821
100000 0 159860

10000 1 155131
20000 1 155708
30000 1 159866
40000 1 160018
50000 1 159853
60000 1 159867
70000 1 339789
80000 1 159998
90000 1 159849
100000 1 159842

