Experiment
--------------------------------------------
Parameter = tcp_abort_on_overflow
Values [0, 1] with stride 1
Flow sizes = [10000, 100000] with stride 10000
--------------------------------------------
10000 0 169303
20000 0 155829
30000 0 159847
40000 0 159855
50000 0 159858
60000 0 159842
70000 0 159924
80000 0 159806
90000 0 160004
100000 0 159846

10000 1 159750
20000 1 155805
30000 1 155797
40000 1 159857
50000 1 159844
60000 1 159856
70000 1 159859
80000 1 159883
90000 1 159883
100000 1 159835

