Experiment
--------------------------------------------
Parameter = tcp_fack
Values [0, 1] with stride 1
Flow sizes = [10000, 100000] with stride 10000
--------------------------------------------
10000 0 158916
20000 0 155751
30000 0 159995
40000 0 159644
50000 0 159879
60000 0 160004
70000 0 160030
80000 0 159869
90000 0 159896
100000 0 159865

10000 1 159385
20000 1 159810
30000 1 159853
40000 1 159845
50000 1 159848
60000 1 159834
70000 1 159866
80000 1 159832
90000 1 159881
100000 1 159844

