Experiment
--------------------------------------------
Parameter = tcp_timestamps
Values [0, 1] with stride 1
Flow sizes = [10000, 100000] with stride 10000
--------------------------------------------
10000 0 159218
20000 0 155696
30000 0 159858
40000 0 159999
50000 0 155829
60000 0 155845
70000 0 159852
80000 0 159859
90000 0 159838
100000 0 159857

10000 1 367775
20000 1 159854
30000 1 159874
40000 1 159850
50000 1 159861
60000 1 159874
70000 1 159855
80000 1 159871
90000 1 159848
100000 1 159861

