Experiment
--------------------------------------------
Parameter = tcp_tw_recycle
Values [0, 1] with stride 1
Flow sizes = [10000, 100000] with stride 10000
--------------------------------------------
10000 0 154944
20000 0 159813
30000 0 159841
40000 0 159865
50000 0 159846
60000 0 159854
70000 0 159857
80000 0 371874
90000 0 159863
100000 0 159844

10000 1 159416
20000 1 159792
30000 1 159848
40000 1 159844
50000 1 159887
60000 1 159852
70000 1 159855
80000 1 159854
90000 1 159866
100000 1 159852

