Experiment
--------------------------------------------
Parameter = tcp_frto_response
Values [0, 1] with stride 1
Flow sizes = [10000, 100000] with stride 10000
--------------------------------------------
10000 0 166978
20000 0 159895
30000 0 375899
40000 0 159845
50000 0 159886
60000 0 155830
70000 0 159990
80000 0 159848
90000 0 159852
100000 0 5167783

10000 1 163087
20000 1 336867
30000 1 158868
40000 1 159853
50000 1 159883
60000 1 159830
70000 1 159871
80000 1 159840
90000 1 159852
100000 1 159864

