Experiment
--------------------------------------------
Parameter = tcp_sack
Values [0, 1] with stride 1
Flow sizes = [10000, 100000] with stride 10000
--------------------------------------------
10000 0 165159
20000 0 159796
30000 0 159856
40000 0 159850
50000 0 159853
60000 0 155974
70000 0 159851
80000 0 159856
90000 0 159854
100000 0 159855

10000 1 163653
20000 1 159858
30000 1 163907
40000 1 159861
50000 1 160026
60000 1 159872
70000 1 5163761
80000 1 159868
90000 1 160026
100000 1 159806

