Experiment
--------------------------------------------
Parameter = tcp_syncookies
Values [0, 1] with stride 1
Flow sizes = [10000, 100000] with stride 10000
--------------------------------------------
10000 0 168029
20000 0 1151796
30000 0 156013
40000 0 155827
50000 0 159855
60000 0 159851
70000 0 159906
80000 0 160102
90000 0 5131665
100000 0 159837

10000 1 167248
20000 1 159838
30000 1 155979
40000 1 155837
50000 1 155831
60000 1 159864
70000 1 159858
80000 1 159854
90000 1 159845
100000 1 159875

