Experiment
--------------------------------------------
Parameter = tcp_low_latency
Values [0, 1] with stride 1
Flow sizes = [10000, 100000] with stride 10000
--------------------------------------------
10000 0 166876
20000 0 159828
30000 0 159870
40000 0 159855
50000 0 159841
60000 0 159855
70000 0 1155974
80000 0 159873
90000 0 159839
100000 0 159844

10000 1 163146
20000 1 159811
30000 1 159847
40000 1 340962
50000 1 158829
60000 1 159846
70000 1 159854
80000 1 159857
90000 1 159847
100000 1 159844

