Experiment
--------------------------------------------
Parameter = tcp_tw_reuse
Values [0, 1] with stride 1
Flow sizes = [10000, 100000] with stride 10000
--------------------------------------------
10000 0 163171
20000 0 159857
30000 0 159861
40000 0 159874
50000 0 159867
60000 0 159870
70000 0 160041
80000 0 159862
90000 0 159867
100000 0 159883

10000 1 159190
20000 1 159865
30000 1 159906
40000 1 335842
50000 1 159832
60000 1 159864
70000 1 159846
80000 1 367915
90000 1 160120
100000 1 159522

