Experiment
--------------------------------------------
Parameter = tcp_no_metrics_save
Values [0, 1] with stride 1
Flow sizes = [10000, 100000] with stride 10000
--------------------------------------------
10000 0 163571
20000 0 159798
30000 0 159845
40000 0 159841
50000 0 159846
60000 0 159844
70000 0 159854
80000 0 159845
90000 0 159847
100000 0 160009

10000 1 163044
20000 1 159812
30000 1 159851
40000 1 159987
50000 1 159846
60000 1 159849
70000 1 159845
80000 1 159861
90000 1 159834
100000 1 159864

