Experiment
--------------------------------------------
Parameter = tcp_syncookies
Values [0, 1] with stride 1
Flow sizes = [10000, 100000] with stride 10000
--------------------------------------------
10000 0 163583
20000 0 159829
30000 0 159850
40000 0 159858
50000 0 159848
60000 0 159877
70000 0 159838
80000 0 159840
90000 0 159853
100000 0 159836

10000 1 159431
20000 1 159972
30000 1 159859
40000 1 159840
50000 1 159841
60000 1 159850
70000 1 159849
80000 1 159852
90000 1 159844
100000 1 159843

