Experiment
--------------------------------------------
Parameter = tcp_sack
Values [0, 1] with stride 1
Flow sizes = [10000, 100000] with stride 10000
--------------------------------------------
10000 0 163686
20000 0 155641
30000 0 159568
40000 0 159992
50000 0 159698
60000 0 159858
70000 0 159694
80000 0 159576
90000 0 159996
100000 0 159698

10000 1 163268
20000 1 155655
30000 1 159684
40000 1 159847
50000 1 159711
60000 1 159852
70000 1 159768
80000 1 159665
90000 1 159843
100000 1 159700

