Experiment
--------------------------------------------
Parameter = tcp_tw_reuse
Values [0, 1] with stride 1
Flow sizes = [10000, 100000] with stride 10000
--------------------------------------------
10000 0 163401
20000 0 159599
30000 0 159847
40000 0 159839
50000 0 159858
60000 0 159882
70000 0 159845
80000 0 159845
90000 0 159845
100000 0 159848

10000 1 163236
20000 1 155822
30000 1 159979
40000 1 159857
50000 1 159867
60000 1 159832
70000 1 159855
80000 1 159848
90000 1 159835
100000 1 159856

