Experiment
--------------------------------------------
Parameter = tcp_abort_on_overflow
Values [0, 1] with stride 1
Flow sizes = [10000, 100000] with stride 10000
--------------------------------------------
10000 0 164882
20000 0 155773
30000 0 159581
40000 0 160019
50000 0 159680
60000 0 159841
70000 0 159696
80000 0 159851
90000 0 159715
100000 0 159710

10000 1 163722
20000 1 155628
30000 1 159551
40000 1 160001
50000 1 159696
60000 1 159864
70000 1 159696
80000 1 159720
90000 1 159823
100000 1 159709

