Experiment
--------------------------------------------
Parameter = tcp_slow_start_after_idle
Values [0, 1] with stride 1
Flow sizes = [10000, 100000] with stride 10000
--------------------------------------------
10000 0 162579
20000 0 159798
30000 0 159841
40000 0 159887
50000 0 159830
60000 0 159858
70000 0 159974
80000 0 159864
90000 0 159847
100000 0 159842

10000 1 158973
20000 1 159809
30000 1 155847
40000 1 159849
50000 1 159838
60000 1 159861
70000 1 159840
80000 1 159850
90000 1 159837
100000 1 159840

