Experiment
--------------------------------------------
Parameter = tcp_tw_recycle
Values [0, 1] with stride 1
Flow sizes = [10000, 100000] with stride 10000
--------------------------------------------
10000 0 163221
20000 0 155627
30000 0 159859
40000 0 159685
50000 0 159842
60000 0 159732
70000 0 159683
80000 0 159856
90000 0 159752
100000 0 159820

10000 1 167163
20000 1 155653
30000 1 159850
40000 1 159708
50000 1 159710
60000 1 159922
70000 1 159664
80000 1 159830
90000 1 159698
100000 1 159713

