Experiment
--------------------------------------------
Parameter = tcp_timestamps
Values [0, 1] with stride 1
Flow sizes = [10000, 100000] with stride 10000
--------------------------------------------
10000 0 162835
20000 0 159742
30000 0 159826
40000 0 159850
50000 0 159846
60000 0 159835
70000 0 159863
80000 0 159846
90000 0 159836
100000 0 159861

10000 1 163659
20000 1 159820
30000 1 159851
40000 1 159857
50000 1 159843
60000 1 159847
70000 1 159853
80000 1 159858
90000 1 159976
100000 1 159851

