Experiment
--------------------------------------------
Parameter = tcp_mtu_probing
Values [0, 1] with stride 1
Flow sizes = [10000, 100000] with stride 10000
--------------------------------------------
10000 0 164916
20000 0 155649
30000 0 159859
40000 0 159680
50000 0 159741
60000 0 159856
70000 0 159679
80000 0 159899
90000 0 159687
100000 0 159688

10000 1 162436
20000 1 155635
30000 1 159880
40000 1 159687
50000 1 159708
60000 1 159857
70000 1 159696
80000 1 159843
90000 1 159715
100000 1 159702

