Experiment
--------------------------------------------
Parameter = tcp_dsack
Values [0, 1] with stride 1
Flow sizes = [10000, 100000] with stride 10000
--------------------------------------------
10000 0 161362
20000 0 159707
30000 0 159856
40000 0 159884
50000 0 159858
60000 0 159872
70000 0 160008
80000 0 159862
90000 0 159865
100000 0 159849

10000 1 159684
20000 1 159833
30000 1 159881
40000 1 159876
50000 1 159851
60000 1 159851
70000 1 159878
80000 1 159841
90000 1 159856
100000 1 159873

