Experiment
--------------------------------------------
Parameter = tcp_window_scaling
Values [0, 1] with stride 1
Flow sizes = [10000, 100000] with stride 10000
--------------------------------------------
10000 0 160597
20000 0 159817
30000 0 159721
40000 0 159701
50000 0 159851
60000 0 159715
70000 0 159841
80000 0 159701
90000 0 159716
100000 0 159857

10000 1 163519
20000 1 155662
30000 1 159833
40000 1 159722
50000 1 159848
60000 1 159762
70000 1 159826
80000 1 159701
90000 1 159747
100000 1 159829

