Experiment
--------------------------------------------
Parameter = tcp_frto_response
Values [0, 1] with stride 1
Flow sizes = [10000, 100000] with stride 10000
--------------------------------------------
10000 0 159368
20000 0 159864
30000 0 159891
40000 0 159877
50000 0 159881
60000 0 160011
70000 0 159887
80000 0 159859
90000 0 159877
100000 0 159872

10000 1 159164
20000 1 159853
30000 1 159870
40000 1 159876
50000 1 159865
60000 1 159907
70000 1 159847
80000 1 159902
90000 1 159853
100000 1 159863

