Experiment
--------------------------------------------
Parameter = tcp_low_latency
Values [0, 1] with stride 1
Flow sizes = [10000, 100000] with stride 10000
--------------------------------------------
10000 0 162742
20000 0 155639
30000 0 159859
40000 0 159709
50000 0 159852
60000 0 159716
70000 0 159570
80000 0 160003
90000 0 159655
100000 0 159852

10000 1 162869
20000 1 155667
30000 1 159856
40000 1 159703
50000 1 159844
60000 1 159769
70000 1 159670
80000 1 159838
90000 1 159721
100000 1 159841

