Experiment
--------------------------------------------
Parameter = tcp_fack
Values [0, 1] with stride 1
Flow sizes = [10000, 100000] with stride 10000
--------------------------------------------
10000 0 158281
20000 0 159767
30000 0 159710
40000 0 159579
50000 0 159990
60000 0 159695
70000 0 159870
80000 0 159693
90000 0 159570
100000 0 160000

10000 1 159014
20000 1 155765
30000 1 159718
40000 1 159551
50000 1 160002
60000 1 159697
70000 1 159896
80000 1 159679
90000 1 159573
100000 1 159993

