10000 1 1163728
20000 1 157494
30000 1 1153489
40000 1 1154256
50000 1 158237
60000 1 159041
70000 1 159892
80000 1 159841
90000 1 159913
100000 1 159798

10000 2 161216
20000 2 158209
30000 2 159862
40000 2 159075
50000 2 1153425
60000 2 158273
70000 2 159870
80000 2 159840
90000 2 159942
100000 2 1195851

10000 3 160368
20000 3 159086
30000 3 159812
40000 3 159047
50000 3 159093
60000 3 1154244
70000 3 159864
80000 3 159840
90000 3 159861
100000 3 160663

10000 4 161181
20000 4 158257
30000 4 194474
40000 4 158860
50000 4 159849
60000 4 159869
70000 4 159870
80000 4 1154259
90000 4 159853
100000 4 159862

10000 5 161201
20000 5 156641
30000 5 157507
40000 5 157443
50000 5 159054
60000 5 159847
70000 5 160659
80000 5 159852
90000 5 159856
100000 5 159864

10000 6 162058
20000 6 159757
30000 6 159857
40000 6 159854
50000 6 159861
60000 6 158494
70000 6 159937
80000 6 159836
90000 6 159821
100000 6 159849

10000 7 1159522
20000 7 158246
30000 7 159085
40000 7 1155053
50000 7 1161469
60000 7 159862
70000 7 159871
80000 7 159880
90000 7 159888
100000 7 159895

10000 8 160305
20000 8 159026
30000 8 158272
40000 8 157505
50000 8 158243
60000 8 158315
70000 8 159821
80000 8 159853
90000 8 159870
100000 8 159863

10000 9 159522
20000 9 158267
30000 9 158279
40000 9 159841
50000 9 159864
60000 9 159851
70000 9 159860
80000 9 159884
90000 9 159891
100000 9 159888

10000 10 1154705
20000 10 159041
30000 10 159071
40000 10 1161453
50000 10 195866
60000 10 159850
70000 10 159862
80000 10 159856
90000 10 1154265
100000 10 160661

