10000 1 166212
20000 1 158256
30000 1 159085
40000 1 159862
50000 1 159043
60000 1 352667
70000 1 159857
80000 1 159860
90000 1 159870
100000 1 159888

10000 2 193943
20000 2 159018
30000 2 195888
40000 2 159879
50000 2 159875
60000 2 159853
70000 2 201497
80000 2 159872
90000 2 159857
100000 2 196077

10000 3 160076
20000 3 159852
30000 3 1352716
40000 3 159045
50000 3 351921
60000 3 159038
70000 3 159854
80000 3 1154292
90000 3 1160650
100000 3 159858

10000 4 159437
20000 4 159839
30000 4 1159865
40000 4 195034
50000 4 159078
60000 4 159065
70000 4 159936
80000 4 1190462
90000 4 159645
100000 4 159873

10000 5 1161825
20000 5 199808
30000 5 159084
40000 5 202283
50000 5 1159811
60000 5 159880
70000 5 159876
80000 5 159883
90000 5 159837
100000 5 159862

10000 6 159409
20000 6 199036
30000 6 159077
40000 6 158301
50000 6 158530
60000 6 158279
70000 6 159853
80000 6 159858
90000 6 159850
100000 6 1161465

10000 7 160250
20000 7 158220
30000 7 196104
40000 7 358878
50000 7 158272
60000 7 159864
70000 7 159868
80000 7 159864
90000 7 159863
100000 7 159881

10000 8 1159383
20000 8 193711
30000 8 159668
40000 8 159882
50000 8 1161459
60000 8 159894
70000 8 160680
80000 8 159875
90000 8 159863
100000 8 159865

10000 9 161001
20000 9 1159847
30000 9 159863
40000 9 1161475
50000 9 159848
60000 9 159889
70000 9 159869
80000 9 159852
90000 9 159868
100000 9 159844

10000 10 157789
20000 10 1158283
30000 10 159866
40000 10 159872
50000 10 159848
60000 10 159888
70000 10 203095
80000 10 159856
90000 10 159876
100000 10 159841

