10000 1 2156978
20000 1 158240
30000 1 158274
40000 1 1159859
50000 1 159866
60000 1 159857
70000 1 159863
80000 1 159862
90000 1 159872
100000 1 159830

10000 2 162070
20000 2 158218
30000 2 193485
40000 2 159046
50000 2 195801
60000 2 159913
70000 2 159856
80000 2 159850
90000 2 159854
100000 2 1154239

10000 3 158907
20000 3 158175
30000 3 1153518
40000 3 158278
50000 3 1154245
60000 3 159054
70000 3 159858
80000 3 159892
90000 3 159870
100000 3 159887

10000 4 354034
20000 4 159040
30000 4 159863
40000 4 159089
50000 4 201473
60000 4 201477
70000 4 159898
80000 4 159848
90000 4 159861
100000 4 159881

10000 5 1154004
20000 5 200665
30000 5 159841
40000 5 202272
50000 5 159847
60000 5 1360721
70000 5 159874
80000 5 159849
90000 5 159858
100000 5 160078

