10000 0 196548
20000 0 159090
30000 0 159911
40000 0 159852
50000 0 159865
60000 0 159866
70000 0 200664
80000 0 1189661
90000 0 159665
100000 0 159862

10000 1 202208
20000 1 158235
30000 1 159861
40000 1 159082
50000 1 159082
60000 1 158237
70000 1 159870
80000 1 159855
90000 1 159870
100000 1 1161466

10000 2 159005
20000 2 159023
30000 2 159041
40000 2 199842
50000 2 159857
60000 2 201458
70000 2 1153702
80000 2 243897
90000 2 159851
100000 2 159863

10000 3 160554
20000 3 157416
30000 3 159070
40000 3 159077
50000 3 159865
60000 3 1154287
70000 3 1196080
80000 3 159851
90000 3 159884
100000 3 159893

10000 4 162114
20000 4 200634
30000 4 159874
40000 4 159925
50000 4 159792
60000 4 159061
70000 4 1154309
80000 4 159855
90000 4 159862
100000 4 203039

10000 5 202325
20000 5 159045
30000 5 159853
40000 5 159851
50000 5 159077
60000 5 159305
70000 5 159900
80000 5 159889
90000 5 1161429
100000 5 201534

