10000 4096 163741
20000 4096 155588
30000 4096 159812
40000 4096 1154181
50000 4096 158961
60000 4096 238390
70000 4096 158786
80000 4096 159734
90000 4096 159761
100000 4096 159784

10000 8192 356348
20000 8192 155696
30000 8192 159835
40000 8192 159746
50000 8192 159795
60000 8192 159742
70000 8192 194950
80000 8192 159796
90000 8192 159716
100000 8192 159854

10000 12288 160342
20000 12288 155652
30000 12288 159061
40000 12288 158124
50000 12288 159818
60000 12288 202130
70000 12288 158181
80000 12288 159796
90000 12288 158926
100000 12288 159847

10000 16384 358421
20000 16384 155754
30000 16384 158967
40000 16384 201377
50000 16384 158158
60000 16384 158961
70000 16384 158965
80000 16384 159805
90000 16384 159732
100000 16384 195815

10000 20480 161196
20000 20480 155677
30000 20480 159841
40000 20480 159733
50000 20480 159007
60000 20480 158942
70000 20480 158935
80000 20480 159810
90000 20480 159735
100000 20480 159806

10000 24576 160452
20000 24576 155712
30000 24576 159790
40000 24576 158919
50000 24576 159800
60000 24576 158939
70000 24576 158949
80000 24576 1203020
90000 24576 159773
100000 24576 159798

10000 28672 159171
20000 28672 155731
30000 28672 358979
40000 28672 159759
50000 28672 1160589
60000 28672 158907
70000 28672 2195765
80000 28672 159800
90000 28672 159777
100000 28672 159763

10000 32768 160288
20000 32768 155711
30000 32768 159780
40000 32768 158936
50000 32768 159810
60000 32768 158961
70000 32768 159759
80000 32768 159789
90000 32768 159736
100000 32768 159771

10000 36864 159387
20000 36864 155703
30000 36864 1160547
40000 36864 159786
50000 36864 194172
60000 36864 195182
70000 36864 193913
80000 36864 159760
90000 36864 159817
100000 36864 159744

10000 40960 195435
20000 40960 155706
30000 40960 158929
40000 40960 159818
50000 40960 159753
60000 40960 158999
70000 40960 201352
80000 40960 1160575
90000 40960 159813
100000 40960 1160516

10000 45056 161045
20000 45056 155700
30000 45056 202143
40000 45056 158945
50000 45056 159015
60000 45056 353370
70000 45056 202950
80000 45056 200610
90000 45056 195730
100000 45056 159804

10000 49152 158733
20000 49152 155657
30000 49152 159855
40000 49152 159726
50000 49152 199773
60000 49152 159767
70000 49152 357340
80000 49152 202212
90000 49152 159757
100000 49152 159791

10000 53248 159411
20000 53248 155713
30000 53248 159813
40000 53248 159753
50000 53248 158998
60000 53248 158941
70000 53248 158134
80000 53248 159809
90000 53248 159759
100000 53248 159814

10000 57344 160125
20000 57344 198073
30000 57344 196629
40000 57344 202185
50000 57344 159758
60000 57344 159767
70000 57344 158937
80000 57344 159768
90000 57344 159788
100000 57344 159766

10000 61440 161861
20000 61440 155746
30000 61440 159765
40000 61440 158975
50000 61440 159777
60000 61440 158917
70000 61440 159787
80000 61440 159775
90000 61440 159793
100000 61440 159769

10000 65536 159412
20000 65536 155720
30000 65536 159800
40000 65536 159772
50000 65536 159795
60000 65536 158920
70000 65536 159815
80000 65536 159741
90000 65536 159779
100000 65536 159794

