10000 1 163673
20000 1 157452
30000 1 159068
40000 1 159894
50000 1 159856
60000 1 159856
70000 1 159867
80000 1 159851
90000 1 159862
100000 1 160130

10000 2 161238
20000 2 158256
30000 2 1154299
40000 2 159078
50000 2 159051
60000 2 195087
70000 2 159849
80000 2 159853
90000 2 159877
100000 2 159851

10000 3 159595
20000 3 159862
30000 3 159888
40000 3 201459
50000 3 159869
60000 3 159090
70000 3 159852
80000 3 159855
90000 3 1202272
100000 3 1347863

10000 4 160392
20000 4 158246
30000 4 201484
40000 4 388121
50000 4 359054
60000 4 159844
70000 4 159859
80000 4 159849
90000 4 159850
100000 4 195072

10000 5 196642
20000 5 157987
30000 5 159097
40000 5 159861
50000 5 159059
60000 5 159081
70000 5 159870
80000 5 159867
90000 5 159865
100000 5 159866

