10000 0 162122
20000 0 159077
30000 0 159829
40000 0 159063
50000 0 159851
60000 0 1161472
70000 0 159867
80000 0 1161433
90000 0 159863
100000 0 159896

10000 1 1154477
20000 1 199040
30000 1 159132
40000 1 1161463
50000 1 201461
60000 1 159864
70000 1 159887
80000 1 159878
90000 1 195045
100000 1 159864

10000 2 1160101
20000 2 159046
30000 2 159091
40000 2 159076
50000 2 159865
60000 2 358240
70000 2 159899
80000 2 159849
90000 2 359070
100000 2 159847

10000 3 160146
20000 3 230417
30000 3 158850
40000 3 158298
50000 3 159881
60000 3 159788
70000 3 159916
80000 3 201421
90000 3 159859
100000 3 202278

10000 4 160938
20000 4 158261
30000 4 159083
40000 4 1201427
50000 4 159869
60000 4 159078
70000 4 196057
80000 4 1160498
90000 4 201480
100000 4 159890

10000 5 160042
20000 5 158234
30000 5 159889
40000 5 159060
50000 5 202248
60000 5 159137
70000 5 159779
80000 5 159898
90000 5 159860
100000 5 159855

10000 6 160071
20000 6 158320
30000 6 157451
40000 6 158274
50000 6 159860
60000 6 159851
70000 6 159870
80000 6 1161494
90000 6 159918
100000 6 159837

10000 7 159465
20000 7 157441
30000 7 195263
40000 7 159647
50000 7 159980
60000 7 159725
70000 7 159868
80000 7 1154271
90000 7 159903
100000 7 159890

10000 8 158484
20000 8 155840
30000 8 158255
40000 8 159070
50000 8 159852
60000 8 159855
70000 8 159853
80000 8 159853
90000 8 359073
100000 8 1154274

10000 9 3342413
20000 9 157399
30000 9 158260
40000 9 158371
50000 9 158185
60000 9 159072
70000 9 159900
80000 9 1154247
90000 9 159870
100000 9 159860

10000 10 158417
20000 10 1194225
30000 10 1153473
40000 10 1152685
50000 10 159046
60000 10 159069
70000 10 159867
80000 10 395026
90000 10 159855
100000 10 159889

