10000 256 164095
20000 256 159082
30000 256 159888
40000 256 1154254
50000 256 202289
60000 256 1154256
70000 256 159860
80000 256 159864
90000 256 159879
100000 256 159862

10000 512 161508
20000 512 1159034
30000 512 159047
40000 512 157470
50000 512 159107
60000 512 201443
70000 512 159903
80000 512 159847
90000 512 1160633
100000 512 159878

10000 768 159823
20000 768 156615
30000 768 158297
40000 768 159071
50000 768 159055
60000 768 159852
70000 768 159869
80000 768 159854
90000 768 159860
100000 768 201474

10000 1024 159856
20000 1024 159023
30000 1024 159857
40000 1024 159318
50000 1024 159044
60000 1024 159850
70000 1024 159867
80000 1024 159859
90000 1024 159879
100000 1024 196072

10000 1280 201295
20000 1280 158243
30000 1280 159064
40000 1280 159865
50000 1280 159852
60000 1280 159870
70000 1280 159861
80000 1280 159860
90000 1280 1154269
100000 1280 159862

10000 1536 159820
20000 1536 1159057
30000 1536 159869
40000 1536 159084
50000 1536 159880
60000 1536 194228
70000 1536 159871
80000 1536 1160652
90000 1536 159890
100000 1536 1154273

10000 1792 162227
20000 1792 159033
30000 1792 159854
40000 1792 159051
50000 1792 159853
60000 1792 159854
70000 1792 159865
80000 1792 159853
90000 1792 159871
100000 1792 159844

10000 2048 1160737
20000 2048 157423
30000 2048 158298
40000 2048 159065
50000 2048 159875
60000 2048 159907
70000 2048 159826
80000 2048 159848
90000 2048 159851
100000 2048 159886

