10000 0 162982
20000 0 158289
30000 0 159067
40000 0 159852
50000 0 1347034
60000 0 159062
70000 0 159884
80000 0 159859
90000 0 159888
100000 0 352681

10000 1 158973
20000 1 156696
30000 1 1159863
40000 1 201454
50000 1 159853
60000 1 159855
70000 1 159860
80000 1 159889
90000 1 1160661
100000 1 1160707

10000 2 161441
20000 2 158238
30000 2 159060
40000 2 159050
50000 2 203895
60000 2 1154264
70000 2 1155068
80000 2 198264
90000 2 159881
100000 2 159847

10000 3 159058
20000 3 156599
30000 3 158278
40000 3 158290
50000 3 159914
60000 3 159031
70000 3 159867
80000 3 159853
90000 3 159849
100000 3 159815

