Experiment
--------------------------------------------
Parameter = tcp_tw_recycle
Values [0, 1] with stride 1
Flow sizes = [10000, 100000] with stride 10000
--------------------------------------------
10000 0 164459
20000 0 159840
30000 0 160051
40000 0 159645
50000 0 159845
60000 0 159849
70000 0 159846
80000 0 159862
90000 0 159845
100000 0 159844

10000 1 163362
20000 1 155821
30000 1 159862
40000 1 159892
50000 1 159827
60000 1 160008
70000 1 159837
80000 1 159846
90000 1 159862
100000 1 159841

