Experiment
--------------------------------------------
Parameter = tcp_mtu_probing
Values [0, 1] with stride 1
Flow sizes = [10000, 100000] with stride 10000
--------------------------------------------
10000 0 159804
20000 0 155646
30000 0 159846
40000 0 159709
50000 0 159558
60000 0 160008
70000 0 159753
80000 0 159832
90000 0 159749
100000 0 159525

10000 1 158822
20000 1 155626
30000 1 159848
40000 1 159730
50000 1 159556
60000 1 160035
70000 1 159750
80000 1 159825
90000 1 159747
100000 1 159525

