Experiment
--------------------------------------------
Parameter = tcp_slow_start_after_idle
Values [0, 1] with stride 1
Flow sizes = [10000, 100000] with stride 10000
--------------------------------------------
10000 0 162683
20000 0 155824
30000 0 159848
40000 0 159858
50000 0 159842
60000 0 159845
70000 0 159851
80000 0 159847
90000 0 159845
100000 0 159852

10000 1 163040
20000 1 159800
30000 1 159859
40000 1 159839
50000 1 159838
60000 1 159862
70000 1 159863
80000 1 160003
90000 1 159827
100000 1 159855

