Experiment
--------------------------------------------
Parameter = tcp_fack
Values [0, 1] with stride 1
Flow sizes = [10000, 100000] with stride 10000
--------------------------------------------
10000 0 160300
20000 0 159753
30000 0 159881
40000 0 159867
50000 0 159860
60000 0 159982
70000 0 159858
80000 0 159855
90000 0 159835
100000 0 159862

10000 1 163292
20000 1 155816
30000 1 159861
40000 1 159858
50000 1 159839
60000 1 159853
70000 1 159868
80000 1 159882
90000 1 159835
100000 1 159848

