Experiment
--------------------------------------------
Parameter = tcp_low_latency
Values [0, 1] with stride 1
Flow sizes = [10000, 100000] with stride 10000
--------------------------------------------
10000 0 163380
20000 0 155965
30000 0 159846
40000 0 159851
50000 0 159864
60000 0 159835
70000 0 159864
80000 0 159839
90000 0 159857
100000 0 159870

10000 1 159089
20000 1 159822
30000 1 159869
40000 1 160135
50000 1 159583
60000 1 159849
70000 1 159844
80000 1 159864
90000 1 159856
100000 1 159836

