Experiment
--------------------------------------------
Parameter = tcp_window_scaling
Values [0, 1] with stride 1
Flow sizes = [10000, 100000] with stride 10000
--------------------------------------------
10000 0 161164
20000 0 159836
30000 0 159873
40000 0 159826
50000 0 159857
60000 0 159860
70000 0 159849
80000 0 159858
90000 0 159835
100000 0 160023

10000 1 163679
20000 1 155936
30000 1 159838
40000 1 159863
50000 1 159854
60000 1 159841
70000 1 159859
80000 1 159840
90000 1 159844
100000 1 159839

