Experiment
--------------------------------------------
Parameter = tcp_timestamps
Values [0, 1] with stride 1
Flow sizes = [10000, 100000] with stride 10000
--------------------------------------------
10000 0 160313
20000 0 159751
30000 0 159842
40000 0 159835
50000 0 160179
60000 0 159658
70000 0 159869
80000 0 159855
90000 0 159850
100000 0 159846

10000 1 159793
20000 1 155822
30000 1 159856
40000 1 159842
50000 1 159858
60000 1 159830
70000 1 159870
80000 1 159855
90000 1 159848
100000 1 159836

