Experiment
--------------------------------------------
Parameter = tcp_frto_response
Values [0, 1] with stride 1
Flow sizes = [10000, 100000] with stride 10000
--------------------------------------------
10000 0 155516
20000 0 159838
30000 0 159838
40000 0 159858
50000 0 159843
60000 0 159849
70000 0 159841
80000 0 159989
90000 0 159855
100000 0 159835

10000 1 158980
20000 1 155967
30000 1 159855
40000 1 159849
50000 1 159840
60000 1 159858
70000 1 159851
80000 1 159837
90000 1 159899
100000 1 159836

