Experiment
--------------------------------------------
Parameter = tcp_syncookies
Values [0, 1] with stride 1
Flow sizes = [10000, 100000] with stride 10000
--------------------------------------------
10000 0 163512
20000 0 159810
30000 0 159862
40000 0 159853
50000 0 160001
60000 0 159841
70000 0 159842
80000 0 159860
90000 0 159854
100000 0 159836

10000 1 159425
20000 1 159794
30000 1 159839
40000 1 159871
50000 1 159835
60000 1 159855
70000 1 159856
80000 1 159848
90000 1 159831
100000 1 159872

