Experiment
--------------------------------------------
Parameter = tcp_no_metrics_save
Values [0, 1] with stride 1
Flow sizes = [10000, 100000] with stride 10000
--------------------------------------------
10000 0 158018
20000 0 155636
30000 0 159859
40000 0 159712
50000 0 159850
60000 0 159722
70000 0 159701
80000 0 159848
90000 0 159744
100000 0 159815

10000 1 162935
20000 1 155682
30000 1 159869
40000 1 159716
50000 1 159710
60000 1 159857
70000 1 159720
80000 1 159839
90000 1 159709
100000 1 159551

