Experiment
--------------------------------------------
Parameter = tcp_abort_on_overflow
Values [0, 1] with stride 1
Flow sizes = [10000, 100000] with stride 10000
--------------------------------------------
10000 0 163727
20000 0 155640
30000 0 159863
40000 0 159700
50000 0 159732
60000 0 159830
70000 0 159708
80000 0 159852
90000 0 159696
100000 0 159706

10000 1 163629
20000 1 155643
30000 1 159524
40000 1 159993
50000 1 159697
60000 1 159898
70000 1 159687
80000 1 159567
90000 1 160011
100000 1 159711

