Experiment
--------------------------------------------
Parameter = tcp_sack
Values [0, 1] with stride 1
Flow sizes = [10000, 100000] with stride 10000
--------------------------------------------
10000 0 160561
20000 0 159793
30000 0 159852
40000 0 159850
50000 0 159869
60000 0 159828
70000 0 159878
80000 0 159847
90000 0 159836
100000 0 159844

10000 1 159714
20000 1 159825
30000 1 159875
40000 1 159823
50000 1 159863
60000 1 159841
70000 1 159845
80000 1 159884
90000 1 159829
100000 1 160000

