Experiment
--------------------------------------------
Parameter = tcp_tw_reuse
Values [0, 1] with stride 1
Flow sizes = [10000, 100000] with stride 10000
--------------------------------------------
10000 0 158420
20000 0 155752
30000 0 159708
40000 0 159844
50000 0 159710
60000 0 159751
70000 0 159822
80000 0 159716
90000 0 159842
100000 0 159696

10000 1 158665
20000 1 155741
30000 1 159714
40000 1 159840
50000 1 159713
60000 1 159695
70000 1 159869
80000 1 159698
90000 1 159845
100000 1 159748

