Experiment
--------------------------------------------
Parameter = tcp_dsack
Values [0, 1] with stride 1
Flow sizes = [10000, 100000] with stride 10000
--------------------------------------------
10000 0 161099
20000 0 159779
30000 0 159861
40000 0 159845
50000 0 160137
60000 0 159571
70000 0 159845
80000 0 160031
90000 0 159832
100000 0 159849

10000 1 159781
20000 1 155789
30000 1 159854
40000 1 159829
50000 1 159851
60000 1 159851
70000 1 159924
80000 1 159805
90000 1 159848
100000 1 159857

