Experiment
--------------------------------------------
Parameter = tcp_fack
Values [0, 1] with stride 1
Flow sizes = [10000, 100000] with stride 10000
--------------------------------------------
10000 0 159995
20000 0 159848
30000 0 159850
40000 0 159835
50000 0 159860
60000 0 159847
70000 0 159847
80000 0 5163940
90000 0 159830
100000 0 159865

10000 1 159307
20000 1 159828
30000 1 336928
40000 1 158847
50000 1 159854
60000 1 159862
70000 1 159867
80000 1 159835
90000 1 159924
100000 1 159811

