Experiment
--------------------------------------------
Parameter = tcp_dsack
Values [0, 1] with stride 1
Flow sizes = [10000, 100000] with stride 10000
--------------------------------------------
10000 0 168870
20000 0 155812
30000 0 155987
40000 0 159863
50000 0 159841
60000 0 159886
70000 0 159862
80000 0 159860
90000 0 159850
100000 0 159869

10000 1 159682
20000 1 159829
30000 1 159859
40000 1 159887
50000 1 159852
60000 1 159889
70000 1 160027
80000 1 159865
90000 1 159931
100000 1 159845

