Experiment
--------------------------------------------
Parameter = tcp_mtu_probing
Values [0, 1] with stride 1
Flow sizes = [10000, 100000] with stride 10000
--------------------------------------------
10000 0 166063
20000 0 155774
30000 0 159871
40000 0 159848
50000 0 159858
60000 0 159843
70000 0 159864
80000 0 159887
90000 0 159856
100000 0 159841

10000 1 155150
20000 1 155693
30000 1 159874
40000 1 160027
50000 1 159868
60000 1 159858
70000 1 5163773
80000 1 159970
90000 1 159849
100000 1 159853

