Experiment
--------------------------------------------
Parameter = tcp_low_latency
Values [0, 1] with stride 1
Flow sizes = [10000, 100000] with stride 10000
--------------------------------------------
10000 0 163456
20000 0 159939
30000 0 159856
40000 0 159854
50000 0 159870
60000 0 159920
70000 0 159842
80000 0 159871
90000 0 159883
100000 0 159852

10000 1 159144
20000 1 159793
30000 1 159858
40000 1 159833
50000 1 155973
60000 1 159847
70000 1 159858
80000 1 159750
90000 1 160013
100000 1 159845

