Experiment
--------------------------------------------
Parameter = tcp_tw_reuse
Values [0, 1] with stride 1
Flow sizes = [10000, 100000] with stride 10000
--------------------------------------------
10000 0 167939
20000 0 159833
30000 0 159877
40000 0 159869
50000 0 159860
60000 0 159852
70000 0 159857
80000 0 159865
90000 0 159854
100000 0 5163949

10000 1 159048
20000 1 159826
30000 1 159856
40000 1 159856
50000 1 159841
60000 1 159842
70000 1 159862
80000 1 159848
90000 1 160012
100000 1 159855

