Experiment
--------------------------------------------
Parameter = tcp_slow_start_after_idle
Values [0, 1] with stride 1
Flow sizes = [10000, 100000] with stride 10000
--------------------------------------------
10000 0 162381
20000 0 163852
30000 0 159857
40000 0 159906
50000 0 159819
60000 0 155994
70000 0 159879
80000 0 159743
90000 0 159864
100000 0 159980

10000 1 166889
20000 1 159885
30000 1 159974
40000 1 155825
50000 1 159863
60000 1 159854
70000 1 159846
80000 1 159845
90000 1 159855
100000 1 159870

