Experiment
--------------------------------------------
Parameter = tcp_window_scaling
Values [0, 1] with stride 1
Flow sizes = [10000, 100000] with stride 10000
--------------------------------------------
10000 0 169250
20000 0 159837
30000 0 159880
40000 0 159859
50000 0 159863
60000 0 159836
70000 0 159917
80000 0 159820
90000 0 159865
100000 0 159854

10000 1 155866
20000 1 159862
30000 1 159860
40000 1 159855
50000 1 159861
60000 1 159855
70000 1 159848
80000 1 159868
90000 1 159871
100000 1 159842

