Experiment
--------------------------------------------
Parameter = tcp_abort_on_overflow
Values [0, 1] with stride 1
Flow sizes = [10000, 100000] with stride 10000
--------------------------------------------
10000 0 161479
20000 0 163839
30000 0 159875
40000 0 159874
50000 0 159837
60000 0 159841
70000 0 159849
80000 0 159896
90000 0 159860
100000 0 159847

10000 1 163814
20000 1 159840
30000 1 159863
40000 1 159862
50000 1 159867
60000 1 159876
70000 1 159867
80000 1 159858
90000 1 159862
100000 1 159990

