Experiment
--------------------------------------------
Parameter = tcp_tw_recycle
Values [0, 1] with stride 1
Flow sizes = [10000, 100000] with stride 10000
--------------------------------------------
10000 0 159987
20000 0 159838
30000 0 159857
40000 0 159836
50000 0 155996
60000 0 155837
70000 0 159855
80000 0 159833
90000 0 159868
100000 0 159814

10000 1 159440
20000 1 159838
30000 1 159853
40000 1 159862
50000 1 159849
60000 1 159844
70000 1 159857
80000 1 159847
90000 1 159847
100000 1 159841

