Experiment
--------------------------------------------
Parameter = tcp_frto_response
Values [0, 1] with stride 1
Flow sizes = [10000, 100000] with stride 10000
--------------------------------------------
10000 0 159752
20000 0 159837
30000 0 159836
40000 0 159828
50000 0 159874
60000 0 159866
70000 0 159844
80000 0 159859
90000 0 159852
100000 0 159848

10000 1 159231
20000 1 159844
30000 1 159853
40000 1 159846
50000 1 155989
60000 1 159705
70000 1 159877
80000 1 159832
90000 1 160024
100000 1 371745

