Experiment
--------------------------------------------
Parameter = tcp_no_metrics_save
Values [0, 1] with stride 1
Flow sizes = [10000, 100000] with stride 10000
--------------------------------------------
10000 0 167321
20000 0 159852
30000 0 159861
40000 0 159866
50000 0 159843
60000 0 159869
70000 0 159870
80000 0 159843
90000 0 159850
100000 0 159860

10000 1 155151
20000 1 155945
30000 1 159859
40000 1 159860
50000 1 159872
60000 1 159878
70000 1 159842
80000 1 159849
90000 1 159893
100000 1 159862

