Experiment
--------------------------------------------
Parameter = tcp_syncookies
Values [0, 1] with stride 1
Flow sizes = [10000, 100000] with stride 10000
--------------------------------------------
10000 0 159505
20000 0 159862
30000 0 159871
40000 0 160148
50000 0 159891
60000 0 159883
70000 0 159863
80000 0 159871
90000 0 159884
100000 0 159880

10000 1 159426
20000 1 159805
30000 1 159859
40000 1 159822
50000 1 159875
60000 1 159851
70000 1 159851
80000 1 159844
90000 1 160011
100000 1 159856

