Experiment
--------------------------------------------
Parameter = tcp_sack
Values [0, 1] with stride 1
Flow sizes = [10000, 100000] with stride 10000
--------------------------------------------
10000 0 372824
20000 0 155773
30000 0 159849
40000 0 159838
50000 0 159855
60000 0 159841
70000 0 5131964
80000 0 159852
90000 0 159850
100000 0 159722

10000 1 159814
20000 1 155811
30000 1 159847
40000 1 159865
50000 1 159831
60000 1 159861
70000 1 371893
80000 1 159857
90000 1 159852
100000 1 159866

