Experiment
--------------------------------------------
Parameter = tcp_timestamps
Values [0, 1] with stride 1
Flow sizes = [10000, 100000] with stride 10000
--------------------------------------------
10000 0 5165183
20000 0 155705
30000 0 159859
40000 0 159841
50000 0 159858
60000 0 159864
70000 0 159853
80000 0 159849
90000 0 159864
100000 0 159863

10000 1 159763
20000 1 159852
30000 1 159894
40000 1 159854
50000 1 159861
60000 1 367881
70000 1 159841
80000 1 159861
90000 1 159880
100000 1 159857

