Experiment
--------------------------------------------
Parameter = tcp_adv_win_scale
Values [0, 3] with stride 1
Flow sizes = [1000000, 100000000] with stride 20000000
--------------------------------------------
1000000 0 165092
21000000 0 335980
41000000 0 507906
61000000 0 679704
81000000 0 847741

1000000 1 167696
21000000 1 331948
41000000 1 507972
61000000 1 679709
81000000 1 859776

1000000 2 167590
21000000 2 336080
41000000 2 503664
61000000 2 691713
81000000 2 851728

1000000 3 171767
21000000 3 335946
41000000 3 507908
61000000 3 679632
81000000 3 855764

