Experiment
--------------------------------------------
Parameter = tcp_syn_retries
Values [1, 5] with stride 1
Flow sizes = [1000000, 100000000] with stride 20000000
--------------------------------------------
1000000 1 176852
21000000 1 331939
41000000 1 507824
61000000 1 679648
81000000 1 851704

1000000 2 167632
21000000 2 331866
41000000 2 507861
61000000 2 683675
81000000 2 859557

1000000 3 171594
21000000 3 335961
41000000 3 507723
61000000 3 679935
81000000 3 859411

1000000 4 167677
21000000 4 331790
41000000 4 511868
61000000 4 679636
81000000 4 855455

1000000 5 163639
21000000 5 327944
41000000 5 507876
61000000 5 691503
81000000 5 855662

