Experiment
--------------------------------------------
Parameter = tcp_synack_retries
Values [1, 5] with stride 1
Flow sizes = [1000000, 100000000] with stride 20000000
--------------------------------------------
1000000 1 169069
21000000 1 335877
41000000 1 507860
61000000 1 687506
81000000 1 851722

1000000 2 167467
21000000 2 340036
41000000 2 515708
61000000 2 679572
81000000 2 855619

1000000 3 167676
21000000 3 331840
41000000 3 515837
61000000 3 687620
81000000 3 855528

1000000 4 167640
21000000 4 331980
41000000 4 515610
61000000 4 679643
81000000 4 851601

1000000 5 167604
21000000 5 339793
41000000 5 515693
61000000 5 683903
81000000 5 851376

