Experiment
--------------------------------------------
Parameter = tcp_timestamps
Values [0, 1] with stride 1
Flow sizes = [10000, 100000] with stride 10000
--------------------------------------------
10000 0 166176
20000 0 155937
30000 0 155630
40000 0 159857
50000 0 159846
60000 0 159853
70000 0 159854
80000 0 159846
90000 0 159843
100000 0 159856

10000 1 167706
20000 1 159842
30000 1 159887
40000 1 159846
50000 1 159874
60000 1 159862
70000 1 159855
80000 1 375917
90000 1 159842
100000 1 159834

