Experiment
--------------------------------------------
Parameter = tcp_slow_start_after_idle
Values [0, 1] with stride 1
Flow sizes = [10000, 100000] with stride 10000
--------------------------------------------
10000 0 166766
20000 0 159863
30000 0 159879
40000 0 159874
50000 0 159880
60000 0 159872
70000 0 160035
80000 0 159715
90000 0 159863
100000 0 159882

10000 1 159161
20000 1 155786
30000 1 159889
40000 1 159877
50000 1 159852
60000 1 159840
70000 1 159909
80000 1 159837
90000 1 159889
100000 1 159873

