Experiment
--------------------------------------------
Parameter = tcp_dsack
Values [0, 1] with stride 1
Flow sizes = [10000, 100000] with stride 10000
--------------------------------------------
10000 0 161131
20000 0 155857
30000 0 159887
40000 0 159872
50000 0 160027
60000 0 159882
70000 0 160009
80000 0 159875
90000 0 159876
100000 0 159869

10000 1 159758
20000 1 159832
30000 1 159870
40000 1 159824
50000 1 159858
60000 1 159855
70000 1 159911
80000 1 159873
90000 1 159866
100000 1 159845

