Experiment
--------------------------------------------
Parameter = tcp_sack
Values [0, 1] with stride 1
Flow sizes = [10000, 100000] with stride 10000
--------------------------------------------
10000 0 169137
20000 0 155957
30000 0 159766
40000 0 159852
50000 0 372028
60000 0 159839
70000 0 5131762
80000 0 159871
90000 0 159863
100000 0 159860

10000 1 159673
20000 1 159826
30000 1 159895
40000 1 159847
50000 1 159854
60000 1 159879
70000 1 159850
80000 1 159853
90000 1 159862
100000 1 159868

