Experiment
--------------------------------------------
Parameter = tcp_fack
Values [0, 1] with stride 1
Flow sizes = [10000, 100000] with stride 10000
--------------------------------------------
10000 0 160039
20000 0 159825
30000 0 159845
40000 0 159837
50000 0 159857
60000 0 159860
70000 0 159893
80000 0 159818
90000 0 159848
100000 0 5163910

10000 1 163301
20000 1 5131745
30000 1 155975
40000 1 155830
50000 1 155825
60000 1 159845
70000 1 159872
80000 1 159836
90000 1 159857
100000 1 159865

