Experiment
--------------------------------------------
Parameter = tcp_tw_reuse
Values [0, 1] with stride 1
Flow sizes = [10000, 100000] with stride 10000
--------------------------------------------
10000 0 168028
20000 0 159802
30000 0 159851
40000 0 159926
50000 0 159844
60000 0 159892
70000 0 159861
80000 0 159871
90000 0 159882
100000 0 159870

10000 1 159186
20000 1 155848
30000 1 155973
40000 1 155808
50000 1 5131847
60000 1 159852
70000 1 159852
80000 1 159839
90000 1 159815
100000 1 159867

