Experiment
--------------------------------------------
Parameter = tcp_syncookies
Values [0, 1] with stride 1
Flow sizes = [10000, 100000] with stride 10000
--------------------------------------------
10000 0 159652
20000 0 156063
30000 0 159845
40000 0 159840
50000 0 375900
60000 0 155838
70000 0 159922
80000 0 159881
90000 0 159862
100000 0 159878

10000 1 163444
20000 1 159766
30000 1 159922
40000 1 159805
50000 1 159846
60000 1 159854
70000 1 159863
80000 1 159839
90000 1 159857
100000 1 5131922

