Experiment
--------------------------------------------
Parameter = tcp_window_scaling
Values [0, 1] with stride 1
Flow sizes = [10000, 100000] with stride 10000
--------------------------------------------
10000 0 168626
20000 0 159844
30000 0 159876
40000 0 159860
50000 0 159882
60000 0 159857
70000 0 5131950
80000 0 159826
90000 0 159861
100000 0 159850

10000 1 159663
20000 1 159818
30000 1 339851
40000 1 159870
50000 1 159875
60000 1 160027
70000 1 159873
80000 1 159878
90000 1 159880
100000 1 159861

