Experiment
--------------------------------------------
Parameter = tcp_tw_recycle
Values [0, 1] with stride 1
Flow sizes = [10000, 100000] with stride 10000
--------------------------------------------
10000 0 162579
20000 0 155829
30000 0 155848
40000 0 155976
50000 0 336949
60000 0 158854
70000 0 159850
80000 0 159841
90000 0 159797
100000 0 159857

10000 1 159394
20000 1 159835
30000 1 159886
40000 1 159872
50000 1 159890
60000 1 159927
70000 1 159907
80000 1 159813
90000 1 159861
100000 1 159880

