Experiment
--------------------------------------------
Parameter = tcp_abort_on_overflow
Values [0, 1] with stride 1
Flow sizes = [10000, 100000] with stride 10000
--------------------------------------------
10000 0 165229
20000 0 159798
30000 0 159832
40000 0 159857
50000 0 159822
60000 0 155841
70000 0 159877
80000 0 159980
90000 0 159862
100000 0 159833

10000 1 159818
20000 1 155793
30000 1 159836
40000 1 159873
50000 1 159837
60000 1 159866
70000 1 5131833
80000 1 159980
90000 1 159828
100000 1 159863

