Experiment
--------------------------------------------
Parameter = tcp_low_latency
Values [0, 1] with stride 1
Flow sizes = [10000, 100000] with stride 10000
--------------------------------------------
10000 0 160309
20000 0 155787
30000 0 155860
40000 0 155843
50000 0 156001
60000 0 159838
70000 0 5131792
80000 0 159842
90000 0 159859
100000 0 159860

10000 1 159022
20000 1 159829
30000 1 159878
40000 1 159852
50000 1 159861
60000 1 159870
70000 1 159860
80000 1 160006
90000 1 159840
100000 1 159860

