Experiment
--------------------------------------------
Parameter = tcp_frto_response
Values [0, 1] with stride 1
Flow sizes = [10000, 100000] with stride 10000
--------------------------------------------
10000 0 158512
20000 0 155777
30000 0 159861
40000 0 159856
50000 0 159857
60000 0 155827
70000 0 159819
80000 0 159851
90000 0 160059
100000 0 159853

10000 1 335024
20000 1 155905
30000 1 155958
40000 1 159876
50000 1 155819
60000 1 159856
70000 1 159869
80000 1 159841
90000 1 159857
100000 1 159841

