Experiment
--------------------------------------------
Parameter = tcp_no_metrics_save
Values [0, 1] with stride 1
Flow sizes = [10000, 100000] with stride 10000
--------------------------------------------
10000 0 167136
20000 0 159863
30000 0 159877
40000 0 159880
50000 0 159976
60000 0 159833
70000 0 159889
80000 0 159842
90000 0 159834
100000 0 159839

10000 1 1123036
20000 1 159841
30000 1 155823
40000 1 155984
50000 1 155836
60000 1 5163767
70000 1 159858
80000 1 159994
90000 1 159832
100000 1 159847

