Experiment
--------------------------------------------
Parameter = tcp_mtu_probing
Values [0, 1] with stride 1
Flow sizes = [10000, 100000] with stride 10000
--------------------------------------------
10000 0 162316
20000 0 155789
30000 0 159866
40000 0 159860
50000 0 159843
60000 0 159811
70000 0 159867
80000 0 159856
90000 0 159853
100000 0 159858

10000 1 159020
20000 1 159931
30000 1 159838
40000 1 159891
50000 1 159836
60000 1 155966
70000 1 159799
80000 1 159879
90000 1 159865
100000 1 160013

