Experiment
--------------------------------------------
Parameter = tcp_window_scaling
Values [0, 1] with stride 1
Flow sizes = [10000000, 100000000] with stride 10000000
--------------------------------------------
10000000 0 243284
20000000 0 359815
30000000 0 667804
40000000 0 559691
50000000 0 967957
60000000 0 1523686
70000000 0 1615714
80000000 0 1871746
90000000 0 1383717
100000000 0 1491948

10000000 1 243307
20000000 1 819609
30000000 1 808012
40000000 1 5467742
50000000 1 563968
60000000 1 1163591
70000000 1 763806
80000000 1 1467913
90000000 1 1015446
100000000 1 991908

