Experiment
--------------------------------------------
Parameter = tcp_slow_start_after_idle
Values [0, 1] with stride 1
Flow sizes = [10000000, 100000000] with stride 10000000
--------------------------------------------
10000000 0 435524
20000000 0 5491878
30000000 0 647917
40000000 0 491553
50000000 0 1331701
60000000 0 675790
70000000 0 979850
80000000 0 1115662
90000000 0 1107801
100000000 0 1099482

10000000 1 246427
20000000 1 315886
30000000 1 407661
40000000 1 1091797
50000000 1 599577
60000000 1 1223720
70000000 1 799896
80000000 1 816141
90000000 1 1091717
100000000 1 1495778

