Experiment
--------------------------------------------
Parameter = tcp_no_metrics_save
Values [0, 1] with stride 1
Flow sizes = [10000000, 100000000] with stride 10000000
--------------------------------------------
10000000 0 244872
20000000 0 323967
30000000 0 471451
40000000 0 928063
50000000 0 667603
60000000 0 660128
70000000 0 731674
80000000 0 1276621
90000000 0 906971
100000000 0 995726

10000000 1 242064
20000000 1 319757
30000000 1 639624
40000000 1 484041
50000000 1 575493
60000000 1 667838
70000000 1 1251812
80000000 1 1263871
90000000 1 923752
100000000 1 1531588

