Experiment
--------------------------------------------
Parameter = tcp_abort_on_overflow
Values [0, 1] with stride 1
Flow sizes = [10000000, 100000000] with stride 10000000
--------------------------------------------
10000000 0 244442
20000000 0 327758
30000000 0 607558
40000000 0 1256003
50000000 0 575550
60000000 0 871979
70000000 0 739478
80000000 0 1144043
90000000 0 943809
100000000 0 1255614

10000000 1 243309
20000000 1 319781
30000000 1 407916
40000000 1 683860
50000000 1 571618
60000000 1 655741
70000000 1 727897
80000000 1 839639
90000000 1 1371428
100000000 1 1508198

