Experiment
--------------------------------------------
Parameter = tcp_dsack
Values [0, 1] with stride 1
Flow sizes = [10000000, 100000000] with stride 10000000
--------------------------------------------
10000000 0 236070
20000000 0 319884
30000000 0 699702
40000000 0 695906
50000000 0 835520
60000000 0 1135792
70000000 0 735919
80000000 0 1211907
90000000 0 899718
100000000 0 1599855

10000000 1 242746
20000000 1 347650
30000000 1 404047
40000000 1 583412
50000000 1 1536101
60000000 1 651730
70000000 1 755663
80000000 1 1299603
90000000 1 923744
100000000 1 996121

