Experiment
--------------------------------------------
Parameter = tcp_mtu_probing
Values [0, 1] with stride 1
Flow sizes = [10000000, 100000000] with stride 10000000
--------------------------------------------
10000000 0 242948
20000000 0 319654
30000000 0 404064
40000000 0 499675
50000000 0 575625
60000000 0 991794
70000000 0 1231873
80000000 0 1651763
90000000 0 923678
100000000 0 1227445

10000000 1 242698
20000000 1 323803
30000000 1 459572
40000000 1 1055862
50000000 1 571880
60000000 1 859796
70000000 1 919855
80000000 1 1043844
90000000 1 1079705
100000000 1 1271625

