Experiment
--------------------------------------------
Parameter = tcp_fack
Values [0, 1] with stride 1
Flow sizes = [10000000, 100000000] with stride 10000000
--------------------------------------------
10000000 0 246307
20000000 0 583656
30000000 0 404042
40000000 0 691587
50000000 0 832067
60000000 0 1135486
70000000 0 1027650
80000000 0 828047
90000000 0 1703586
100000000 0 1051595

10000000 1 438972
20000000 1 319894
30000000 1 655682
40000000 1 495866
50000000 1 571698
60000000 1 663604
70000000 1 904034
80000000 1 827642
90000000 1 1079981
100000000 1 1371272

