Experiment
--------------------------------------------
Parameter = tcp_low_latency
Values [0, 1] with stride 1
Flow sizes = [10000000, 100000000] with stride 10000000
--------------------------------------------
10000000 0 251941
20000000 0 319895
30000000 0 671661
40000000 0 743923
50000000 0 1275792
60000000 0 659691
70000000 0 1311765
80000000 0 1059734
90000000 0 912037
100000000 0 1255627

10000000 1 250386
20000000 1 323908
30000000 1 5575748
40000000 1 499612
50000000 1 584163
60000000 1 707564
70000000 1 739889
80000000 1 1047998
90000000 1 911491
100000000 1 1535514

