Experiment
--------------------------------------------
Parameter = tcp_tw_reuse
Values [0, 1] with stride 1
Flow sizes = [10000000, 100000000] with stride 10000000
--------------------------------------------
10000000 0 244436
20000000 0 331765
30000000 0 619968
40000000 0 491849
50000000 0 6031725
60000000 0 651997
70000000 0 739463
80000000 0 839894
90000000 0 915541
100000000 0 1335771

10000000 1 266678
20000000 1 323960
30000000 1 391876
40000000 1 495835
50000000 1 575577
60000000 1 1119709
70000000 1 987875
80000000 1 1051654
90000000 1 1179792
100000000 1 1319811

