Experiment
--------------------------------------------
Parameter = tcp_syncookies
Values [0, 1] with stride 1
Flow sizes = [10000000, 100000000] with stride 10000000
--------------------------------------------
10000000 0 440423
20000000 0 323650
30000000 0 935873
40000000 0 672006
50000000 0 583534
60000000 0 659758
70000000 0 928025
80000000 0 1311675
90000000 0 1035448
100000000 0 1399723

10000000 1 243188
20000000 1 343535
30000000 1 408137
40000000 1 691671
50000000 1 571666
60000000 1 667580
70000000 1 984048
80000000 1 1795723
90000000 1 1311910
100000000 1 991750

