Experiment
--------------------------------------------
Parameter = tcp_frto_response
Values [0, 1] with stride 1
Flow sizes = [10000000, 100000000] with stride 10000000
--------------------------------------------
10000000 0 244527
20000000 0 323931
30000000 0 611691
40000000 0 703690
50000000 0 575822
60000000 0 1576069
70000000 0 747701
80000000 0 1803408
90000000 0 923808
100000000 0 1407919

10000000 1 242400
20000000 1 323905
30000000 1 407661
40000000 1 519779
50000000 1 587894
60000000 1 767515
70000000 1 732275
80000000 1 811655
90000000 1 1127403
100000000 1 6375936

