Experiment
--------------------------------------------
Parameter = tcp_timestamps
Values [0, 1] with stride 1
Flow sizes = [10000000, 100000000] with stride 10000000
--------------------------------------------
10000000 0 487369
20000000 0 5327626
30000000 0 407823
40000000 0 483818
50000000 0 855477
60000000 0 648184
70000000 0 1003349
80000000 0 875726
90000000 0 1304020
100000000 0 983865

10000000 1 246953
20000000 1 323878
30000000 1 391908
40000000 1 691424
50000000 1 576094
60000000 1 643779
70000000 1 1779591
80000000 1 831672
90000000 1 915826
100000000 1 1395561

