Experiment
--------------------------------------------
Parameter = tcp_sack
Values [0, 1] with stride 1
Flow sizes = [10000000, 100000000] with stride 10000000
--------------------------------------------
10000000 0 244247
20000000 0 319778
30000000 0 1679780
40000000 0 1519747
50000000 0 587785
60000000 0 4143770
70000000 0 6183686
80000000 0 2895990
90000000 0 4723743
100000000 0 4339612

10000000 1 275011
20000000 1 335760
30000000 1 415882
40000000 1 476045
50000000 1 835411
60000000 1 935897
70000000 1 759673
80000000 1 824054
90000000 1 1631677
100000000 1 1007822

