Experiment
--------------------------------------------
Parameter = tcp_tw_recycle
Values [0, 1] with stride 1
Flow sizes = [10000000, 100000000] with stride 10000000
--------------------------------------------
10000000 0 476075
20000000 0 320081
30000000 0 679566
40000000 0 931915
50000000 0 583764
60000000 0 663630
70000000 0 987613
80000000 0 983759
90000000 0 931916
100000000 0 1275901

10000000 1 246884
20000000 1 319915
30000000 1 599840
40000000 1 763706
50000000 1 1131590
60000000 1 671773
70000000 1 943822
80000000 1 1099607
90000000 1 1627661
100000000 1 1015833

