Experiment
--------------------------------------------
Parameter = tcp_slow_start_after_idle
Values [0, 1] with stride 1
Flow sizes = [10000, 100000] with stride 10000
--------------------------------------------
10000 0 157677
20000 0 155762
30000 0 159706
40000 0 159845
50000 0 159746
60000 0 159697
70000 0 159854
80000 0 159736
90000 0 159839
100000 0 159684

10000 1 161366
20000 1 155484
30000 1 160023
40000 1 159753
50000 1 159821
60000 1 159706
70000 1 159849
80000 1 159685
90000 1 159726
100000 1 159848

