Experiment
--------------------------------------------
Parameter = tcp_window_scaling
Values [0, 1] with stride 1
Flow sizes = [10000, 100000] with stride 10000
--------------------------------------------
10000 0 160711
20000 0 155782
30000 0 159714
40000 0 159576
50000 0 164048
60000 0 159689
70000 0 159699
80000 0 159864
90000 0 159692
100000 0 159894

10000 1 159492
20000 1 155788
30000 1 159721
40000 1 159698
50000 1 159858
60000 1 159698
70000 1 159905
80000 1 159682
90000 1 159698
100000 1 159869

