Experiment
--------------------------------------------
Parameter = tcp_timestamps
Values [0, 1] with stride 1
Flow sizes = [10000, 100000] with stride 10000
--------------------------------------------
10000 0 162891
20000 0 155579
30000 0 159891
40000 0 159697
50000 0 159844
60000 0 159699
70000 0 159703
80000 0 159860
90000 0 159701
100000 0 159844

10000 1 159509
20000 1 155659
30000 1 159867
40000 1 159714
50000 1 159830
60000 1 159716
70000 1 159697
80000 1 159912
90000 1 159658
100000 1 159849

