Experiment
--------------------------------------------
Parameter = tcp_fack
Values [0, 1] with stride 1
Flow sizes = [10000, 100000] with stride 10000
--------------------------------------------
10000 0 159205
20000 0 155630
30000 0 159941
40000 0 159671
50000 0 159829
60000 0 159789
70000 0 159681
80000 0 159821
90000 0 159699
100000 0 159895

10000 1 158946
20000 1 155618
30000 1 159865
40000 1 159692
50000 1 159829
60000 1 159777
70000 1 159700
80000 1 159840
90000 1 159688
100000 1 159859

