Experiment
--------------------------------------------
Parameter = tcp_tw_recycle
Values [0, 1] with stride 1
Flow sizes = [10000, 100000] with stride 10000
--------------------------------------------
10000 0 159689
20000 0 155769
30000 0 159699
40000 0 159846
50000 0 159692
60000 0 159763
70000 0 159835
80000 0 159706
90000 0 159842
100000 0 159722

10000 1 158793
20000 1 155786
30000 1 159724
40000 1 159855
50000 1 159697
60000 1 159729
70000 1 159850
80000 1 159689
90000 1 159853
100000 1 159766

