Experiment
--------------------------------------------
Parameter = tcp_dsack
Values [0, 1] with stride 1
Flow sizes = [10000, 100000] with stride 10000
--------------------------------------------
10000 0 164690
20000 0 155725
30000 0 159715
40000 0 159856
50000 0 159692
60000 0 159715
70000 0 159854
80000 0 159708
90000 0 159837
100000 0 159699

10000 1 163472
20000 1 155744
30000 1 159726
40000 1 155553
50000 1 159998
60000 1 159706
70000 1 159829
80000 1 159695
90000 1 159865
100000 1 159694

