Experiment
--------------------------------------------
Parameter = tcp_no_metrics_save
Values [0, 1] with stride 1
Flow sizes = [10000, 100000] with stride 10000
--------------------------------------------
10000 0 158939
20000 0 155644
30000 0 159836
40000 0 159709
50000 0 159853
60000 0 159713
70000 0 159681
80000 0 159853
90000 0 159704
100000 0 159894

10000 1 158907
20000 1 155622
30000 1 159794
40000 1 159767
50000 1 159854
60000 1 159775
70000 1 159724
80000 1 159874
90000 1 159643
100000 1 159854

