Experiment
--------------------------------------------
Parameter = tcp_sack
Values [0, 1] with stride 1
Flow sizes = [10000, 100000] with stride 10000
--------------------------------------------
10000 0 159978
20000 0 155635
30000 0 159861
40000 0 159705
50000 0 159713
60000 0 159843
70000 0 159711
80000 0 159851
90000 0 159697
100000 0 159724

10000 1 159304
20000 1 155640
30000 1 159855
40000 1 159715
50000 1 159714
60000 1 159853
70000 1 159697
80000 1 159825
90000 1 159709
100000 1 159711

