Experiment
--------------------------------------------
Parameter = tcp_mtu_probing
Values [0, 1] with stride 1
Flow sizes = [10000, 100000] with stride 10000
--------------------------------------------
10000 0 165516
20000 0 155645
30000 0 159901
40000 0 159674
50000 0 159714
60000 0 159857
70000 0 159745
80000 0 159884
90000 0 159672
100000 0 159772

10000 1 162932
20000 1 155618
30000 1 159582
40000 1 160005
50000 1 159705
60000 1 159852
70000 1 159710
80000 1 159542
90000 1 160078
100000 1 159666

