Experiment
--------------------------------------------
Parameter = tcp_frto_response
Values [0, 1] with stride 1
Flow sizes = [10000, 100000] with stride 10000
--------------------------------------------
10000 0 158629
20000 0 155774
30000 0 159714
40000 0 159850
50000 0 159708
60000 0 159729
70000 0 159889
80000 0 159659
90000 0 159899
100000 0 159675

10000 1 158830
20000 1 155810
30000 1 159685
40000 1 159853
50000 1 159689
60000 1 159730
70000 1 159893
80000 1 159735
90000 1 159721
100000 1 159884

