Experiment
--------------------------------------------
Parameter = tcp_tw_reuse
Values [0, 1] with stride 1
Flow sizes = [10000, 100000] with stride 10000
--------------------------------------------
10000 0 166558
20000 0 155702
30000 0 159903
40000 0 159679
50000 0 159843
60000 0 159778
70000 0 159809
80000 0 159710
90000 0 159738
100000 0 159873

10000 1 158524
20000 1 155642
30000 1 159864
40000 1 159695
50000 1 159915
60000 1 159673
70000 1 159855
80000 1 159703
90000 1 159691
100000 1 159921

