Experiment
--------------------------------------------
Parameter = tcp_abort_on_overflow
Values [0, 1] with stride 1
Flow sizes = [10000, 100000] with stride 10000
--------------------------------------------
10000 0 163988
20000 0 155642
30000 0 159860
40000 0 159698
50000 0 159718
60000 0 159832
70000 0 159765
80000 0 159869
90000 0 159665
100000 0 159746

10000 1 163568
20000 1 155676
30000 1 159669
40000 1 159863
50000 1 159703
60000 1 159910
70000 1 159720
80000 1 159682
90000 1 159854
100000 1 159696

