Experiment
--------------------------------------------
Parameter = tcp_low_latency
Values [0, 1] with stride 1
Flow sizes = [10000, 100000] with stride 10000
--------------------------------------------
10000 0 162715
20000 0 155673
30000 0 159768
40000 0 159811
50000 0 159702
60000 0 159743
70000 0 159869
80000 0 159728
90000 0 159818
100000 0 159741

10000 1 158534
20000 1 155791
30000 1 159740
40000 1 159894
50000 1 159721
60000 1 159683
70000 1 159896
80000 1 159680
90000 1 159838
100000 1 159714

