Experiment
--------------------------------------------
Parameter = tcp_syncookies
Values [0, 1] with stride 1
Flow sizes = [10000, 100000] with stride 10000
--------------------------------------------
10000 0 163388
20000 0 155666
30000 0 159713
40000 0 159831
50000 0 159746
60000 0 159849
70000 0 159688
80000 0 159712
90000 0 159847
100000 0 159750

10000 1 163312
20000 1 155642
30000 1 159854
40000 1 159768
50000 1 159678
60000 1 159848
70000 1 159716
80000 1 159753
90000 1 159857
100000 1 159683

