10000000 1 282906
20000000 1 422933
30000000 1 639090
40000000 1 622829
50000000 1 1608663
60000000 1 1907797
70000000 1 1086977
80000000 1 2216570
90000000 1 1623677
100000000 1 2302228

10000000 2 244530
20000000 2 327751
30000000 2 599781
40000000 2 606253
50000000 2 793317
60000000 2 1877459
70000000 2 907615
80000000 2 873506
90000000 2 1040566
100000000 2 1414083

10000000 3 298228
20000000 3 321482
30000000 3 568476
40000000 3 792678
50000000 3 703045
60000000 3 1767511
70000000 3 978383
80000000 3 1177566
90000000 3 1224303
100000000 3 1562970

10000000 4 252515
20000000 4 364628
30000000 4 401452
40000000 4 691602
50000000 4 727121
60000000 4 1154059
70000000 4 914209
80000000 4 1365309
90000000 4 2203117
100000000 4 1314990

10000000 5 290804
20000000 5 481466
30000000 5 498292
40000000 5 569292
50000000 5 834149
60000000 5 923032
70000000 5 1970969
80000000 5 1093409
90000000 5 2210067
100000000 5 1084652

