10000000 1 241605
20000000 1 408521
30000000 1 464555
40000000 1 772677
50000000 1 630847
60000000 1 872497
70000000 1 865427
80000000 1 968732
90000000 1 1998864
100000000 1 1094215

10000000 2 252588
20000000 2 407836
30000000 2 463776
40000000 2 545423
50000000 2 767024
60000000 2 708384
70000000 2 1061436
80000000 2 1200498
90000000 2 1300719
100000000 2 1526793

10000000 3 324812
20000000 3 434928
30000000 3 2400768
40000000 3 669946
50000000 3 683955
60000000 3 946372
70000000 3 778771
80000000 3 1210070
90000000 3 1142222
100000000 3 2340563

10000000 4 247037
20000000 4 364645
30000000 4 469424
40000000 4 649283
50000000 4 711796
60000000 4 749340
70000000 4 1102116
80000000 4 1232644
90000000 4 1255730
100000000 4 1171722

10000000 5 1246250
20000000 5 382209
30000000 5 1616642
40000000 5 493350
50000000 5 667865
60000000 5 650138
70000000 5 1851741
80000000 5 1208451
90000000 5 1151769
100000000 5 2345414

