10000000 1 245682
20000000 1 366273
30000000 1 602206
40000000 1 566900
50000000 1 818218
60000000 1 934080
70000000 1 933500
80000000 1 1154851
90000000 1 1195792
100000000 1 1383812

10000000 2 244523
20000000 2 382085
30000000 2 441570
40000000 2 621354
50000000 2 844502
60000000 2 914129
70000000 2 847868
80000000 2 1044617
90000000 2 1084405
100000000 2 1181367

10000000 3 287759
20000000 3 357408
30000000 3 643880
40000000 3 655022
50000000 3 737117
60000000 3 857435
70000000 3 777509
80000000 3 1142809
90000000 3 1283880
100000000 3 1356459

10000000 4 289277
20000000 4 359831
30000000 4 507720
40000000 4 495883
50000000 4 698079
60000000 4 903680
70000000 4 1001640
80000000 4 1058193
90000000 4 1280423
100000000 4 2410955

10000000 5 298197
20000000 5 422233
30000000 5 456489
40000000 5 569617
50000000 5 699496
60000000 5 1923797
70000000 5 963839
80000000 5 1008538
90000000 5 1097356
100000000 5 1506962

10000000 6 242834
20000000 6 362999
30000000 6 402229
40000000 6 2489455
50000000 6 673992
60000000 6 831804
70000000 6 879710
80000000 6 1009472
90000000 6 2184497
100000000 6 1389406

10000000 7 366133
20000000 7 1324531
30000000 7 554125
40000000 7 676626
50000000 7 909372
60000000 7 803923
70000000 7 838726
80000000 7 949584
90000000 7 1333323
100000000 7 2222240

10000000 8 245161
20000000 8 460549
30000000 8 444659
40000000 8 673323
50000000 8 743973
60000000 8 855513
70000000 8 1070306
80000000 8 978946
90000000 8 1220012
100000000 8 1339445

10000000 9 243837
20000000 9 445593
30000000 9 504322
40000000 9 735844
50000000 9 716392
60000000 9 723106
70000000 9 817517
80000000 9 1023677
90000000 9 1348628
100000000 9 1314040

10000000 10 283669
20000000 10 500538
30000000 10 590965
40000000 10 511045
50000000 10 596646
60000000 10 974852
70000000 10 1087729
80000000 10 2973400
90000000 10 1621354
100000000 10 1551705

