10000000 4096 284735
20000000 4096 404521
30000000 4096 516460
40000000 4096 611172
50000000 4096 1724447
60000000 4096 1774242
70000000 4096 978828
80000000 4096 1093541
90000000 4096 1043753
100000000 4096 1300638

10000000 8192 242323
20000000 8192 480574
30000000 8192 554229
40000000 8192 1599756
50000000 8192 678137
60000000 8192 892615
70000000 8192 822233
80000000 8192 1029364
90000000 8192 1242981
100000000 8192 1230967

10000000 12288 243125
20000000 12288 468724
30000000 12288 405394
40000000 12288 1564398
50000000 12288 845443
60000000 12288 754170
70000000 12288 2149303
80000000 12288 941443
90000000 12288 1219729
100000000 12288 2138323

10000000 16384 242490
20000000 16384 454068
30000000 16384 400008
40000000 16384 1581233
50000000 16384 634966
60000000 16384 705545
70000000 16384 934914
80000000 16384 1083618
90000000 16384 1357465
100000000 16384 1429333

10000000 20480 250383
20000000 20480 396758
30000000 20480 425187
40000000 20480 702222
50000000 20480 907056
60000000 20480 934881
70000000 20480 940587
80000000 20480 874124
90000000 20480 1412541
100000000 20480 1114449

10000000 24576 291818
20000000 24576 405372
30000000 24576 1542211
40000000 24576 700718
50000000 24576 618807
60000000 24576 849396
70000000 24576 1190161
80000000 24576 1155954
90000000 24576 1089997
100000000 24576 1191037

10000000 28672 284869
20000000 28672 322173
30000000 28672 486201
40000000 28672 1483801
50000000 28672 683695
60000000 28672 855898
70000000 28672 882876
80000000 28672 968610
90000000 28672 1229315
100000000 28672 2488601

10000000 32768 243941
20000000 32768 322213
30000000 32768 1462277
40000000 32768 582008
50000000 32768 846973
60000000 32768 1101380
70000000 32768 1007740
80000000 32768 1915921
90000000 32768 1481169
100000000 32768 1423099

10000000 36864 288035
20000000 36864 335754
30000000 36864 445372
40000000 36864 512661
50000000 36864 1708590
60000000 36864 791566
70000000 36864 784795
80000000 36864 1116444
90000000 36864 1151069
100000000 36864 2220669

10000000 40960 246290
20000000 40960 491812
30000000 40960 479769
40000000 40960 2499799
50000000 40960 841403
60000000 40960 1034936
70000000 40960 1326904
80000000 40960 1076590
90000000 40960 1137406
100000000 40960 1396538

10000000 45056 242411
20000000 45056 466109
30000000 45056 471843
40000000 45056 550917
50000000 45056 891134
60000000 45056 914887
70000000 45056 940594
80000000 45056 1170177
90000000 45056 2265375
100000000 45056 1511668

10000000 49152 240937
20000000 49152 1326936
30000000 49152 443006
40000000 49152 578086
50000000 49152 778995
60000000 49152 959052
70000000 49152 1035097
80000000 49152 967539
90000000 49152 1155818
100000000 49152 2384468

10000000 53248 247162
20000000 53248 1426271
30000000 53248 514891
40000000 53248 587030
50000000 53248 699803
60000000 53248 1698252
70000000 53248 1190777
80000000 53248 1023179
90000000 53248 1057999
100000000 53248 1317396

10000000 57344 340755
20000000 57344 606220
30000000 57344 456667
40000000 57344 528508
50000000 57344 610968
60000000 57344 1035691
70000000 57344 1838233
80000000 57344 990087
90000000 57344 1179007
100000000 57344 2374944

10000000 61440 242361
20000000 61440 407770
30000000 61440 562221
40000000 61440 567656
50000000 61440 972608
60000000 61440 984575
70000000 61440 825220
80000000 61440 1065380
90000000 61440 2095085
100000000 61440 1151730

10000000 65536 2240787
20000000 65536 414251
30000000 65536 491668
40000000 65536 875900
50000000 65536 641339
60000000 65536 695698
70000000 65536 896550
80000000 65536 1035003
90000000 65536 1214922
100000000 65536 1245393

