10000000 0 240921
20000000 0 333279
30000000 0 562278
40000000 0 633415
50000000 0 1743679
60000000 0 770998
70000000 0 790984
80000000 0 1482150
90000000 0 1455846
100000000 0 1828565

10000000 1 257598
20000000 1 322247
30000000 1 1452545
40000000 1 673369
50000000 1 724383
60000000 1 1003042
70000000 1 1026307
80000000 1 920460
90000000 1 1212630
100000000 1 2805368

10000000 2 333607
20000000 2 324612
30000000 2 426955
40000000 2 663052
50000000 2 699055
60000000 2 778026
70000000 2 1081446
80000000 2 1191595
90000000 2 1150165
100000000 2 1339068

10000000 3 329073
20000000 3 326013
30000000 3 414935
40000000 3 572616
50000000 3 772462
60000000 3 1782959
70000000 3 891789
80000000 3 930960
90000000 3 1133310
100000000 3 1176632

