10000000 1 242258
20000000 1 461359
30000000 1 531837
40000000 1 599778
50000000 1 700864
60000000 1 989869
70000000 1 842187
80000000 1 2184452
90000000 1 1124599
100000000 1 1483829

10000000 2 480486
20000000 2 325335
30000000 2 442196
40000000 2 527776
50000000 2 687013
60000000 2 794943
70000000 2 959784
80000000 2 1132523
90000000 2 2199822
100000000 2 1152572

10000000 3 242044
20000000 3 409322
30000000 3 1490345
40000000 3 599591
50000000 3 575859
60000000 3 776524
70000000 3 1061417
80000000 3 2081358
90000000 3 2249423
100000000 3 2066113

10000000 4 334818
20000000 4 492684
30000000 4 503651
40000000 4 523789
50000000 4 714998
60000000 4 1101405
70000000 4 955614
80000000 4 911876
90000000 4 1060580
100000000 4 1325394

10000000 5 289195
20000000 5 362222
30000000 5 495830
40000000 5 710991
50000000 5 657431
60000000 5 1096371
70000000 5 1033373
80000000 5 1055897
90000000 5 1135624
100000000 5 1280754

10000000 6 244360
20000000 6 455721
30000000 6 1561462
40000000 6 541343
50000000 6 878182
60000000 6 854200
70000000 6 874145
80000000 6 971766
90000000 6 1126952
100000000 6 1124367

10000000 7 242163
20000000 7 325333
30000000 7 548771
40000000 7 558034
50000000 7 749372
60000000 7 881324
70000000 7 1170966
80000000 7 1141301
90000000 7 2208619
100000000 7 2679814

10000000 8 285945
20000000 8 405465
30000000 8 462966
40000000 8 749420
50000000 8 748477
60000000 8 1190235
70000000 8 1870274
80000000 8 1031537
90000000 8 1348702
100000000 8 1166191

10000000 9 291628
20000000 9 334241
30000000 9 418180
40000000 9 637340
50000000 9 758179
60000000 9 857382
70000000 9 786094
80000000 9 2039861
90000000 9 1352549
100000000 9 1383794

10000000 10 291482
20000000 10 411799
30000000 10 446089
40000000 10 621507
50000000 10 755708
60000000 10 880557
70000000 10 1002898
80000000 10 1096590
90000000 10 1290229
100000000 10 1444569

