10000000 0 478262
20000000 0 374977
30000000 0 503769
40000000 0 603057
50000000 0 760536
60000000 0 901274
70000000 0 796608
80000000 0 1118206
90000000 0 1212572
100000000 0 1106208

10000000 1 244563
20000000 1 458322
30000000 1 461263
40000000 1 684523
50000000 1 751758
60000000 1 1835034
70000000 1 2892429
80000000 1 1935974
90000000 1 1237282
100000000 1 1289369

10000000 2 437455
20000000 2 421441
30000000 2 456462
40000000 2 536666
50000000 2 854165
60000000 2 1031674
70000000 2 909363
80000000 2 1050249
90000000 2 2271792
100000000 2 1504472

10000000 3 246338
20000000 3 374151
30000000 3 1507036
40000000 3 726988
50000000 3 679730
60000000 3 1897451
70000000 3 1379616
80000000 3 2042187
90000000 3 1249463
100000000 3 2276554

10000000 4 335711
20000000 4 326962
30000000 4 490371
40000000 4 800382
50000000 4 620566
60000000 4 845444
70000000 4 942045
80000000 4 979128
90000000 4 1234094
100000000 4 1178999

10000000 5 331143
20000000 5 384600
30000000 5 540543
40000000 5 1574248
50000000 5 942166
60000000 5 660615
70000000 5 1776601
80000000 5 2016482
90000000 5 1294155
100000000 5 1155837

