10000000 256 292860
20000000 256 324629
30000000 256 457457
40000000 256 654188
50000000 256 672521
60000000 256 826153
70000000 256 950936
80000000 256 905371
90000000 256 2340647
100000000 256 1286064

10000000 512 1369663
20000000 512 334237
30000000 512 458067
40000000 512 656560
50000000 512 610354
60000000 512 1848427
70000000 512 1067953
80000000 512 902109
90000000 512 1152529
100000000 512 2182154

10000000 768 254366
20000000 768 319870
30000000 768 496552
40000000 768 492592
50000000 768 833344
60000000 768 848587
70000000 768 934221
80000000 768 1019687
90000000 768 1321465
100000000 768 1428459

10000000 1024 296796
20000000 1024 359003
30000000 1024 558105
40000000 1024 672607
50000000 1024 615803
60000000 1024 1060594
70000000 1024 1273137
80000000 1024 1199070
90000000 1024 1112675
100000000 1024 1232538

10000000 1280 243316
20000000 1280 381450
30000000 1280 515846
40000000 1280 527712
50000000 1280 742928
60000000 1280 720523
70000000 1280 1011715
80000000 1280 1102940
90000000 1280 997579
100000000 1280 1224583

10000000 1536 287487
20000000 1536 435102
30000000 1536 555722
40000000 1536 629360
50000000 1536 647039
60000000 1536 799034
70000000 1536 1790143
80000000 1536 1122843
90000000 1536 1148622
100000000 1536 1501549

10000000 1792 244638
20000000 1792 416607
30000000 1792 452599
40000000 1792 556449
50000000 1792 624622
60000000 1792 727735
70000000 1792 1034143
80000000 1792 951018
90000000 1792 1400669
100000000 1792 1410969

10000000 2048 284026
20000000 2048 385293
30000000 2048 566273
40000000 2048 498145
50000000 2048 782904
60000000 2048 949378
70000000 2048 1943077
80000000 2048 1948423
90000000 2048 1481370
100000000 2048 1436678

