10000000 0 247089
20000000 0 327750
30000000 0 422208
40000000 0 578996
50000000 0 719019
60000000 0 706986
70000000 0 1145232
80000000 0 1073270
90000000 0 1103917
100000000 0 1115750

10000000 1 287492
20000000 1 370992
30000000 1 528608
40000000 1 612562
50000000 1 661375
60000000 1 754251
70000000 1 888420
80000000 1 916759
90000000 1 1112462
100000000 1 1602915

10000000 2 242619
20000000 2 1445247
30000000 2 717391
40000000 2 571902
50000000 2 694956
60000000 2 754224
70000000 2 863691
80000000 2 1240501
90000000 2 2134324
100000000 2 1456541

