10000000 0 1068003
20000000 0 2226219
30000000 0 4966048
40000000 0 6723108
50000000 0 2781418
60000000 0 8873203
70000000 0 7212708
80000000 0 15328438
90000000 0 8915710
100000000 0 18404518

10000000 1 285089
20000000 1 328611
30000000 1 470984
40000000 1 626186
50000000 1 865376
60000000 1 1698136
70000000 1 930990
80000000 1 966931
90000000 1 1178952
100000000 1 1258255

10000000 2 1525067
20000000 2 504642
30000000 2 2494248
40000000 2 738147
50000000 2 760614
60000000 2 815719
70000000 2 987744
80000000 2 1214277
90000000 2 1151684
100000000 2 1039729

10000000 3 244368
20000000 3 325343
30000000 3 403850
40000000 3 491724
50000000 3 1715773
60000000 3 917385
70000000 3 817460
80000000 3 1026918
90000000 3 1041385
100000000 3 1367005

10000000 4 248070
20000000 4 1323795
30000000 4 497396
40000000 4 507786
50000000 4 724656
60000000 4 1035745
70000000 4 1067686
80000000 4 1105418
90000000 4 2027636
100000000 4 1183954

10000000 5 254549
20000000 5 468536
30000000 5 543887
40000000 5 682803
50000000 5 658342
60000000 5 808619
70000000 5 886091
80000000 5 1022226
90000000 5 1295758
100000000 5 1279778

10000000 6 1238504
20000000 6 365327
30000000 6 502331
40000000 6 685238
50000000 6 610211
60000000 6 697384
70000000 6 1009580
80000000 6 1078700
90000000 6 1256657
100000000 6 1335807

10000000 7 336886
20000000 7 402990
30000000 7 409423
40000000 7 1574094
50000000 7 903043
60000000 7 869231
70000000 7 1922359
80000000 7 992478
90000000 7 1267871
100000000 7 2531607

10000000 8 282759
20000000 8 362229
30000000 8 443070
40000000 8 563674
50000000 8 941355
60000000 8 1042360
70000000 8 1017158
80000000 8 2066859
90000000 8 1168613
100000000 8 1216638

10000000 9 291517
20000000 9 1374186
30000000 9 476484
40000000 9 937606
50000000 9 680520
60000000 9 715620
70000000 9 2775128
80000000 9 1206185
90000000 9 1019535
100000000 9 1219825

10000000 10 343461
20000000 10 371848
30000000 10 552426
40000000 10 599859
50000000 10 645314
60000000 10 666899
70000000 10 972639
80000000 10 957393
90000000 10 957389
100000000 10 1078221

