10000000 0 305639
20000000 0 1374246
30000000 0 1587085
40000000 0 587690
50000000 0 592544
60000000 0 1916471
70000000 0 1027919
80000000 0 986858
90000000 0 1328574
100000000 0 1363755

10000000 1 352277
20000000 1 374973
30000000 1 409356
40000000 1 698360
50000000 1 614856
60000000 1 797314
70000000 1 1121391
80000000 1 1140468
90000000 1 1282240
100000000 1 2300445

10000000 2 244243
20000000 2 494276
30000000 2 462947
40000000 2 490197
50000000 2 965248
60000000 2 802173
70000000 2 978221
80000000 2 1012653
90000000 2 1065375
100000000 2 2258051

