10000000 29 392184
20000000 29 378187
30000000 29 410253
40000000 29 1706149
50000000 29 649411
60000000 29 818035
70000000 29 927835
80000000 29 1003012
90000000 29 1302873
100000000 29 1381345

10000000 30 260899
20000000 30 361416
30000000 30 573334
40000000 30 580767
50000000 30 921929
60000000 30 839105
70000000 30 993178
80000000 30 1001536
90000000 30 1126951
100000000 30 1242994

10000000 31 241584
20000000 31 321426
30000000 31 665229
40000000 31 627088
50000000 31 630204
60000000 31 1778138
70000000 31 939009
80000000 31 1009232
90000000 31 1121451
100000000 31 1269390

