10000 4096 162960
20000 4096 158932
30000 4096 159827
40000 4096 159049
50000 4096 159833
60000 4096 159825
70000 4096 160693
80000 4096 159834
90000 4096 159841
100000 4096 159869

10000 8192 158938
20000 8192 158221
30000 8192 159829
40000 8192 159866
50000 8192 159809
60000 8192 159858
70000 8192 159857
80000 8192 159817
90000 8192 159855
100000 8192 159833

10000 12288 162187
20000 12288 159038
30000 12288 159827
40000 12288 159852
50000 12288 159857
60000 12288 159822
70000 12288 159852
80000 12288 159848
90000 12288 159825
100000 12288 159853

10000 16384 161313
20000 16384 159006
30000 16384 159854
40000 16384 159858
50000 16384 159847
60000 16384 159826
70000 16384 159853
80000 16384 159835
90000 16384 159859
100000 16384 159847

10000 20480 162172
20000 20480 158215
30000 20480 159887
40000 20480 159823
50000 20480 159867
60000 20480 159852
70000 20480 159865
80000 20480 159828
90000 20480 159816
100000 20480 159884

10000 24576 161322
20000 24576 159008
30000 24576 159852
40000 24576 159861
50000 24576 159838
60000 24576 159784
70000 24576 159884
80000 24576 159816
90000 24576 159828
100000 24576 159843

10000 28672 162925
20000 28672 159004
30000 28672 159833
40000 28672 159824
50000 28672 159846
60000 28672 159878
70000 28672 159800
80000 28672 159879
90000 28672 159830
100000 28672 159839

10000 32768 162123
20000 32768 159810
30000 32768 159835
40000 32768 159814
50000 32768 159970
60000 32768 159732
70000 32768 159822
80000 32768 159861
90000 32768 159810
100000 32768 159842

10000 36864 162124
20000 36864 158178
30000 36864 159857
40000 36864 159821
50000 36864 159848
60000 36864 159845
70000 36864 160595
80000 36864 159887
90000 36864 159816
100000 36864 159864

10000 40960 161290
20000 40960 157374
30000 40960 159884
40000 40960 159804
50000 40960 159850
60000 40960 159911
70000 40960 159780
80000 40960 159857
90000 40960 159827
100000 40960 159841

10000 45056 161258
20000 45056 156620
30000 45056 159867
40000 45056 159816
50000 45056 159822
60000 45056 159886
70000 45056 159837
80000 45056 159879
90000 45056 159829
100000 45056 159832

10000 49152 160519
20000 49152 158202
30000 49152 159865
40000 49152 159863
50000 49152 159833
60000 49152 159862
70000 49152 159848
80000 49152 159821
90000 49152 159869
100000 49152 159824

10000 53248 162041
20000 53248 158224
30000 53248 159865
40000 53248 159839
50000 53248 159839
60000 53248 160670
70000 53248 159854
80000 53248 159820
90000 53248 159846
100000 53248 159818

10000 57344 161971
20000 57344 158218
30000 57344 159836
40000 57344 159045
50000 57344 159828
60000 57344 159820
70000 57344 159860
80000 57344 159832
90000 57344 159902
100000 57344 159801

10000 61440 160501
20000 61440 157420
30000 61440 159831
40000 61440 159854
50000 61440 159814
60000 61440 159829
70000 61440 159892
80000 61440 159841
90000 61440 159821
100000 61440 159852

10000 65536 161240
20000 65536 159019
30000 65536 159830
40000 65536 159881
50000 65536 159819
60000 65536 159813
70000 65536 159866
80000 65536 159862
90000 65536 159844
100000 65536 159820

