Experiment
--------------------------------------------
Parameter = tcp_abort_on_overflow
Values [0, 1] with stride 1
Flow sizes = [10000, 100000] with stride 10000
--------------------------------------------
10000 0 162012
20000 0 167612
30000 0 167933
40000 0 159758
50000 0 167672
60000 0 159784
70000 0 159833
80000 0 163852
90000 0 167851
100000 0 159866

10000 1 159792
20000 1 167853
30000 1 159817
40000 1 167666
50000 1 159821
60000 1 167827
70000 1 163833
80000 1 163782
90000 1 163709
100000 1 163784

