Experiment
--------------------------------------------
Parameter = tcp_tw_reuse
Values [0, 1] with stride 1
Flow sizes = [10000, 100000] with stride 10000
--------------------------------------------
10000 0 158499
20000 0 159309
30000 0 159276
40000 0 167146
50000 0 163282
60000 0 159374
70000 0 163302
80000 0 167105
90000 0 167289
100000 0 159289

10000 1 163320
20000 1 163247
30000 1 159256
40000 1 167276
50000 1 163408
60000 1 159242
70000 1 159196
80000 1 159022
90000 1 167447
100000 1 159288

