Experiment
--------------------------------------------
Parameter = tcp_low_latency
Values [0, 1] with stride 1
Flow sizes = [10000, 100000] with stride 10000
--------------------------------------------
10000 0 159074
20000 0 163219
30000 0 163235
40000 0 155202
50000 0 167210
60000 0 159218
70000 0 163179
80000 0 163262
90000 0 159181
100000 0 163201

10000 1 159093
20000 1 163211
30000 1 167226
40000 1 163214
50000 1 167244
60000 1 159179
70000 1 159236
80000 1 159185
90000 1 159171
100000 1 163098

