Experiment
--------------------------------------------
Parameter = tcp_fack
Values [0, 1] with stride 1
Flow sizes = [10000, 100000] with stride 10000
--------------------------------------------
10000 0 167625
20000 0 167488
30000 0 167296
40000 0 163546
50000 0 159413
60000 0 163340
70000 0 159423
80000 0 163483
90000 0 163391
100000 0 159369

10000 1 163493
20000 1 163423
30000 1 159407
40000 1 159424
50000 1 159411
60000 1 159438
70000 1 159383
80000 1 159387
90000 1 159589
100000 1 163161

