Experiment
--------------------------------------------
Parameter = tcp_frto_response
Values [0, 1] with stride 1
Flow sizes = [10000, 100000] with stride 10000
--------------------------------------------
10000 0 169646
20000 0 163281
30000 0 159197
40000 0 167319
50000 0 159225
60000 0 167284
70000 0 163302
80000 0 159232
90000 0 159211
100000 0 167166

10000 1 163266
20000 1 159202
30000 1 163159
40000 1 163212
50000 1 163242
60000 1 163294
70000 1 159213
80000 1 163079
90000 1 163198
100000 1 159221

