Experiment
--------------------------------------------
Parameter = tcp_mtu_probing
Values [0, 1] with stride 1
Flow sizes = [10000, 100000] with stride 10000
--------------------------------------------
10000 0 153896
20000 0 159100
30000 0 155066
40000 0 159068
50000 0 159135
60000 0 163106
70000 0 159000
80000 0 163126
90000 0 163058
100000 0 166938

10000 1 159211
20000 1 159016
30000 1 159096
40000 1 158938
50000 1 159096
60000 1 163062
70000 1 163075
80000 1 163041
90000 1 163100
100000 1 163097

