Experiment
--------------------------------------------
Parameter = tcp_sack
Values [0, 1] with stride 1
Flow sizes = [10000, 100000] with stride 10000
--------------------------------------------
10000 0 164556
20000 0 163800
30000 0 163810
40000 0 159806
50000 0 159821
60000 0 159815
70000 0 167697
80000 0 159778
90000 0 159781
100000 0 163753

10000 1 163781
20000 1 163780
30000 1 163819
40000 1 167687
50000 1 163725
60000 1 167782
70000 1 163849
80000 1 159773
90000 1 163821
100000 1 163759

