Experiment
--------------------------------------------
Parameter = tcp_no_metrics_save
Values [0, 1] with stride 1
Flow sizes = [10000, 100000] with stride 10000
--------------------------------------------
10000 0 165022
20000 0 163252
30000 0 159211
40000 0 167069
50000 0 155213
60000 0 163219
70000 0 159201
80000 0 163215
90000 0 163188
100000 0 159269

10000 1 159354
20000 1 163204
30000 1 159149
40000 1 159214
50000 1 163054
60000 1 163221
70000 1 159219
80000 1 163297
90000 1 163186
100000 1 167301

