10000 1024 163782
10000 2048 163575
10000 3072 159510
10000 4096 163667
10000 5120 167652
10000 6144 163704
10000 7168 163672
10000 8192 163703
10000 9216 159645
10000 10240 159710
10000 11264 159650
10000 12288 159539
10000 13312 159625
10000 14336 159675
10000 15360 167679
10000 16384 159695
10000 17408 159658
10000 18432 159627
10000 19456 159704
10000 20480 159679
10000 21504 163562
10000 22528 159645
10000 23552 163696
10000 24576 159691
10000 25600 163648
10000 26624 159670
10000 27648 163706
10000 28672 159623
10000 29696 163661
10000 30720 159644
10000 31744 163657
10000 32768 159664
10000 33792 159681
10000 34816 167551
10000 35840 159589
10000 36864 163674
10000 37888 163639
10000 38912 159634
10000 39936 163621
10000 40960 159614
10000 41984 167460
10000 43008 155767
10000 44032 163492
10000 45056 159634
10000 46080 163655
10000 47104 163742
10000 48128 163589
10000 49152 163629
10000 50176 163640
10000 51200 159623
10000 52224 159712
10000 53248 163616
10000 54272 163474
10000 55296 159794
10000 56320 163470
10000 57344 163851
10000 58368 159426
10000 59392 167671
10000 60416 159637
10000 61440 159672
10000 62464 159677
10000 63488 159546
10000 64512 163619
10000 65536 163541
10000 66560 163650
10000 67584 159606
10000 68608 163582
10000 69632 163643
10000 70656 163675
10000 71680 159648
10000 72704 159555
10000 73728 163567
10000 74752 167478
10000 75776 163595
10000 76800 163621
10000 77824 163611
10000 78848 159605
10000 79872 163634
10000 80896 163595
10000 81920 163472
10000 82944 163616
10000 83968 163591
10000 84992 163618
10000 86016 163576
10000 87040 159603
10000 88064 159595
10000 89088 159597
10000 90112 159621
10000 91136 163546
10000 92160 163442
10000 93184 159541
10000 94208 159632
10000 95232 163558
10000 96256 163608
10000 97280 163576
10000 98304 159594
10000 99328 159568
10000 100352 159610
10000 101376 159587

100000 1024 163647
100000 2048 163298
100000 3072 163565
100000 4096 159555
100000 5120 163597
100000 6144 167545
100000 7168 159571
100000 8192 163471
100000 9216 167635
100000 10240 163584
100000 11264 159678
100000 12288 163545
100000 13312 163608
100000 14336 159494
100000 15360 167630
100000 16384 159592
100000 17408 163407
100000 18432 159672
100000 19456 163406
100000 20480 159603
100000 21504 163580
100000 22528 159579
100000 23552 163543
100000 24576 163546
100000 25600 163569
100000 26624 163555
100000 27648 163356
100000 28672 163542
100000 29696 163549
100000 30720 163555
100000 31744 163574
100000 32768 163541
100000 33792 159538
100000 34816 163531
100000 35840 163417
100000 36864 163533
100000 37888 163554
100000 38912 159580
100000 39936 163545
100000 40960 163562
100000 41984 163562
100000 43008 163422
100000 44032 163536
100000 45056 167607
100000 46080 163570
100000 47104 163505
100000 48128 163525
100000 49152 163526
100000 50176 163417
100000 51200 159565
100000 52224 163540
100000 53248 163534
100000 54272 163545
100000 55296 163513
100000 56320 163593
100000 57344 163418
100000 58368 163507
100000 59392 159547
100000 60416 167575
100000 61440 163513
100000 62464 163555
100000 63488 163571
100000 64512 163386
100000 65536 163580
100000 66560 163557
100000 67584 163498
100000 68608 163547
100000 69632 163526
100000 70656 163535
100000 71680 163417
100000 72704 163509
100000 73728 163564
100000 74752 163458
100000 75776 167497
100000 76800 159759
100000 77824 163371
100000 78848 159468
100000 79872 167556
100000 80896 163519
100000 81920 159487
100000 82944 163528
100000 83968 163459
100000 84992 159518
100000 86016 163554
100000 87040 163383
100000 88064 159640
100000 89088 163400
100000 90112 163455
100000 91136 163492
100000 92160 163541
100000 93184 167538
100000 94208 163490
100000 95232 163342
100000 96256 163522
100000 97280 167517
100000 98304 167547
100000 99328 163522
100000 100352 163514
100000 101376 159371

500000 1024 199527
500000 2048 163766
500000 3072 167182
500000 4096 167513
500000 5120 163480
500000 6144 163535
500000 7168 167401
500000 8192 167492
500000 9216 167505
500000 10240 167426
500000 11264 167319
500000 12288 167457
500000 13312 167525
500000 14336 167501
500000 15360 167295
500000 16384 171475
500000 17408 167455
500000 18432 167523
500000 19456 167332
500000 20480 167536
500000 21504 167480
500000 22528 167501
500000 23552 167305
500000 24576 167530
500000 25600 167522
500000 26624 167504
500000 27648 167368
500000 28672 167473
500000 29696 167514
500000 30720 171517
500000 31744 167373
500000 32768 167548
500000 33792 163458
500000 34816 163445
500000 35840 167455
500000 36864 167360
500000 37888 163424
500000 38912 167460
500000 39936 167510
500000 40960 167385
500000 41984 167440
500000 43008 167474
500000 44032 167458
500000 45056 163457
500000 46080 167305
500000 47104 167463
500000 48128 167478
500000 49152 171292
500000 50176 167419
500000 51200 163442
500000 52224 167436
500000 53248 167464
500000 54272 167331
500000 55296 167495
500000 56320 167452
500000 57344 167469
500000 58368 167266
500000 59392 167444
500000 60416 163418
500000 61440 163439
500000 62464 163474
500000 63488 167464
500000 64512 163290
500000 65536 163455
500000 66560 163446
500000 67584 167428
500000 68608 163434
500000 69632 163446
500000 70656 163235
500000 71680 167440
500000 72704 167434
500000 73728 167404
500000 74752 163431
500000 75776 163295
500000 76800 167453
500000 77824 167350
500000 78848 167397
500000 79872 163429
500000 80896 163225
500000 81920 163423
500000 82944 163397
500000 83968 163381
500000 84992 163403
500000 86016 163423
500000 87040 163372
500000 88064 163190
500000 89088 163380
500000 90112 167445
500000 91136 167491
500000 92160 163625
500000 93184 163152
500000 94208 167322
500000 95232 167414
500000 96256 167373
500000 97280 163408
500000 98304 163414
500000 99328 163291
500000 100352 163408
500000 101376 163392

1000000 1024 243388
1000000 2048 247365
1000000 3072 171257
1000000 4096 171407
1000000 5120 171408
1000000 6144 171281
1000000 7168 171448
1000000 8192 171471
1000000 9216 171278
1000000 10240 171401
1000000 11264 171432
1000000 12288 171263
1000000 13312 171424
1000000 14336 171439
1000000 15360 175267
1000000 16384 171454
1000000 17408 171378
1000000 18432 171268
1000000 19456 171442
1000000 20480 171267
1000000 21504 167337
1000000 22528 171384
1000000 23552 171371
1000000 24576 171248
1000000 25600 171610
1000000 26624 171112
1000000 27648 171247
1000000 28672 171399
1000000 29696 171381
1000000 30720 171261
1000000 31744 167394
1000000 32768 171370
1000000 33792 171217
1000000 34816 171380
1000000 35840 167417
1000000 36864 167382
1000000 37888 171269
1000000 38912 171374
1000000 39936 171259
1000000 40960 171430
1000000 41984 171377
1000000 43008 171244
1000000 44032 171371
1000000 45056 167339
1000000 46080 171382
1000000 47104 171260
1000000 48128 171388
1000000 49152 171340
1000000 50176 171248
1000000 51200 171364
1000000 52224 171370
1000000 53248 171292
1000000 54272 171376
1000000 55296 171257
1000000 56320 167279
1000000 57344 171332
1000000 58368 171329
1000000 59392 171212
1000000 60416 171326
1000000 61440 171119
1000000 62464 171480
1000000 63488 167302
1000000 64512 167333
1000000 65536 167159
1000000 66560 167344
1000000 67584 171376
1000000 68608 167330
1000000 69632 171183
1000000 70656 167410
1000000 71680 171355
1000000 72704 171188
1000000 73728 171362
1000000 74752 171419
1000000 75776 167165
1000000 76800 171393
1000000 77824 167349
1000000 78848 171395
1000000 79872 171179
1000000 80896 171354
1000000 81920 171318
1000000 82944 171261
1000000 83968 171299
1000000 84992 171206
1000000 86016 167354
1000000 87040 171309
1000000 88064 171365
1000000 89088 171226
1000000 90112 171340
1000000 91136 171341
1000000 92160 171178
1000000 93184 171312
1000000 94208 171374
1000000 95232 171174
1000000 96256 167317
1000000 97280 175148
1000000 98304 167266
1000000 99328 171344
1000000 100352 167176
1000000 101376 171343

5000000 1024 251308
5000000 2048 251161
5000000 3072 211285
5000000 4096 215315
5000000 5120 215193
5000000 6144 215241
5000000 7168 215177
5000000 8192 215317
5000000 9216 219199
5000000 10240 219331
5000000 11264 219151
5000000 12288 219294
5000000 13312 223193
5000000 14336 223347
5000000 15360 211323
5000000 16384 211127
5000000 17408 211223
5000000 18432 211273
5000000 19456 215127
5000000 20480 215256
5000000 21504 215135
5000000 22528 215280
5000000 23552 215276
5000000 24576 211091
5000000 25600 207219
5000000 26624 207230
5000000 27648 203242
5000000 28672 207158
5000000 29696 207186
5000000 30720 207282
5000000 31744 207279
5000000 32768 207075
5000000 33792 207319
5000000 34816 207258
5000000 35840 207211
5000000 36864 207304
5000000 37888 207122
5000000 38912 207213
5000000 39936 203276
5000000 40960 207272
5000000 41984 203155
5000000 43008 203205
5000000 44032 207051
5000000 45056 203300
5000000 46080 199173
5000000 47104 203197
5000000 48128 203237
5000000 49152 203107
5000000 50176 203214
5000000 51200 203203
5000000 52224 203250
5000000 53248 203239
5000000 54272 203256
5000000 55296 203227
5000000 56320 203233
5000000 57344 203091
5000000 58368 203229
5000000 59392 203183
5000000 60416 203235
5000000 61440 203166
5000000 62464 203200
5000000 63488 203276
5000000 64512 203263
5000000 65536 203053
5000000 66560 203232
5000000 67584 203176
5000000 68608 203194
5000000 69632 207372
5000000 70656 203189
5000000 71680 203192
5000000 72704 199204
5000000 73728 199086
5000000 74752 203378
5000000 75776 203025
5000000 76800 203137
5000000 77824 203213
5000000 78848 199179
5000000 79872 203204
5000000 80896 203177
5000000 81920 203274
5000000 82944 199169
5000000 83968 203210
5000000 84992 203155
5000000 86016 203015
5000000 87040 203197
5000000 88064 203207
5000000 89088 203179
5000000 90112 199129
5000000 91136 203226
5000000 92160 203163
5000000 93184 203080
5000000 94208 199165
5000000 95232 203000
5000000 96256 203175
5000000 97280 203193
5000000 98304 203143
5000000 99328 203177
5000000 100352 202945
5000000 101376 202765

10000000 1024 347003
10000000 2048 343086
10000000 3072 307244
10000000 4096 271093
10000000 5120 271094
10000000 6144 271077
10000000 7168 271245
10000000 8192 271064
10000000 9216 271114
10000000 10240 271071
10000000 11264 271114
10000000 12288 271089
10000000 13312 267212
10000000 14336 271077
10000000 15360 271090
10000000 16384 271139
10000000 17408 271196
10000000 18432 271079
10000000 19456 267082
10000000 20480 259213
10000000 21504 267039
10000000 22528 271073
10000000 23552 266977
10000000 24576 259186
10000000 25600 259022
10000000 26624 251132
10000000 27648 251166
10000000 28672 250955
10000000 29696 251191
10000000 30720 251127
10000000 31744 250979
10000000 32768 251166
10000000 33792 251117
10000000 34816 251009
10000000 35840 247149
10000000 36864 251142
10000000 37888 251139
10000000 38912 247030
10000000 39936 247138
10000000 40960 247140
10000000 41984 247138
10000000 43008 247186
10000000 44032 247019
10000000 45056 251126
10000000 46080 243127
10000000 47104 247206
10000000 48128 247031
10000000 49152 247127
10000000 50176 247069
10000000 51200 247095
10000000 52224 247133
10000000 53248 246899
10000000 54272 247121
10000000 55296 247017
10000000 56320 247113
10000000 57344 247112
10000000 58368 246959
10000000 59392 247115
10000000 60416 247102
10000000 61440 243155
10000000 62464 247113
10000000 63488 246887
10000000 64512 243102
10000000 65536 247105
10000000 66560 247123
10000000 67584 247105
10000000 68608 246950
10000000 69632 247140
10000000 70656 247106
10000000 71680 246999
10000000 72704 247155
10000000 73728 242927
10000000 74752 247124
10000000 75776 247132
10000000 76800 247146
10000000 77824 242984
10000000 78848 243114
10000000 79872 243041
10000000 80896 243109
10000000 81920 243100
10000000 82944 243110
10000000 83968 243127
10000000 84992 243106
10000000 86016 243109
10000000 87040 242949
10000000 88064 243052
10000000 89088 243081
10000000 90112 243128
10000000 91136 243062
10000000 92160 243104
10000000 93184 243106
10000000 94208 243105
10000000 95232 243086
10000000 96256 242877
10000000 97280 243110
10000000 98304 243081
10000000 99328 243152
10000000 100352 247117
10000000 101376 247080

50000000 1024 967088
50000000 2048 894970
50000000 3072 855071
50000000 4096 710947
50000000 5120 710921
50000000 6144 711158
50000000 7168 710967
50000000 8192 710982
50000000 9216 711155
50000000 10240 710991
50000000 11264 710969
50000000 12288 711165
50000000 13312 710990
50000000 14336 710927
50000000 15360 711025
50000000 16384 710980
50000000 17408 710884
50000000 18432 703052
50000000 19456 710932
50000000 20480 711117
50000000 21504 710996
50000000 22528 710864
50000000 23552 711122
50000000 24576 662937
50000000 25600 663030
50000000 26624 614915
50000000 27648 614997
50000000 28672 599029
50000000 29696 602981
50000000 30720 603004
50000000 31744 603032
50000000 32768 602901
50000000 33792 603007
50000000 34816 603031
50000000 35840 602895
50000000 36864 598984
50000000 37888 599059
50000000 38912 598991
50000000 39936 602968
50000000 40960 602951
50000000 41984 603040
50000000 43008 598983
50000000 44032 599008
50000000 45056 598971
50000000 46080 598961
50000000 47104 603002
50000000 48128 599003
50000000 49152 599028
50000000 50176 591078
50000000 51200 590989
50000000 52224 586878
50000000 53248 587063
50000000 54272 586961
50000000 55296 587059
50000000 56320 586906
50000000 57344 586857
50000000 58368 587043
50000000 59392 586940
50000000 60416 587137
50000000 61440 586782
50000000 62464 586950
50000000 63488 587059
50000000 64512 586937
50000000 65536 583056
50000000 66560 586901
50000000 67584 586913
50000000 68608 583100
50000000 69632 586908
50000000 70656 587044
50000000 71680 586894
50000000 72704 587037
50000000 73728 586926
50000000 74752 586904
50000000 75776 587056
50000000 76800 586889
50000000 77824 587049
50000000 78848 586944
50000000 79872 586907
50000000 80896 587070
50000000 81920 586953
50000000 82944 587063
50000000 83968 586854
50000000 84992 586871
50000000 86016 583041
50000000 87040 586929
50000000 88064 583007
50000000 89088 586819
50000000 90112 583067
50000000 91136 586905
50000000 92160 587039
50000000 93184 587160
50000000 94208 586653
50000000 95232 587003
50000000 96256 586883
50000000 97280 586999
50000000 98304 586896
50000000 99328 582867
50000000 100352 583031
50000000 101376 582815

100000000 1024 1731089
100000000 2048 1694900
100000000 3072 2174848
100000000 4096 1258890
100000000 5120 1258902
100000000 6144 1262835
100000000 7168 1258934
100000000 8192 1258918
100000000 9216 1258911
100000000 10240 1258886
100000000 11264 1258949
100000000 12288 1258774
100000000 13312 1258922
100000000 14336 1258869
100000000 15360 1258911
100000000 16384 1258928
100000000 17408 1258855
100000000 18432 1258760
100000000 19456 1258878
100000000 20480 1258872
100000000 21504 1258845
100000000 22528 1258901
100000000 23552 1258945
100000000 24576 1166858
100000000 25600 1162860
100000000 26624 1062900
100000000 27648 1066808
100000000 28672 1046931
100000000 29696 1042877
100000000 30720 1043076
100000000 31744 1042919
100000000 32768 1042905
100000000 33792 1042875
100000000 34816 1042812
100000000 35840 1042937
100000000 36864 1042922
100000000 37888 1042880
100000000 38912 1042869
100000000 39936 1038777
100000000 40960 1042840
100000000 41984 1038993
100000000 43008 1042730
100000000 44032 1042884
100000000 45056 1046804
100000000 46080 1038826
100000000 47104 1038848
100000000 48128 1043016
100000000 49152 1038813
100000000 50176 1018999
100000000 51200 1018616
100000000 52224 1014928
100000000 53248 1010848
100000000 54272 1010900
100000000 55296 1010804
100000000 56320 1010881
100000000 57344 1010862
100000000 58368 1010928
100000000 59392 1010867
100000000 60416 1010839
100000000 61440 1010917
100000000 62464 1010847
100000000 63488 1010822
100000000 64512 1010923
100000000 65536 1010359
100000000 66560 1010509
100000000 67584 1007035
100000000 68608 1010780
100000000 69632 1006942
100000000 70656 1010747
100000000 71680 1007044
100000000 72704 1010820
100000000 73728 1010656
100000000 74752 1010904
100000000 75776 1010836
100000000 76800 1010884
100000000 77824 1010800
100000000 78848 1006881
100000000 79872 1010877
100000000 80896 1010844
100000000 81920 1010848
100000000 82944 1010859
100000000 83968 1010869
100000000 84992 1010882
100000000 86016 1010878
100000000 87040 1010883
100000000 88064 1010861
100000000 89088 1010809
100000000 90112 1010814
100000000 91136 1010760
100000000 92160 1010883
100000000 93184 1010788
100000000 94208 1010925
100000000 95232 1010659
100000000 96256 1010802
100000000 97280 1010796
100000000 98304 1010844
100000000 99328 1010797
100000000 100352 1010926
100000000 101376 1010732

