Experiment
--------------------------------------------
Parameter = tcp_syncookies
Values [0, 1] with stride 1
Flow sizes = [10000, 100000] with stride 10000
--------------------------------------------
10000 0 162910
20000 0 159546
30000 0 163487
40000 0 163439
50000 0 159502
60000 0 159449
70000 0 163492
80000 0 159358
90000 0 159499
100000 0 163384

10000 1 159536
20000 1 159512
30000 1 163512
40000 1 163465
50000 1 163410
60000 1 167303
70000 1 155465
80000 1 159461
90000 1 167493
100000 1 159454

