Experiment
--------------------------------------------
Parameter = tcp_window_scaling
Values [0, 1] with stride 1
Flow sizes = [10000, 100000] with stride 10000
--------------------------------------------
10000 0 160581
20000 0 159756
30000 0 163818
40000 0 159809
50000 0 163805
60000 0 159791
70000 0 159841
80000 0 163822
90000 0 163805
100000 0 163707

10000 1 163779
20000 1 163825
30000 1 163733
40000 1 163742
50000 1 163823
60000 1 159803
70000 1 159787
80000 1 159812
90000 1 159815
100000 1 163784

