Experiment
--------------------------------------------
Parameter = tcp_timestamps
Values [0, 1] with stride 1
Flow sizes = [10000, 100000] with stride 10000
--------------------------------------------
10000 0 159726
20000 0 155792
30000 0 159960
40000 0 159974
50000 0 159970
60000 0 159953
70000 0 155965
80000 0 159989
90000 0 159981
100000 0 163826

10000 1 160011
20000 1 163974
30000 1 159942
40000 1 163993
50000 1 164017
60000 1 163996
70000 1 159994
80000 1 159738
90000 1 159961
100000 1 167946

