Experiment
--------------------------------------------
Parameter = tcp_tw_recycle
Values [0, 1] with stride 1
Flow sizes = [10000, 100000] with stride 10000
--------------------------------------------
10000 0 163632
20000 0 163479
30000 0 163342
40000 0 163476
50000 0 159446
60000 0 163439
70000 0 163526
80000 0 163428
90000 0 167623
100000 0 163289

10000 1 167481
20000 1 167438
30000 1 167454
40000 1 167383
50000 1 163497
60000 1 163395
70000 1 163505
80000 1 163447
90000 1 163502
100000 1 167270

