Experiment
--------------------------------------------
Parameter = tcp_slow_start_after_idle
Values [0, 1] with stride 1
Flow sizes = [10000, 100000] with stride 10000
--------------------------------------------
10000 0 158705
20000 0 159122
30000 0 163120
40000 0 163059
50000 0 167074
60000 0 162886
70000 0 159114
80000 0 159034
90000 0 163061
100000 0 159039

10000 1 167044
20000 1 167099
30000 1 162918
40000 1 163086
50000 1 159064
60000 1 159053
70000 1 159049
80000 1 159170
90000 1 158935
100000 1 163117

