Experiment
--------------------------------------------
Parameter = tcp_dsack
Values [0, 1] with stride 1
Flow sizes = [10000, 100000] with stride 10000
--------------------------------------------
10000 0 161015
20000 0 163805
30000 0 163814
40000 0 163730
50000 0 163781
60000 0 159752
70000 0 159795
80000 0 167638
90000 0 163781
100000 0 159717

10000 1 163793
20000 1 167793
30000 1 159774
40000 1 159825
50000 1 163613
60000 1 159926
70000 1 167591
80000 1 159724
90000 1 163764
100000 1 167778

