Experiment
--------------------------------------------
Parameter = tcp_abort_on_overflow
Values [0, 1] with stride 1
Flow sizes = [10000000, 100000000] with stride 10000000
--------------------------------------------
10000000 0 238802
20000000 0 327799
30000000 0 403688
40000000 0 687779
50000000 0 571826
60000000 0 767481
70000000 0 1000133
80000000 0 863373
90000000 0 1547689
100000000 0 1220308

10000000 1 239072
20000000 1 319775
30000000 1 399803
40000000 1 499846
50000000 1 759939
60000000 1 655607
70000000 1 1527646
80000000 1 1027734
90000000 1 1143489
100000000 1 1380161

