Experiment
--------------------------------------------
Parameter = tcp_low_latency
Values [0, 1] with stride 1
Flow sizes = [10000000, 100000000] with stride 10000000
--------------------------------------------
10000000 0 245705
20000000 0 323766
30000000 0 391901
40000000 0 995672
50000000 0 5583532
60000000 0 659790
70000000 0 736042
80000000 0 995665
90000000 0 6179634
100000000 0 1235790

10000000 1 242652
20000000 1 323827
30000000 1 623886
40000000 1 475783
50000000 1 835519
60000000 1 655951
70000000 1 1191439
80000000 1 820178
90000000 1 911445
100000000 1 1531971

