Experiment
--------------------------------------------
Parameter = tcp_fack
Values [0, 1] with stride 1
Flow sizes = [10000000, 100000000] with stride 10000000
--------------------------------------------
10000000 0 254002
20000000 0 327747
30000000 0 667848
40000000 0 479921
50000000 0 579683
60000000 0 1115924
70000000 0 1467694
80000000 0 5863548
90000000 0 1087757
100000000 0 1015843

10000000 1 246824
20000000 1 523921
30000000 1 403662
40000000 1 511775
50000000 1 579987
60000000 1 843577
70000000 1 920054
80000000 1 1027399
90000000 1 1755839
100000000 1 991777

