Experiment
--------------------------------------------
Parameter = tcp_dsack
Values [0, 1] with stride 1
Flow sizes = [10000000, 100000000] with stride 10000000
--------------------------------------------
10000000 0 274353
20000000 0 320038
30000000 0 391931
40000000 0 507422
50000000 0 556224
60000000 0 919258
70000000 0 724145
80000000 0 1647727
90000000 0 1287627
100000000 0 1455551

10000000 1 243388
20000000 1 363607
30000000 1 408000
40000000 1 951663
50000000 1 915560
60000000 1 1431981
70000000 1 932064
80000000 1 1091452
90000000 1 895891
100000000 1 1011700

