Experiment
--------------------------------------------
Parameter = tcp_window_scaling
Values [0, 1] with stride 1
Flow sizes = [10000000, 100000000] with stride 10000000
--------------------------------------------
10000000 0 269177
20000000 0 327776
30000000 0 455765
40000000 0 743757
50000000 0 1327819
60000000 0 1311766
70000000 0 1871697
80000000 0 2107856
90000000 0 1699694
100000000 0 1479766

10000000 1 251423
20000000 1 324296
30000000 1 403565
40000000 1 739769
50000000 1 827736
60000000 1 839658
70000000 1 739775
80000000 1 1127941
90000000 1 1567497
100000000 1 1651903

