Experiment
--------------------------------------------
Parameter = tcp_syncookies
Values [0, 1] with stride 1
Flow sizes = [10000000, 100000000] with stride 10000000
--------------------------------------------
10000000 0 245983
20000000 0 335928
30000000 0 403983
40000000 0 495536
50000000 0 1023840
60000000 0 651921
70000000 0 731903
80000000 0 843517
90000000 0 903935
100000000 0 1447722

10000000 1 250826
20000000 1 5527896
30000000 1 395832
40000000 1 487707
50000000 1 587765
60000000 1 1055635
70000000 1 731846
80000000 1 1415738
90000000 1 1251709
100000000 1 1655961

