Experiment
--------------------------------------------
Parameter = tcp_tw_recycle
Values [0, 1] with stride 1
Flow sizes = [10000000, 100000000] with stride 10000000
--------------------------------------------
10000000 0 245309
20000000 0 323793
30000000 0 451495
40000000 0 484112
50000000 0 827415
60000000 0 668053
70000000 0 1203625
80000000 0 819963
90000000 0 1595633
100000000 0 1235914

10000000 1 242455
20000000 1 567773
30000000 1 619621
40000000 1 480056
50000000 1 575543
60000000 1 863971
70000000 1 1295448
80000000 1 1091896
90000000 1 911946
100000000 1 1455321

