Experiment
--------------------------------------------
Parameter = tcp_tw_reuse
Values [0, 1] with stride 1
Flow sizes = [10000000, 100000000] with stride 10000000
--------------------------------------------
10000000 0 494156
20000000 0 323789
30000000 0 447598
40000000 0 495966
50000000 0 1771949
60000000 0 923694
70000000 0 743691
80000000 0 1291940
90000000 0 1211654
100000000 0 1607813

10000000 1 246822
20000000 1 319747
30000000 1 407586
40000000 1 487963
50000000 1 895644
60000000 1 648070
70000000 1 987527
80000000 1 1335936
90000000 1 903827
100000000 1 1691818

