Experiment
--------------------------------------------
Parameter = tcp_no_metrics_save
Values [0, 1] with stride 1
Flow sizes = [10000000, 100000000] with stride 10000000
--------------------------------------------
10000000 0 240824
20000000 0 339677
30000000 0 431791
40000000 0 483883
50000000 0 883742
60000000 0 1032078
70000000 0 6127447
80000000 0 996049
90000000 0 1115621
100000000 0 1455549

10000000 1 246747
20000000 1 319928
30000000 1 399650
40000000 1 503853
50000000 1 1315620
60000000 1 1159800
70000000 1 951755
80000000 1 827944
90000000 1 915437
100000000 1 1483884

