Experiment
--------------------------------------------
Parameter = tcp_timestamps
Values [0, 1] with stride 1
Flow sizes = [10000000, 100000000] with stride 10000000
--------------------------------------------
10000000 0 235957
20000000 0 319695
30000000 0 595805
40000000 0 487614
50000000 0 815865
60000000 0 859690
70000000 0 1915942
80000000 0 1487796
90000000 0 903685
100000000 0 983674

10000000 1 237900
20000000 1 503837
30000000 1 683731
40000000 1 623555
50000000 1 763842
60000000 1 659671
70000000 1 736199
80000000 1 819652
90000000 1 895885
100000000 1 1191788

