Experiment
--------------------------------------------
Parameter = tcp_slow_start_after_idle
Values [0, 1] with stride 1
Flow sizes = [10000000, 100000000] with stride 10000000
--------------------------------------------
10000000 0 241627
20000000 0 323625
30000000 0 404067
40000000 0 499730
50000000 0 563771
60000000 0 659409
70000000 0 960038
80000000 0 1311571
90000000 0 915855
100000000 0 1419627

10000000 1 242432
20000000 1 527898
30000000 1 403794
40000000 1 487593
50000000 1 935910
60000000 1 663571
70000000 1 1095622
80000000 1 1311844
90000000 1 995619
100000000 1 1827877

