Experiment
--------------------------------------------
Parameter = tcp_sack
Values [0, 1] with stride 1
Flow sizes = [10000000, 100000000] with stride 10000000
--------------------------------------------
10000000 0 243001
20000000 0 739778
30000000 0 1423913
40000000 0 495816
50000000 0 987668
60000000 0 1687767
70000000 0 3011748
80000000 0 3915801
90000000 0 8183874
100000000 0 3727670

10000000 1 242834
20000000 1 351847
30000000 1 415749
40000000 1 495740
50000000 1 783842
60000000 1 647890
70000000 1 815569
80000000 1 836026
90000000 1 1127899
100000000 1 1435507

