Experiment
--------------------------------------------
Parameter = tcp_mtu_probing
Values [0, 1] with stride 1
Flow sizes = [10000000, 100000000] with stride 10000000
--------------------------------------------
10000000 0 245105
20000000 0 319670
30000000 0 443731
40000000 0 480108
50000000 0 1027397
60000000 0 908097
70000000 0 1259541
80000000 0 827840
90000000 0 907819
100000000 0 983966

10000000 1 5245896
20000000 1 323888
30000000 1 399693
40000000 1 795565
50000000 1 575955
60000000 1 659850
70000000 1 1395562
80000000 1 1155743
90000000 1 1312169
100000000 1 1311657

