Experiment
--------------------------------------------
Parameter = tcp_frto_response
Values [0, 1] with stride 1
Flow sizes = [10000000, 100000000] with stride 10000000
--------------------------------------------
10000000 0 503870
20000000 0 379825
30000000 0 407696
40000000 0 495806
50000000 0 1199937
60000000 0 1231606
70000000 0 955819
80000000 0 827822
90000000 0 1119814
100000000 0 1459882

10000000 1 258120
20000000 1 324063
30000000 1 403777
40000000 1 495703
50000000 1 771732
60000000 1 1095627
70000000 1 1191851
80000000 1 823885
90000000 1 1471746
100000000 1 1663516

