1000000 0 169363
21000000 0 334210
41000000 0 511613
61000000 0 686665
81000000 0 853907

1000000 1 167411
21000000 1 333406
41000000 1 513228
61000000 1 685788
81000000 1 855451

1000000 2 169057
21000000 2 333442
41000000 2 508345
61000000 2 681038
81000000 2 855483

1000000 3 168259
21000000 3 332568
41000000 3 507354
61000000 3 683413
81000000 3 856267

1000000 4 166457
21000000 4 333418
41000000 4 509115
61000000 4 682747
81000000 4 853807

1000000 5 167462
21000000 5 334156
41000000 5 513981
61000000 5 684193
81000000 5 855499

1000000 6 168220
21000000 6 335721
41000000 6 509179
61000000 6 682662
81000000 6 854637

1000000 7 167392
21000000 7 333369
41000000 7 508352
61000000 7 688225
81000000 7 856260

1000000 8 168200
21000000 8 332509
41000000 8 509218
61000000 8 682614
81000000 8 857068

1000000 9 168965
21000000 9 334934
41000000 9 509147
61000000 9 687423
81000000 9 857009

1000000 10 167406
21000000 10 336562
41000000 10 509940
61000000 10 685005
81000000 10 855405

