1000000 4096 166466
21000000 4096 331983
41000000 4096 511886
61000000 4096 683773
81000000 4096 855770

1000000 8192 168538
21000000 8192 334564
41000000 8192 511106
61000000 8192 684596
81000000 8192 853390

1000000 12288 167434
21000000 12288 332851
41000000 12288 508805
61000000 12288 681366
81000000 12288 858117

1000000 16384 169401
21000000 16384 335374
41000000 16384 509483
61000000 16384 683760
81000000 16384 856329

1000000 20480 168517
21000000 20480 335369
41000000 20480 510263
61000000 20480 686273
81000000 20480 855741

1000000 24576 168449
21000000 24576 334548
41000000 24576 511120
61000000 24576 686113
81000000 24576 854980

1000000 28672 167754
21000000 28672 333731
41000000 28672 510309
61000000 28672 686176
81000000 28672 855881

1000000 32768 168399
21000000 32768 337780
41000000 32768 508630
61000000 32768 682947
81000000 32768 854178

1000000 36864 168538
21000000 36864 333701
41000000 36864 510271
61000000 36864 686153
81000000 36864 854224

1000000 40960 169360
21000000 40960 330503
41000000 40960 509523
61000000 40960 686919
81000000 40960 856506

1000000 45056 168545
21000000 45056 334528
41000000 45056 510298
61000000 45056 686953
81000000 45056 855766

1000000 49152 167729
21000000 49152 334433
41000000 49152 509524
61000000 49152 681311
81000000 49152 855719

1000000 53248 168511
21000000 53248 336067
41000000 53248 508674
61000000 53248 684517
81000000 53248 855689

1000000 57344 168462
21000000 57344 336907
41000000 57344 511818
61000000 57344 684462
81000000 57344 857342

1000000 61440 167665
21000000 61440 334425
41000000 61440 510260
61000000 61440 683697
81000000 61440 856581

1000000 65536 167611
21000000 65536 334478
41000000 65536 506997
61000000 65536 682891
81000000 65536 855743

