1000000 0 168749
21000000 0 333268
41000000 0 505794
61000000 0 683209
81000000 0 856093

1000000 1 167235
21000000 1 332401
41000000 1 509794
61000000 1 684051
81000000 1 856887

1000000 2 168030
21000000 2 336402
41000000 2 506586
61000000 2 684818
81000000 2 851267

1000000 3 168063
21000000 3 333194
41000000 3 507384
61000000 3 685388
81000000 3 853602

1000000 4 168013
21000000 4 334762
41000000 4 509834
61000000 4 684025
81000000 4 854439

1000000 5 168054
21000000 5 333141
41000000 5 504181
61000000 5 684011
81000000 5 855237

