1000000 1 169236
21000000 1 334236
41000000 1 510073
61000000 1 682679
81000000 1 856356

1000000 2 167535
21000000 2 334306
41000000 2 510878
61000000 2 684265
81000000 2 854744

1000000 3 168340
21000000 3 335074
41000000 3 506932
61000000 3 685865
81000000 3 854742

1000000 4 169046
21000000 4 333464
41000000 4 509251
61000000 4 681926
81000000 4 854714

1000000 5 167556
21000000 5 335904
41000000 5 509238
61000000 5 688252
81000000 5 856359

1000000 6 168338
21000000 6 335816
41000000 6 507668
61000000 6 685861
81000000 6 855544

1000000 7 167500
21000000 7 332681
41000000 7 510003
61000000 7 685924
81000000 7 855464

1000000 8 167588
21000000 8 332561
41000000 8 506840
61000000 8 685103
81000000 8 853911

1000000 9 166711
21000000 9 335802
41000000 9 507625
61000000 9 685879
81000000 9 857110

1000000 10 167475
21000000 10 332627
41000000 10 510790
61000000 10 685083
81000000 10 857127

