1000000 256 168557
21000000 256 332410
41000000 256 510736
61000000 256 682479
81000000 256 856096

1000000 512 168132
21000000 512 336500
41000000 512 509020
61000000 512 688147
81000000 512 854524

1000000 768 168067
21000000 768 331622
41000000 768 512289
61000000 768 680896
81000000 768 853740

1000000 1024 168140
21000000 1024 333189
41000000 1024 505029
61000000 1024 683274
81000000 1024 856134

1000000 1280 169585
21000000 1280 333195
41000000 1280 509068
61000000 1280 684060
81000000 1280 853711

1000000 1536 168109
21000000 1536 332405
41000000 1536 505836
61000000 1536 684071
81000000 1536 855324

1000000 1792 167264
21000000 1792 333194
41000000 1792 507447
61000000 1792 683269
81000000 1792 854522

1000000 2048 166463
21000000 2048 335611
41000000 2048 511445
61000000 2048 684863
81000000 2048 856887

