1000000 1 169195
21000000 1 331940
41000000 1 508508
61000000 1 684096
81000000 1 856369

1000000 2 168325
21000000 2 333500
41000000 2 510104
61000000 2 686754
81000000 2 857976

1000000 3 167523
21000000 3 335932
41000000 3 508507
61000000 3 685148
81000000 3 858778

1000000 4 168398
21000000 4 334220
41000000 4 510873
61000000 4 683520
81000000 4 855575

1000000 5 168328
21000000 5 335935
41000000 5 508494
61000000 5 685169
81000000 5 858817

1000000 6 168267
21000000 6 335133
41000000 6 509279
61000000 6 684358
81000000 6 854758

1000000 7 166742
21000000 7 335080
41000000 7 513177
61000000 7 682748
81000000 7 856398

1000000 8 168354
21000000 8 333430
41000000 8 511695
61000000 8 685621
81000000 8 853985

1000000 9 168306
21000000 9 333464
41000000 9 510082
61000000 9 683558
81000000 9 857880

1000000 10 169154
21000000 10 334286
41000000 10 510042
61000000 10 683521
81000000 10 856341

