Experiment
--------------------------------------------
Parameter = tcp_fack
Values [0, 1] with stride 1
Flow sizes = [10000000, 100000000] with stride 10000000
--------------------------------------------
10000000 0 243364
20000000 0 339550
30000000 0 396061
40000000 0 491970
50000000 0 603449
60000000 0 867847
70000000 0 747568
80000000 0 1044142
90000000 0 1103615
100000000 0 1055434

10000000 1 242649
20000000 1 323655
30000000 1 404060
40000000 1 471841
50000000 1 559733
60000000 1 691379
70000000 1 1464106
80000000 1 1155341
90000000 1 1496076
100000000 1 1503528

