Experiment
--------------------------------------------
Parameter = tcp_tw_recycle
Values [0, 1] with stride 1
Flow sizes = [10000000, 100000000] with stride 10000000
--------------------------------------------
10000000 0 278690
20000000 0 319949
30000000 0 400060
40000000 0 939479
50000000 0 587626
60000000 0 659926
70000000 0 1275698
80000000 0 903731
90000000 0 1011672
100000000 0 1295886

10000000 1 246813
20000000 1 323764
30000000 1 423594
40000000 1 487991
50000000 1 779602
60000000 1 1067575
70000000 1 728271
80000000 1 1019576
90000000 1 1559844
100000000 1 1643518

