Experiment
--------------------------------------------
Parameter = tcp_low_latency
Values [0, 1] with stride 1
Flow sizes = [10000000, 100000000] with stride 10000000
--------------------------------------------
10000000 0 238198
20000000 0 323809
30000000 0 399935
40000000 0 791643
50000000 0 591782
60000000 0 659575
70000000 0 1723768
80000000 0 1311966
90000000 0 1163935
100000000 0 3491478

10000000 1 258156
20000000 1 327687
30000000 1 408185
40000000 1 743302
50000000 1 576068
60000000 1 659942
70000000 1 991858
80000000 1 1323451
90000000 1 904051
100000000 1 991636

