Experiment
--------------------------------------------
Parameter = tcp_no_metrics_save
Values [0, 1] with stride 1
Flow sizes = [10000000, 100000000] with stride 10000000
--------------------------------------------
10000000 0 246249
20000000 0 539816
30000000 0 399933
40000000 0 483699
50000000 0 571645
60000000 0 735639
70000000 0 732185
80000000 0 859309
90000000 0 1108027
100000000 0 1023623

10000000 1 242199
20000000 1 319782
30000000 1 403883
40000000 1 511554
50000000 1 571885
60000000 1 1487744
70000000 1 763660
80000000 1 1252136
90000000 1 1339450
100000000 1 1311669

