Experiment
--------------------------------------------
Parameter = tcp_syncookies
Values [0, 1] with stride 1
Flow sizes = [10000000, 100000000] with stride 10000000
--------------------------------------------
10000000 0 238573
20000000 0 527828
30000000 0 455480
40000000 0 692189
50000000 0 591433
60000000 0 668016
70000000 0 747561
80000000 0 823887
90000000 0 911784
100000000 0 1551651

10000000 1 466985
20000000 1 319912
30000000 1 407887
40000000 1 975454
50000000 1 583716
60000000 1 656065
70000000 1 943736
80000000 1 1087635
90000000 1 1143821
100000000 1 1235968

