Experiment
--------------------------------------------
Parameter = tcp_mtu_probing
Values [0, 1] with stride 1
Flow sizes = [10000000, 100000000] with stride 10000000
--------------------------------------------
10000000 0 245111
20000000 0 331588
30000000 0 408031
40000000 0 483776
50000000 0 567696
60000000 0 939730
70000000 0 743653
80000000 0 2016093
90000000 0 1347539
100000000 0 1199910

10000000 1 449993
20000000 1 319737
30000000 1 399935
40000000 1 483701
50000000 1 1043824
60000000 1 859490
70000000 1 751974
80000000 1 1083838
90000000 1 1815610
100000000 1 1599512

