Experiment
--------------------------------------------
Parameter = tcp_timestamps
Values [0, 1] with stride 1
Flow sizes = [10000000, 100000000] with stride 10000000
--------------------------------------------
10000000 0 241767
20000000 0 5295754
30000000 0 407506
40000000 0 479929
50000000 0 627479
60000000 0 852205
70000000 0 751321
80000000 0 1051985
90000000 0 2059793
100000000 0 1387842

10000000 1 271046
20000000 1 323949
30000000 1 407990
40000000 1 479705
50000000 1 575512
60000000 1 640083
70000000 1 739565
80000000 1 1339790
90000000 1 895884
100000000 1 1003726

