Experiment
--------------------------------------------
Parameter = tcp_frto_response
Values [0, 1] with stride 1
Flow sizes = [10000000, 100000000] with stride 10000000
--------------------------------------------
10000000 0 469942
20000000 0 320091
30000000 0 411790
40000000 0 491575
50000000 0 827747
60000000 0 1175725
70000000 0 771690
80000000 0 808239
90000000 0 907526
100000000 0 1235667

10000000 1 238332
20000000 1 323943
30000000 1 403568
40000000 1 495613
50000000 1 784071
60000000 1 663684
70000000 1 743837
80000000 1 827818
90000000 1 1167603
100000000 1 1811716

