Experiment
--------------------------------------------
Parameter = tcp_window_scaling
Values [0, 1] with stride 1
Flow sizes = [10000000, 100000000] with stride 10000000
--------------------------------------------
10000000 0 243271
20000000 0 331763
30000000 0 903705
40000000 0 5751877
50000000 0 1035787
60000000 0 1323645
70000000 0 1199896
80000000 0 6763805
90000000 0 1491732
100000000 0 1391748

10000000 1 243457
20000000 1 315776
30000000 1 403986
40000000 1 543283
50000000 1 767942
60000000 1 663803
70000000 1 1195741
80000000 1 820056
90000000 1 1255478
100000000 1 1451991

