Experiment
--------------------------------------------
Parameter = tcp_dsack
Values [0, 1] with stride 1
Flow sizes = [10000000, 100000000] with stride 10000000
--------------------------------------------
10000000 0 244019
20000000 0 543657
30000000 0 411741
40000000 0 547779
50000000 0 780216
60000000 0 827613
70000000 0 735716
80000000 0 1827642
90000000 0 1215812
100000000 0 1627677

10000000 1 243324
20000000 1 319736
30000000 1 403837
40000000 1 491807
50000000 1 591423
60000000 1 648039
70000000 1 963550
80000000 1 1600103
90000000 1 1431562
100000000 1 1407885

