Experiment
--------------------------------------------
Parameter = tcp_abort_on_overflow
Values [0, 1] with stride 1
Flow sizes = [10000000, 100000000] with stride 10000000
--------------------------------------------
10000000 0 244897
20000000 0 323877
30000000 0 599889
40000000 0 787555
50000000 0 571995
60000000 0 1043683
70000000 0 759768
80000000 0 927549
90000000 0 1384102
100000000 0 983695

10000000 1 243231
20000000 1 343723
30000000 1 619987
40000000 1 491588
50000000 1 759951
60000000 1 759367
70000000 1 992139
80000000 1 1223619
90000000 1 899881
100000000 1 991629

