Experiment
--------------------------------------------
Parameter = tcp_sack
Values [0, 1] with stride 1
Flow sizes = [10000000, 100000000] with stride 10000000
--------------------------------------------
10000000 0 243678
20000000 0 323870
30000000 0 1039813
40000000 0 495771
50000000 0 2711701
60000000 0 1915846
70000000 0 2651700
80000000 0 1675700
90000000 0 2836037
100000000 0 2667673

10000000 1 246905
20000000 1 591764
30000000 1 392199
40000000 1 939661
50000000 1 775618
60000000 1 679725
70000000 1 744000
80000000 1 839594
90000000 1 1323698
100000000 1 1227836

