Experiment
--------------------------------------------
Parameter = tcp_slow_start_after_idle
Values [0, 1] with stride 1
Flow sizes = [10000000, 100000000] with stride 10000000
--------------------------------------------
10000000 0 5245485
20000000 0 327606
30000000 0 403882
40000000 0 487755
50000000 0 572172
60000000 0 1107402
70000000 0 879409
80000000 0 1032012
90000000 0 1651995
100000000 0 1247466

10000000 1 1238517
20000000 1 323681
30000000 1 607846
40000000 1 499919
50000000 1 767731
60000000 1 6059615
70000000 1 1015930
80000000 1 831715
90000000 1 903838
100000000 1 999697

