Experiment
--------------------------------------------
Parameter = tcp_tw_reuse
Values [0, 1] with stride 1
Flow sizes = [10000000, 100000000] with stride 10000000
--------------------------------------------
10000000 0 5221915
20000000 0 323968
30000000 0 403621
40000000 0 495882
50000000 0 1115776
60000000 0 903844
70000000 0 923758
80000000 0 6323349
90000000 0 915875
100000000 0 999791

10000000 1 246068
20000000 1 324018
30000000 1 407667
40000000 1 615571
50000000 1 811857
60000000 1 652244
70000000 1 723704
80000000 1 815757
90000000 1 1303482
100000000 1 1251734

