Experiment
--------------------------------------------
Parameter = tcp_abort_on_overflow
Values [0, 1] with stride 1
Flow sizes = [10000000, 100000000] with stride 10000000
--------------------------------------------
10000000 0 5254440
20000000 0 323716
30000000 0 596107
40000000 0 711657
50000000 0 775763
60000000 0 5651979
70000000 0 743535
80000000 0 1139513
90000000 0 911937
100000000 0 991973

10000000 1 246672
20000000 1 327704
30000000 1 607977
40000000 1 515481
50000000 1 772301
60000000 1 699458
70000000 1 1179884
80000000 1 839644
90000000 1 963510
100000000 1 1511948

