Experiment
--------------------------------------------
Parameter = tcp_tw_reuse
Values [0, 1] with stride 1
Flow sizes = [10000000, 100000000] with stride 10000000
--------------------------------------------
10000000 0 243355
20000000 0 567695
30000000 0 663950
40000000 0 667621
50000000 0 583794
60000000 0 1151424
70000000 0 1524083
80000000 0 823880
90000000 0 1099642
100000000 0 1903687

10000000 1 246735
20000000 1 375677
30000000 1 404149
40000000 1 487657
50000000 1 567871
60000000 1 655720
70000000 1 1955629
80000000 1 823634
90000000 1 6124099
100000000 1 1319443

