Experiment
--------------------------------------------
Parameter = tcp_timestamps
Values [0, 1] with stride 1
Flow sizes = [10000000, 100000000] with stride 10000000
--------------------------------------------
10000000 0 248788
20000000 0 603631
30000000 0 1152079
40000000 0 879822
50000000 0 567773
60000000 0 663444
70000000 0 724125
80000000 0 1015498
90000000 0 1655878
100000000 0 1683642

10000000 1 243297
20000000 1 735754
30000000 1 411747
40000000 1 499734
50000000 1 583963
60000000 1 687660
70000000 1 827760
80000000 1 851819
90000000 1 1123629
100000000 1 1247763

