Experiment
--------------------------------------------
Parameter = tcp_mtu_probing
Values [0, 1] with stride 1
Flow sizes = [10000000, 100000000] with stride 10000000
--------------------------------------------
10000000 0 490627
20000000 0 559837
30000000 0 403833
40000000 0 483743
50000000 0 579686
60000000 0 652041
70000000 0 727680
80000000 0 827609
90000000 0 1379825
100000000 0 1855795

10000000 1 246419
20000000 1 511929
30000000 1 407790
40000000 1 495655
50000000 1 787593
60000000 1 1115881
70000000 1 1015663
80000000 1 1079618
90000000 1 2572253
100000000 1 1203808

