Experiment
--------------------------------------------
Parameter = tcp_window_scaling
Values [0, 1] with stride 1
Flow sizes = [10000000, 100000000] with stride 10000000
--------------------------------------------
10000000 0 498009
20000000 0 339849
30000000 0 427768
40000000 0 771746
50000000 0 895690
60000000 0 779720
70000000 0 1395930
80000000 0 1475720
90000000 0 1539692
100000000 0 1623845

10000000 1 243478
20000000 1 327705
30000000 1 407867
40000000 1 519705
50000000 1 560128
60000000 1 1099589
70000000 1 727829
80000000 1 823567
90000000 1 1179798
100000000 1 1195965

