Experiment
--------------------------------------------
Parameter = tcp_fack
Values [0, 1] with stride 1
Flow sizes = [10000000, 100000000] with stride 10000000
--------------------------------------------
10000000 0 245602
20000000 0 323797
30000000 0 403890
40000000 0 487553
50000000 0 843871
60000000 0 843869
70000000 0 723694
80000000 0 999823
90000000 0 971557
100000000 0 1015774

10000000 1 242875
20000000 1 367598
30000000 1 404151
40000000 1 471884
50000000 1 551677
60000000 1 855613
70000000 1 835665
80000000 1 839747
90000000 1 2091899
100000000 1 991768

