Experiment
--------------------------------------------
Parameter = tcp_low_latency
Values [0, 1] with stride 1
Flow sizes = [10000000, 100000000] with stride 10000000
--------------------------------------------
10000000 0 1203550
20000000 0 323832
30000000 0 411933
40000000 0 5755354
50000000 0 1244062
60000000 0 651755
70000000 0 935932
80000000 0 1435377
90000000 0 1400167
100000000 0 1395339

10000000 1 458832
20000000 1 319768
30000000 1 403860
40000000 1 763534
50000000 1 1520009
60000000 1 659969
70000000 1 743504
80000000 1 1403708
90000000 1 1087978
100000000 1 1335783

