Experiment
--------------------------------------------
Parameter = tcp_tw_recycle
Values [0, 1] with stride 1
Flow sizes = [10000000, 100000000] with stride 10000000
--------------------------------------------
10000000 0 245415
20000000 0 843646
30000000 0 400034
40000000 0 495737
50000000 0 575680
60000000 0 935507
70000000 0 1399927
80000000 0 827898
90000000 0 5907839
100000000 0 1647677

10000000 1 242911
20000000 1 319826
30000000 1 403779
40000000 1 955875
50000000 1 567734
60000000 1 651690
70000000 1 1195603
80000000 1 1019970
90000000 1 1415663
100000000 1 1451714

