Experiment
--------------------------------------------
Parameter = tcp_slow_start_after_idle
Values [0, 1] with stride 1
Flow sizes = [10000000, 100000000] with stride 10000000
--------------------------------------------
10000000 0 244658
20000000 0 523746
30000000 0 407829
40000000 0 499762
50000000 0 839817
60000000 0 655656
70000000 0 1127869
80000000 0 843513
90000000 0 1303822
100000000 0 991879

10000000 1 242421
20000000 1 319786
30000000 1 407588
40000000 1 495885
50000000 1 595751
60000000 1 1091477
70000000 1 732317
80000000 1 1495588
90000000 1 1399758
100000000 1 987797

