Experiment
--------------------------------------------
Parameter = tcp_sack
Values [0, 1] with stride 1
Flow sizes = [10000000, 100000000] with stride 10000000
--------------------------------------------
10000000 0 661539
20000000 0 2027695
30000000 0 2656082
40000000 0 1315723
50000000 0 983858
60000000 0 671557
70000000 0 1995999
80000000 0 4335612
90000000 0 2995879
100000000 0 3131712

10000000 1 242810
20000000 1 319757
30000000 1 459553
40000000 1 491846
50000000 1 991863
60000000 1 911775
70000000 1 819609
80000000 1 808048
90000000 1 1155702
100000000 1 1195846

