Experiment
--------------------------------------------
Parameter = tcp_frto_response
Values [0, 1] with stride 1
Flow sizes = [10000000, 100000000] with stride 10000000
--------------------------------------------
10000000 0 244582
20000000 0 331695
30000000 0 408114
40000000 0 483726
50000000 0 559667
60000000 0 695653
70000000 0 743824
80000000 0 1123907
90000000 0 6083767
100000000 0 983764

10000000 1 246332
20000000 1 323647
30000000 1 411758
40000000 1 488087
50000000 1 591715
60000000 1 655724
70000000 1 955658
80000000 1 1043680
90000000 1 1139956
100000000 1 1735570

