Experiment
--------------------------------------------
Parameter = tcp_dsack
Values [0, 1] with stride 1
Flow sizes = [10000000, 100000000] with stride 10000000
--------------------------------------------
10000000 0 246036
20000000 0 327761
30000000 0 427594
40000000 0 739931
50000000 0 571674
60000000 0 663611
70000000 0 928089
80000000 0 815842
90000000 0 1327483
100000000 0 1267585

10000000 1 243439
20000000 1 315758
30000000 1 396055
40000000 1 495469
50000000 1 587901
60000000 1 655699
70000000 1 999829
80000000 1 895543
90000000 1 919936
100000000 1 987921

