Experiment
--------------------------------------------
Parameter = tcp_no_metrics_save
Values [0, 1] with stride 1
Flow sizes = [10000000, 100000000] with stride 10000000
--------------------------------------------
10000000 0 240785
20000000 0 323758
30000000 0 399823
40000000 0 955571
50000000 0 795871
60000000 0 667721
70000000 0 887455
80000000 0 840021
90000000 0 908021
100000000 0 1251429

10000000 1 250640
20000000 1 319921
30000000 1 399986
40000000 1 475789
50000000 1 763718
60000000 1 1419480
70000000 1 1004084
80000000 1 1383503
90000000 1 1159734
100000000 1 5991951

