Experiment
--------------------------------------------
Parameter = tcp_syncookies
Values [0, 1] with stride 1
Flow sizes = [10000000, 100000000] with stride 10000000
--------------------------------------------
10000000 0 254723
20000000 0 319993
30000000 0 451515
40000000 0 1035804
50000000 0 587761
60000000 0 644176
70000000 0 939679
80000000 0 835688
90000000 0 899721
100000000 0 1179863

10000000 1 242770
20000000 1 323636
30000000 1 691713
40000000 1 687915
50000000 1 583873
60000000 1 1911695
70000000 1 1311684
80000000 1 1239837
90000000 1 1171763
100000000 1 2159871

