Experiment
--------------------------------------------
Parameter = tcp_dsack
Values [0, 1] with stride 1
Flow sizes = [10000, 100000] with stride 10000
--------------------------------------------
10000 0 160993
20000 0 155735
30000 0 159745
40000 0 159823
50000 0 159703
60000 0 159727
70000 0 159838
80000 0 159707
90000 0 159846
100000 0 159713

10000 1 159514
20000 1 155768
30000 1 159700
40000 1 159844
50000 1 159718
60000 1 159693
70000 1 159868
80000 1 159704
90000 1 159855
100000 1 159708

