Experiment
--------------------------------------------
Parameter = tcp_syncookies
Values [0, 1] with stride 1
Flow sizes = [10000, 100000] with stride 10000
--------------------------------------------
10000 0 163040
20000 0 159870
30000 0 159879
40000 0 159864
50000 0 159888
60000 0 159871
70000 0 159879
80000 0 160025
90000 0 159717
100000 0 159989

10000 1 163410
20000 1 159796
30000 1 159846
40000 1 159839
50000 1 159851
60000 1 159910
70000 1 159816
80000 1 159890
90000 1 159828
100000 1 159851

