Experiment
--------------------------------------------
Parameter = tcp_abort_on_overflow
Values [0, 1] with stride 1
Flow sizes = [10000, 100000] with stride 10000
--------------------------------------------
10000 0 160713
20000 0 159817
30000 0 159829
40000 0 159862
50000 0 159852
60000 0 159837
70000 0 160107
80000 0 159603
90000 0 159845
100000 0 159845

10000 1 163804
20000 1 159778
30000 1 159857
40000 1 159845
50000 1 159891
60000 1 159820
70000 1 159856
80000 1 159900
90000 1 159834
100000 1 159858

