Experiment
--------------------------------------------
Parameter = tcp_mtu_probing
Values [0, 1] with stride 1
Flow sizes = [10000, 100000] with stride 10000
--------------------------------------------
10000 0 161491
20000 0 155641
30000 0 159715
40000 0 159840
50000 0 159715
60000 0 159857
70000 0 159762
80000 0 159652
90000 0 159840
100000 0 159701

10000 1 158936
20000 1 155648
30000 1 159734
40000 1 159847
50000 1 159711
60000 1 159850
70000 1 159694
80000 1 159706
90000 1 159841
100000 1 159719

