Experiment
--------------------------------------------
Parameter = tcp_low_latency
Values [0, 1] with stride 1
Flow sizes = [10000, 100000] with stride 10000
--------------------------------------------
10000 0 163233
20000 0 159815
30000 0 159837
40000 0 159868
50000 0 159843
60000 0 159838
70000 0 159864
80000 0 159830
90000 0 159870
100000 0 159841

10000 1 163127
20000 1 159813
30000 1 159894
40000 1 159811
50000 1 159851
60000 1 159860
70000 1 159871
80000 1 159850
90000 1 160000
100000 1 159850

