Experiment
--------------------------------------------
Parameter = tcp_slow_start_after_idle
Values [0, 1] with stride 1
Flow sizes = [10000, 100000] with stride 10000
--------------------------------------------
10000 0 158067
20000 0 155766
30000 0 159723
40000 0 159847
50000 0 159705
60000 0 159752
70000 0 159834
80000 0 159742
90000 0 159819
100000 0 159713

10000 1 158683
20000 1 155817
30000 1 159730
40000 1 159564
50000 1 160037
60000 1 159689
70000 1 159850
80000 1 159768
90000 1 159524
100000 1 160037

