Experiment
--------------------------------------------
Parameter = tcp_no_metrics_save
Values [0, 1] with stride 1
Flow sizes = [10000, 100000] with stride 10000
--------------------------------------------
10000 0 163371
20000 0 155651
30000 0 159750
40000 0 159826
50000 0 159711
60000 0 159869
70000 0 159713
80000 0 159692
90000 0 159861
100000 0 159707

10000 1 159039
20000 1 155644
30000 1 159737
40000 1 159829
50000 1 159697
60000 1 159860
70000 1 159707
80000 1 159715
90000 1 159887
100000 1 159693

