Experiment
--------------------------------------------
Parameter = tcp_window_scaling
Values [0, 1] with stride 1
Flow sizes = [10000, 100000] with stride 10000
--------------------------------------------
10000 0 156789
20000 0 159795
30000 0 159840
40000 0 159868
50000 0 159847
60000 0 159997
70000 0 159847
80000 0 159850
90000 0 159852
100000 0 159851

10000 1 167825
20000 1 159797
30000 1 159858
40000 1 159841
50000 1 159840
60000 1 159859
70000 1 159845
80000 1 159865
90000 1 159836
100000 1 159845

