Experiment
--------------------------------------------
Parameter = tcp_sack
Values [0, 1] with stride 1
Flow sizes = [10000, 100000] with stride 10000
--------------------------------------------
10000 0 160826
20000 0 155825
30000 0 159860
40000 0 159832
50000 0 159843
60000 0 159844
70000 0 159845
80000 0 159860
90000 0 159846
100000 0 159842

10000 1 159795
20000 1 155776
30000 1 159873
40000 1 159841
50000 1 160019
60000 1 159845
70000 1 159855
80000 1 159857
90000 1 159830
100000 1 159868

