Experiment
--------------------------------------------
Parameter = tcp_timestamps
Values [0, 1] with stride 1
Flow sizes = [10000, 100000] with stride 10000
--------------------------------------------
10000 0 165929
20000 0 159730
30000 0 159856
40000 0 159820
50000 0 159868
60000 0 159856
70000 0 159863
80000 0 159835
90000 0 159856
100000 0 159841

10000 1 159718
20000 1 159838
30000 1 159847
40000 1 159847
50000 1 159848
60000 1 159988
70000 1 159850
80000 1 159857
90000 1 159811
100000 1 159881

