Experiment
--------------------------------------------
Parameter = tcp_tw_recycle
Values [0, 1] with stride 1
Flow sizes = [10000, 100000] with stride 10000
--------------------------------------------
10000 0 164007
20000 0 155742
30000 0 159781
40000 0 159817
50000 0 159698
60000 0 159710
70000 0 159839
80000 0 159711
90000 0 159836
100000 0 159725

10000 1 158845
20000 1 155753
30000 1 159719
40000 1 159846
50000 1 159712
60000 1 159678
70000 1 159846
80000 1 159753
90000 1 159812
100000 1 159778

