Experiment
--------------------------------------------
Parameter = tcp_fack
Values [0, 1] with stride 1
Flow sizes = [10000, 100000] with stride 10000
--------------------------------------------
10000 0 163881
20000 0 159805
30000 0 159843
40000 0 159841
50000 0 159850
60000 0 159842
70000 0 159893
80000 0 159832
90000 0 159992
100000 0 159865

10000 1 159400
20000 1 159795
30000 1 159845
40000 1 159853
50000 1 159832
60000 1 159864
70000 1 159845
80000 1 160095
90000 1 159599
100000 1 159850

