Experiment
--------------------------------------------
Parameter = tcp_frto_response
Values [0, 1] with stride 1
Flow sizes = [10000, 100000] with stride 10000
--------------------------------------------
10000 0 158515
20000 0 155627
30000 0 159851
40000 0 159690
50000 0 159840
60000 0 159717
70000 0 159712
80000 0 159843
90000 0 159706
100000 0 159845

10000 1 158919
20000 1 155659
30000 1 159838
40000 1 159707
50000 1 159840
60000 1 159726
70000 1 159756
80000 1 159805
90000 1 159687
100000 1 159883

