Experiment
--------------------------------------------
Parameter = tcp_tw_reuse
Values [0, 1] with stride 1
Flow sizes = [10000, 100000] with stride 10000
--------------------------------------------
10000 0 159330
20000 0 155651
30000 0 159856
40000 0 159693
50000 0 159727
60000 0 159856
70000 0 159750
80000 0 159818
90000 0 159709
100000 0 159713

10000 1 162794
20000 1 155640
30000 1 159721
40000 1 159832
50000 1 159709
60000 1 159866
70000 1 159707
80000 1 159694
90000 1 159893
100000 1 159704

