10000 1 157940
100000 1 158445
500000 1 178654
1000000 1 176047
5000000 1 158208
10000000 1 210832
50000000 1 643314
100000000 1 1182273

10000 3 163435
100000 3 169902
500000 3 175441
1000000 3 178835
5000000 3 198858
10000000 3 199142
50000000 3 650468
100000000 3 1179229

10000 5 130878
100000 5 163341
500000 5 170815
1000000 5 170905
5000000 5 207712
10000000 5 211499
50000000 5 645341
100000000 5 1167551

10000 7 163240
100000 7 166287
500000 7 178702
1000000 7 175927
5000000 7 190173
10000000 7 418962
50000000 7 635401
100000000 7 1154438

10000 9 162652
100000 9 159139
500000 9 166609
1000000 9 183110
5000000 9 202525
10000000 9 202525
50000000 9 633895
100000000 9 1195074

10000 11 166508
100000 11 166456
500000 11 171091
1000000 11 183061
5000000 11 191728
10000000 11 191728
50000000 11 588688
100000000 11 1191054

10000 13 162345
100000 13 162866
500000 13 170554
1000000 13 174766
5000000 13 199527
10000000 13 226552
50000000 13 647384
100000000 13 1182413

10000 15 162576
100000 15 167087
500000 15 170945
1000000 15 179059
5000000 15 162972
10000000 15 203884
50000000 15 651098
100000000 15 1166958

