10000 1 165650
100000 1 167091
500000 1 133725
1000000 1 169926
5000000 1 198749
10000000 1 206965
50000000 1 647294
100000000 1 1274600

10000 2 162755
100000 2 159320
500000 2 174323
1000000 2 175452
5000000 2 198236
10000000 2 215192
50000000 2 650884
100000000 2 1137958

10000 3 158425
100000 3 160346
500000 3 162378
1000000 3 162307
5000000 3 194814
10000000 3 214762
50000000 3 658844
100000000 3 1194988

10000 4 163001
100000 4 158510
500000 4 167235
1000000 4 166458
5000000 4 195131
10000000 4 214295
50000000 4 617575
100000000 4 1194939

10000 5 162840
100000 5 163286
500000 5 173660
1000000 5 175486
5000000 5 206060
10000000 5 227014
50000000 5 639305
100000000 5 1183056

10000 6 158638
100000 6 166639
500000 6 167678
1000000 6 169720
5000000 6 191407
10000000 6 183533
50000000 6 656562
100000000 6 1162621

10000 7 159523
100000 7 158335
500000 7 162809
1000000 7 170787
5000000 7 198885
10000000 7 207245
50000000 7 638621
100000000 7 1178548

10000 8 127802
100000 8 163621
500000 8 170291
1000000 8 176220
5000000 8 185699
10000000 8 226899
50000000 8 647765
100000000 8 1197781

10000 9 162963
100000 9 166557
500000 9 171380
1000000 9 174185
5000000 9 207441
10000000 9 202040
50000000 9 651012
100000000 9 1137775

10000 10 154935
100000 10 166730
500000 10 170838
1000000 10 166895
5000000 10 198505
10000000 10 202015
50000000 10 666928
100000000 10 1199167

