10000 50 163519
100000 50 159044
500000 50 170542
1000000 50 170957
5000000 50 198817
10000000 50 219625
50000000 50 653938
100000000 50 1187948

10000 100 162385
100000 100 158708
500000 100 136018
1000000 100 183656
5000000 100 202077
10000000 100 211003
50000000 100 655048
100000000 100 1194591

10000 150 171899
100000 150 170847
500000 150 182356
1000000 150 175079
5000000 150 198743
10000000 150 234761
50000000 150 647038
100000000 150 1163514

10000 200 166815
100000 200 171136
500000 200 174228
1000000 200 179023
5000000 200 198773
10000000 200 227836
50000000 200 646386
100000000 200 1198830

10000 250 166740
100000 250 158815
500000 250 166405
1000000 250 178476
5000000 250 199192
10000000 250 215158
50000000 250 619520
100000000 250 1191504

10000 300 163025
100000 300 166785
500000 300 166462
1000000 300 178897
5000000 300 199307
10000000 300 222559
50000000 300 655811
100000000 300 1193379

10000 350 171151
100000 350 166822
500000 350 170589
1000000 350 182502
5000000 350 176935
10000000 350 206309
50000000 350 643034
100000000 350 1182868

10000 400 162749
100000 400 170967
500000 400 178174
1000000 400 171077
5000000 400 203056
10000000 400 203056
50000000 400 628317
100000000 400 1182502

