10000 1024 157743
10000 2048 158065
10000 3072 154985
10000 4096 159225
10000 5120 162901
10000 6144 155346
10000 7168 155055
10000 8192 155110
10000 9216 155394
10000 10240 254176
10000 11264 170860
10000 12288 166679
10000 13312 159160
10000 14336 159471
10000 15360 159621
10000 16384 158615
10000 17408 155810
10000 18432 154462
10000 19456 151601
10000 20480 154942
10000 21504 159390
10000 22528 154925
10000 23552 159185
10000 24576 155250
10000 25600 159514
10000 26624 155343
10000 27648 158933
10000 28672 159219
10000 29696 150894
10000 30720 159311
10000 31744 155302
10000 32768 155051
10000 33792 159189
10000 34816 155753
10000 35840 154642
10000 36864 159389
10000 37888 155066
10000 38912 151255
10000 39936 159171
10000 40960 151354
10000 41984 257052
10000 43008 167296
10000 44032 211129
10000 45056 158890
10000 46080 155467
10000 47104 150991
10000 48128 151256
10000 49152 159129
10000 50176 159142
10000 51200 155218
10000 52224 158870
10000 53248 158942
10000 54272 151274
10000 55296 155073
10000 56320 162922
10000 57344 155297
10000 58368 159084
10000 59392 154834
10000 60416 155339
10000 61440 155339
10000 62464 157516
10000 63488 155053
10000 64512 155447
10000 65536 154708
10000 66560 163155
10000 67584 155101
10000 68608 155212
10000 69632 155066
10000 70656 159312
10000 71680 163480
10000 72704 162483
10000 73728 249201
10000 74752 167083
10000 75776 163347
10000 76800 158894
10000 77824 159160
10000 78848 155313
10000 79872 159076
10000 80896 159058
10000 81920 159667
10000 82944 166146
10000 83968 155196
10000 84992 154783
10000 86016 156098
10000 87040 158282
10000 88064 166890
10000 89088 155079
10000 90112 158769
10000 91136 154991
10000 92160 159228
10000 93184 163064
10000 94208 155283
10000 95232 158863
10000 96256 159311
10000 97280 159128
10000 98304 162982
10000 99328 159396
10000 100352 155456
10000 101376 158447

100000 1024 203747
100000 2048 158774
100000 3072 158787
100000 4096 255216
100000 5120 163428
100000 6144 163247
100000 7168 158987
100000 8192 166980
100000 9216 155563
100000 10240 158785
100000 11264 159177
100000 12288 167127
100000 13312 159332
100000 14336 162967
100000 15360 155658
100000 16384 154452
100000 17408 159177
100000 18432 155230
100000 19456 163246
100000 20480 162877
100000 21504 159130
100000 22528 162998
100000 23552 159128
100000 24576 159297
100000 25600 155111
100000 26624 159383
100000 27648 155402
100000 28672 158767
100000 29696 155544
100000 30720 162920
100000 31744 159387
100000 32768 163041
100000 33792 163603
100000 34816 252508
100000 35840 162953
100000 36864 163200
100000 37888 155199
100000 38912 159271
100000 39936 159161
100000 40960 159832
100000 41984 154474
100000 43008 155175
100000 44032 159290
100000 45056 151779
100000 46080 162585
100000 47104 155203
100000 48128 162927
100000 49152 159431
100000 50176 159090
100000 51200 162909
100000 52224 155652
100000 53248 158946
100000 54272 155288
100000 55296 158936
100000 56320 155234
100000 57344 155161
100000 58368 155040
100000 59392 155078
100000 60416 159032
100000 61440 159420
100000 62464 159418
100000 63488 158436
100000 64512 159241
100000 65536 158782
100000 66560 253916
100000 67584 163424
100000 68608 162656
100000 69632 159111
100000 70656 159111
100000 71680 157875
100000 72704 162882
100000 73728 159390
100000 74752 155012
100000 75776 163652
100000 76800 158592
100000 77824 159501
100000 78848 154840
100000 79872 162874
100000 80896 158936
100000 81920 159474
100000 82944 161996
100000 83968 155072
100000 84992 158838
100000 86016 159091
100000 87040 155206
100000 88064 155065
100000 89088 155052
100000 90112 163115
100000 91136 158955
100000 92160 159060
100000 93184 163161
100000 94208 158996
100000 95232 155137
100000 96256 163294
100000 97280 158887
100000 98304 155726
100000 99328 257626
100000 100352 167310
100000 101376 163185

500000 1024 163734
500000 2048 166379
500000 3072 167560
500000 4096 163336
500000 5120 162712
500000 6144 167443
500000 7168 167045
500000 8192 163127
500000 9216 167181
500000 10240 159147
500000 11264 163305
500000 12288 162907
500000 13312 171012
500000 14336 163270
500000 15360 163097
500000 16384 167250
500000 17408 162939
500000 18432 171157
500000 19456 167487
500000 20480 171834
500000 21504 174326
500000 22528 163279
500000 23552 163107
500000 24576 167316
500000 25600 167059
500000 26624 171156
500000 27648 262917
500000 28672 166453
500000 29696 159281
500000 30720 167317
500000 31744 163074
500000 32768 159164
500000 33792 159232
500000 34816 159763
500000 35840 174464
500000 36864 159367
500000 37888 163157
500000 38912 162769
500000 39936 159226
500000 40960 162984
500000 41984 162822
500000 43008 167754
500000 44032 161522
500000 45056 178057
500000 46080 165255
500000 47104 159785
500000 48128 159785
500000 49152 163136
500000 50176 172004
500000 51200 165866
500000 52224 163162
500000 53248 159056
500000 54272 158873
500000 55296 159156
500000 56320 167802
500000 57344 177826
500000 58368 167938
500000 59392 445898
500000 60416 166463
500000 61440 155091
500000 62464 159086
500000 63488 163256
500000 64512 161257
500000 65536 164753
500000 66560 163415
500000 67584 162937
500000 68608 166865
500000 69632 162914
500000 70656 167156
500000 71680 166636
500000 72704 163087
500000 73728 162783
500000 74752 164176
500000 75776 168625
500000 76800 172336
500000 77824 175369
500000 78848 166842
500000 79872 166967
500000 80896 162657
500000 81920 163417
500000 82944 166843
500000 83968 166977
500000 84992 170973
500000 86016 163057
500000 87040 159360
500000 88064 257890
500000 89088 167026
500000 90112 175074
500000 91136 162807
500000 92160 171440
500000 93184 163154
500000 94208 163502
500000 95232 158909
500000 96256 155234
500000 97280 163399
500000 98304 162937
500000 99328 163143
500000 100352 158966
500000 101376 159314

1000000 1024 210781
1000000 2048 171153
1000000 3072 166902
1000000 4096 179567
1000000 5120 174719
1000000 6144 174880
1000000 7168 167119
1000000 8192 175353
1000000 9216 175534
1000000 10240 166561
1000000 11264 179368
1000000 12288 171165
1000000 13312 167222
1000000 14336 166937
1000000 15360 167148
1000000 16384 266545
1000000 17408 171260
1000000 18432 182901
1000000 19456 163336
1000000 20480 178980
1000000 21504 167506
1000000 22528 166974
1000000 23552 171144
1000000 24576 159296
1000000 25600 179208
1000000 26624 175706
1000000 27648 168826
1000000 28672 170908
1000000 29696 167097
1000000 30720 174932
1000000 31744 171174
1000000 32768 171159
1000000 33792 171188
1000000 34816 171550
1000000 35840 174458
1000000 36864 171246
1000000 37888 171588
1000000 38912 170722
1000000 39936 166780
1000000 40960 175232
1000000 41984 166842
1000000 43008 167412
1000000 44032 167412
1000000 45056 168826
1000000 46080 166754
1000000 47104 266440
1000000 48128 173771
1000000 49152 167826
1000000 50176 166424
1000000 51200 162673
1000000 52224 167001
1000000 53248 166970
1000000 54272 166929
1000000 55296 171100
1000000 56320 167902
1000000 57344 171429
1000000 58368 169996
1000000 59392 163278
1000000 60416 168458
1000000 61440 169167
1000000 62464 166922
1000000 63488 163189
1000000 64512 167459
1000000 65536 167413
1000000 66560 170029
1000000 67584 163087
1000000 68608 166930
1000000 69632 175073
1000000 70656 170597
1000000 71680 171089
1000000 72704 171143
1000000 73728 167251
1000000 74752 166862
1000000 75776 163197
1000000 76800 262366
1000000 77824 182973
1000000 78848 171962
1000000 79872 165888
1000000 80896 159488
1000000 81920 162453
1000000 82944 163870
1000000 83968 170565
1000000 84992 167142
1000000 86016 167194
1000000 87040 167067
1000000 88064 162828
1000000 89088 167912
1000000 90112 166257
1000000 91136 167258
1000000 92160 170765
1000000 93184 171224
1000000 94208 172055
1000000 95232 165745
1000000 96256 163086
1000000 97280 171058
1000000 98304 173542
1000000 99328 164797
1000000 100352 175095
1000000 101376 164258

5000000 1024 206070
5000000 2048 395024
5000000 3072 410260
5000000 4096 410260
5000000 5120 221153
5000000 6144 215749
5000000 7168 202296
5000000 8192 191019
5000000 9216 212291
5000000 10240 218158
5000000 11264 211236
5000000 12288 211236
5000000 13312 215081
5000000 14336 216072
5000000 15360 221702
5000000 16384 222908
5000000 17408 250916
5000000 18432 211469
5000000 19456 198695
5000000 20480 219215
5000000 21504 211339
5000000 22528 214781
5000000 23552 206625
5000000 24576 214953
5000000 25600 231360
5000000 26624 206919
5000000 27648 302331
5000000 28672 219116
5000000 29696 206747
5000000 30720 207177
5000000 31744 218805
5000000 32768 230958
5000000 33792 222940
5000000 34816 218887
5000000 35840 227003
5000000 36864 214871
5000000 37888 212966
5000000 38912 213064
5000000 39936 214760
5000000 40960 215225
5000000 41984 218636
5000000 43008 214951
5000000 44032 227353
5000000 45056 218509
5000000 46080 202831
5000000 47104 214948
5000000 48128 207007
5000000 49152 238620
5000000 50176 206921
5000000 51200 306655
5000000 52224 227330
5000000 53248 231500
5000000 54272 222218
5000000 55296 222998
5000000 56320 222998
5000000 57344 213469
5000000 58368 216984
5000000 59392 210409
5000000 60416 221943
5000000 61440 212982
5000000 62464 216969
5000000 63488 199177
5000000 64512 206980
5000000 65536 205848
5000000 66560 200225
5000000 67584 199890
5000000 68608 206237
5000000 69632 196771
5000000 70656 206000
5000000 71680 202523
5000000 72704 191351
5000000 73728 206975
5000000 74752 202916
5000000 75776 306768
5000000 76800 211154
5000000 77824 199401
5000000 78848 211193
5000000 79872 194923
5000000 80896 199015
5000000 81920 207141
5000000 82944 207417
5000000 83968 210931
5000000 84992 195206
5000000 86016 198590
5000000 87040 195086
5000000 88064 203429
5000000 89088 190780
5000000 90112 195385
5000000 91136 190809
5000000 92160 191066
5000000 93184 211195
5000000 94208 187969
5000000 95232 190086
5000000 96256 191097
5000000 97280 191288
5000000 98304 194145
5000000 99328 203408
5000000 100352 202592
5000000 101376 289165

10000000 1024 304373
10000000 2048 346831
10000000 3072 307992
10000000 4096 278036
10000000 5120 267201
10000000 6144 266620
10000000 7168 282784
10000000 8192 270866
10000000 9216 278514
10000000 10240 267356
10000000 11264 274379
10000000 12288 279104
10000000 13312 262682
10000000 14336 263116
10000000 15360 270875
10000000 16384 242956
10000000 17408 259086
10000000 18432 360405
10000000 19456 238905
10000000 20480 251015
10000000 21504 251109
10000000 22528 240408
10000000 23552 241736
10000000 24576 239203
10000000 25600 247010
10000000 26624 246998
10000000 27648 251143
10000000 28672 254745
10000000 29696 267016
10000000 30720 246843
10000000 31744 259313
10000000 32768 246918
10000000 33792 255777
10000000 34816 238351
10000000 35840 251459
10000000 36864 254989
10000000 37888 367082
10000000 38912 250898
10000000 39936 235187
10000000 40960 263093
10000000 41984 254934
10000000 43008 267234
10000000 44032 262795
10000000 45056 243122
10000000 46080 277969
10000000 47104 242901
10000000 48128 259297
10000000 49152 254990
10000000 50176 251180
10000000 51200 246896
10000000 52224 277223
10000000 53248 260305
10000000 54272 260305
10000000 55296 261087
10000000 56320 275158
10000000 57344 250945
10000000 58368 369890
10000000 59392 251211
10000000 60416 246663
10000000 61440 255151
10000000 62464 247177
10000000 63488 226634
10000000 64512 226841
10000000 65536 238824
10000000 66560 226849
10000000 67584 227768
10000000 68608 222270
10000000 69632 226766
10000000 70656 218886
10000000 71680 230697
10000000 72704 222910
10000000 73728 227002
10000000 74752 226922
10000000 75776 226750
10000000 76800 222726
10000000 77824 219010
10000000 78848 235137
10000000 79872 406894
10000000 80896 223194
10000000 81920 222890
10000000 82944 219003
10000000 83968 258921
10000000 84992 215228
10000000 86016 231395
10000000 87040 246441
10000000 88064 263090
10000000 89088 219226
10000000 90112 219226
10000000 91136 232934
10000000 92160 230938
10000000 93184 234801
10000000 94208 231116
10000000 95232 214878
10000000 96256 214878
10000000 97280 229347
10000000 98304 223156
10000000 99328 222660
10000000 100352 227367
10000000 101376 219083

50000000 1024 791084
50000000 2048 806977
50000000 3072 730808
50000000 4096 646948
50000000 5120 663013
50000000 6144 675580
50000000 7168 734169
50000000 8192 785777
50000000 9216 638788
50000000 10240 651049
50000000 11264 638593
50000000 12288 642967
50000000 13312 642799
50000000 14336 698864
50000000 15360 747534
50000000 16384 659128
50000000 17408 842949
50000000 18432 687082
50000000 19456 666703
50000000 20480 642758
50000000 21504 642967
50000000 22528 631066
50000000 23552 743163
50000000 24576 642608
50000000 25600 662859
50000000 26624 643387
50000000 27648 654668
50000000 28672 662842
50000000 29696 674931
50000000 30720 743234
50000000 31744 642848
50000000 32768 642904
50000000 33792 634784
50000000 34816 654653
50000000 35840 662748
50000000 36864 691277
50000000 37888 642682
50000000 38912 754661
50000000 39936 634976
50000000 40960 649103
50000000 41984 642750
50000000 43008 634644
50000000 44032 631153
50000000 45056 666783
50000000 46080 739293
50000000 47104 678756
50000000 48128 651163
50000000 49152 666588
50000000 50176 654782
50000000 51200 639338
50000000 52224 682521
50000000 53248 650523
50000000 54272 739463
50000000 55296 638663
50000000 56320 638873
50000000 57344 690700
50000000 58368 634830
50000000 59392 658939
50000000 60416 658871
50000000 61440 751914
50000000 62464 646930
50000000 63488 639142
50000000 64512 630650
50000000 65536 634712
50000000 66560 627172
50000000 67584 630684
50000000 68608 647065
50000000 69632 743320
50000000 70656 644057
50000000 71680 633666
50000000 72704 626869
50000000 73728 635167
50000000 74752 634416
50000000 75776 639274
50000000 76800 739075
50000000 77824 638919
50000000 78848 638804
50000000 79872 638845
50000000 80896 638906
50000000 81920 634762
50000000 82944 638714
50000000 83968 642924
50000000 84992 735731
50000000 86016 735731
50000000 87040 735731
50000000 88064 735731
50000000 89088 735731
50000000 90112 735731
50000000 91136 735731
50000000 92160 735731
50000000 93184 735731
50000000 94208 735731
50000000 95232 735731
50000000 96256 735731
50000000 97280 735731
50000000 98304 735731
50000000 99328 735731
50000000 100352 735731
50000000 101376 735731

100000000 1024 735731
100000000 2048 735731
100000000 3072 735731
100000000 4096 735731
100000000 5120 735731
100000000 6144 735731
100000000 7168 735731
100000000 8192 735731
100000000 9216 735731
100000000 10240 735731
100000000 11264 1295374
100000000 12288 1166965
100000000 13312 1182867
100000000 14336 1259747
100000000 15360 1162970
100000000 16384 1162565
100000000 17408 1194929
100000000 18432 1333009
100000000 19456 1149349
100000000 20480 1170937
100000000 21504 1190103
100000000 22528 1283454
100000000 23552 1320990
100000000 24576 1151306
100000000 25600 1178603
100000000 26624 1166934
100000000 27648 1265130
100000000 28672 1201546
100000000 29696 1158842
100000000 30720 1166933
100000000 31744 1292410
100000000 32768 1167001
100000000 33792 1214611
100000000 34816 1182724
100000000 35840 1256310
100000000 36864 1158882
100000000 37888 1163222
100000000 38912 1174287
100000000 39936 1260640
100000000 40960 1158972
100000000 41984 1170351
100000000 43008 1187336
100000000 44032 1288884
100000000 45056 1162901
100000000 46080 1170815
100000000 47104 1182994
100000000 48128 1170417
100000000 49152 1265221
100000000 50176 1174305
100000000 51200 1182656
100000000 52224 1207055
100000000 53248 1280582
100000000 54272 1202971
100000000 55296 1166830
100000000 56320 1307029
100000000 57344 1348954
100000000 58368 1162735
100000000 59392 1174680
100000000 60416 1235177
100000000 61440 1268757
100000000 62464 1258882
100000000 63488 1150863
100000000 64512 1150893
100000000 65536 1265544
100000000 66560 1143873
100000000 67584 1173193
100000000 68608 1162739
100000000 69632 1269208
100000000 70656 1166688
100000000 71680 1154750
100000000 72704 1159692
100000000 73728 1268656
100000000 74752 1162773
100000000 75776 1162619
100000000 76800 1167235
100000000 77824 1169688
100000000 78848 1249421
100000000 79872 1162938
100000000 80896 1162640
100000000 81920 1166914
100000000 82944 1269398
100000000 83968 1159109
100000000 84992 1154553
100000000 86016 1163017
100000000 87040 1277522
100000000 88064 1162756
100000000 89088 1158951
100000000 90112 1158893
100000000 91136 1269808
100000000 92160 1158857
100000000 93184 1162815
100000000 94208 1158667
100000000 95232 1272876
100000000 96256 1174913
100000000 97280 1154819
100000000 98304 1170896
100000000 99328 1178733
100000000 100352 1266636
100000000 101376 1157875

