10000 0 165430
100000 0 174750
500000 0 166792
1000000 0 175132
5000000 0 369066
10000000 0 206949
50000000 0 662811
100000000 0 1195076

10000 100 158717
100000 100 167677
500000 100 170231
1000000 100 174303
5000000 100 186531
10000000 100 210473
50000000 100 658816
100000000 100 1156515

10000 200 162890
100000 200 160209
500000 200 169481
1000000 200 182977
5000000 200 194413
10000000 200 216291
50000000 200 216291
100000000 200 1202027

10000 300 163078
100000 300 170829
500000 300 162679
1000000 300 166802
5000000 300 192036
10000000 300 209660
50000000 300 646808
100000000 300 1148958

10000 400 162957
100000 400 158651
500000 400 167103
1000000 400 174750
5000000 400 210637
10000000 400 230991
50000000 400 655244
100000000 400 1190397

10000 500 159198
100000 500 170492
500000 500 163916
1000000 500 182787
5000000 500 206477
10000000 500 219325
50000000 500 616899
100000000 500 1191054

10000 600 167111
100000 600 166873
500000 600 174238
1000000 600 178998
5000000 600 191216
10000000 600 214104
50000000 600 655137
100000000 600 1191178

10000 700 162192
100000 700 166891
500000 700 170790
1000000 700 174859
5000000 700 155977
10000000 700 206903
50000000 700 639412
100000000 700 1178259

10000 800 162972
100000 800 166900
500000 800 175360
1000000 800 170978
5000000 800 187726
10000000 800 190013
50000000 800 658491
100000000 800 1165069

10000 900 163124
100000 900 158418
500000 900 170977
1000000 900 170640
5000000 900 187479
10000000 900 214433
50000000 900 643338
100000000 900 1179438

10000 1000 166161
100000 1000 170717
500000 1000 167135
1000000 1000 174360
5000000 1000 195422
10000000 1000 207005
50000000 1000 661920
100000000 1000 1137504

