10000 1024 165120
10000 2048 159283
10000 3072 154898
10000 4096 154861
10000 5120 155276
10000 6144 154957
10000 7168 163072
10000 8192 155352
10000 9216 158882
10000 10240 159096
10000 11264 159096
10000 12288 160307
10000 13312 158945
10000 14336 159090
10000 15360 155098
10000 16384 161449
10000 17408 160790
10000 18432 156571
10000 19456 153776
10000 20480 159467
10000 21504 155011
10000 22528 159119
10000 23552 155280
10000 24576 220967
10000 25600 158793
10000 26624 155268
10000 27648 159126
10000 28672 155310
10000 29696 155417
10000 30720 159227
10000 31744 151078
10000 32768 155191
10000 33792 159438
10000 34816 158984
10000 35840 155344
10000 36864 163359
10000 37888 159011
10000 38912 159111
10000 39936 155442
10000 40960 155032
10000 41984 154862
10000 43008 155518
10000 44032 159338
10000 45056 159052
10000 46080 163043
10000 47104 155254
10000 48128 159126
10000 49152 159444
10000 50176 155197
10000 51200 159077
10000 52224 155273
10000 53248 159080
10000 54272 155244
10000 55296 155141
10000 56320 216559
10000 57344 155259
10000 58368 151060
10000 59392 151060
10000 60416 157872
10000 61440 159197
10000 62464 155417
10000 63488 155120
10000 64512 159475
10000 65536 158969
10000 66560 159474
10000 67584 158431
10000 68608 151452
10000 69632 157324
10000 70656 156791
10000 71680 159144
10000 72704 159182
10000 73728 158966
10000 74752 159225
10000 75776 159191
10000 76800 155323
10000 77824 159254
10000 78848 158994
10000 79872 154786
10000 80896 159460
10000 81920 158745
10000 82944 158960
10000 83968 163189
10000 84992 158871
10000 86016 155228
10000 87040 155692
10000 88064 162845
10000 89088 224472
10000 90112 159023
10000 91136 155385
10000 92160 162907
10000 93184 150966
10000 94208 160086
10000 95232 158101
10000 96256 159215
10000 97280 159117
10000 98304 155426
10000 99328 154728
10000 100352 163020
10000 101376 162719

100000 1024 163194
100000 2048 155153
100000 3072 163289
100000 4096 158953
100000 5120 163137
100000 6144 158985
100000 7168 159088
100000 8192 158939
100000 9216 164033
100000 10240 162438
100000 11264 159352
100000 12288 154843
100000 13312 166882
100000 14336 159446
100000 15360 159313
100000 16384 158350
100000 17408 163502
100000 18432 164176
100000 19456 231759
100000 20480 163185
100000 21504 159039
100000 22528 159305
100000 23552 155186
100000 24576 163039
100000 25600 163039
100000 26624 164013
100000 27648 155219
100000 28672 159345
100000 29696 159112
100000 30720 163064
100000 31744 154993
100000 32768 159620
100000 33792 155666
100000 34816 158549
100000 35840 154686
100000 36864 163410
100000 37888 156871
100000 38912 156976
100000 39936 159063
100000 40960 154820
100000 41984 155227
100000 43008 163144
100000 44032 155315
100000 45056 159057
100000 46080 159305
100000 47104 155437
100000 48128 159015
100000 49152 163113
100000 50176 159472
100000 51200 159030
100000 52224 221106
100000 53248 159155
100000 54272 159916
100000 55296 158344
100000 56320 163325
100000 57344 159121
100000 58368 159034
100000 59392 155403
100000 60416 159001
100000 61440 163059
100000 62464 162936
100000 63488 163161
100000 64512 163182
100000 65536 166854
100000 66560 158963
100000 67584 159528
100000 68608 159023
100000 69632 159409
100000 70656 163418
100000 71680 162592
100000 72704 159127
100000 73728 159355
100000 74752 162353
100000 75776 159489
100000 76800 162506
100000 77824 163129
100000 78848 159035
100000 79872 155202
100000 80896 155150
100000 81920 159040
100000 82944 223986
100000 83968 158928
100000 84992 158975
100000 86016 155225
100000 87040 159247
100000 88064 159247
100000 89088 152943
100000 90112 163234
100000 91136 163453
100000 92160 150661
100000 93184 159467
100000 94208 166697
100000 95232 158942
100000 96256 159325
100000 97280 158432
100000 98304 158844
100000 99328 155105
100000 100352 159439
100000 101376 158972

1000000 1024 170937
1000000 2048 171018
1000000 3072 171107
1000000 4096 175134
1000000 5120 178826
1000000 6144 179081
1000000 7168 167017
1000000 8192 167104
1000000 9216 171039
1000000 10240 175357
1000000 11264 176559
1000000 12288 178117
1000000 13312 232960
1000000 14336 162790
1000000 15360 179120
1000000 16384 179120
1000000 17408 169530
1000000 18432 170912
1000000 19456 187183
1000000 20480 171322
1000000 21504 171380
1000000 22528 174822
1000000 23552 175164
1000000 24576 179284
1000000 25600 166748
1000000 26624 167536
1000000 27648 170787
1000000 28672 168197
1000000 29696 166046
1000000 30720 167370
1000000 31744 167042
1000000 32768 167022
1000000 33792 171190
1000000 34816 171108
1000000 35840 171274
1000000 36864 167882
1000000 37888 170455
1000000 38912 171415
1000000 39936 167216
1000000 40960 171179
1000000 41984 179375
1000000 43008 167212
1000000 44032 232951
1000000 45056 170858
1000000 46080 163256
1000000 47104 179905
1000000 48128 174379
1000000 49152 167552
1000000 50176 162656
1000000 51200 171181
1000000 52224 170769
1000000 53248 171333
1000000 54272 171653
1000000 55296 174061
1000000 56320 168062
1000000 57344 170608
1000000 58368 166674
1000000 59392 167126
1000000 60416 167426
1000000 61440 179286
1000000 62464 166816
1000000 63488 171076
1000000 64512 162677
1000000 65536 171620
1000000 66560 166367
1000000 67584 171107
1000000 68608 167494
1000000 69632 171583
1000000 70656 170294
1000000 71680 178874
1000000 72704 175298
1000000 73728 233281
1000000 74752 166724
1000000 75776 195875
1000000 76800 174293
1000000 77824 167105
1000000 78848 170861
1000000 79872 159144
1000000 80896 171448
1000000 81920 171245
1000000 82944 166129
1000000 83968 166883
1000000 84992 171402
1000000 86016 178737
1000000 87040 170662
1000000 88064 162705
1000000 89088 167192
1000000 90112 162960
1000000 91136 178973
1000000 92160 171054
1000000 93184 170764
1000000 94208 166991
1000000 95232 171530
1000000 96256 166147
1000000 97280 163072
1000000 98304 166820
1000000 99328 167304
1000000 100352 167093
1000000 101376 171121

10000000 1024 389670
10000000 2048 287266
10000000 3072 303128
10000000 4096 250980
10000000 5120 250995
10000000 6144 263311
10000000 7168 254714
10000000 8192 251247
10000000 9216 266922
10000000 10240 263290
10000000 11264 259016
10000000 12288 257901
10000000 13312 240258
10000000 14336 254851
10000000 15360 259013
10000000 16384 247104
10000000 17408 255757
10000000 18432 259247
10000000 19456 254251
10000000 20480 317906
10000000 21504 254960
10000000 22528 263237
10000000 23552 271219
10000000 24576 243095
10000000 25600 270980
10000000 26624 295418
10000000 27648 278487
10000000 28672 278487
10000000 29696 260812
10000000 30720 267245
10000000 31744 271400
10000000 32768 275007
10000000 33792 263093
10000000 34816 274666
10000000 35840 258945
10000000 36864 270882
10000000 37888 246815
10000000 38912 263011
10000000 39936 337097
10000000 40960 242999
10000000 41984 251355
10000000 43008 258135
10000000 44032 259002
10000000 45056 254907
10000000 46080 259091
10000000 47104 247071
10000000 48128 258853
10000000 49152 263597
10000000 50176 254259
10000000 51200 235601
10000000 52224 254374
10000000 53248 259282
10000000 54272 254572
10000000 55296 275144
10000000 56320 254942
10000000 57344 250704
10000000 58368 255671
10000000 59392 271021
10000000 60416 313608
10000000 61440 259078
10000000 62464 263247
10000000 63488 251067
10000000 64512 247580
10000000 65536 230820
10000000 66560 222996
10000000 67584 223207
10000000 68608 223776
10000000 69632 222173
10000000 70656 231074
10000000 71680 223164
10000000 72704 227062
10000000 73728 231074
10000000 74752 223323
10000000 75776 230924
10000000 76800 223454
10000000 77824 218841
10000000 78848 216048
10000000 79872 234317
10000000 80896 219184
10000000 81920 282240
10000000 82944 219092
10000000 83968 235044
10000000 84992 235186
10000000 86016 215054
10000000 87040 228100
10000000 88064 234127
10000000 89088 238565
10000000 90112 242889
10000000 91136 243272
10000000 92160 239175
10000000 93184 230896
10000000 94208 231305
10000000 95232 219319
10000000 96256 226705
10000000 97280 238955
10000000 98304 223031
10000000 99328 230640
10000000 100352 214965
10000000 101376 227028

100000000 1024 1409461
100000000 2048 1182863
100000000 3072 1354791
100000000 4096 1202886
100000000 5120 1365557
100000000 6144 1403216
100000000 7168 1306993
100000000 8192 1373890
100000000 9216 1318898
100000000 10240 1322858
100000000 11264 1259341
100000000 12288 1397638
100000000 13312 1260909
100000000 14336 1172560
100000000 15360 1214759
100000000 16384 1305776
100000000 17408 1210907
100000000 18432 1195250
100000000 19456 1166702
100000000 20480 1262057
100000000 21504 1274994
100000000 22528 1250768
100000000 23552 1223355
100000000 24576 1277687
100000000 25600 1212864
100000000 26624 1212931
100000000 27648 1278959
100000000 28672 1244912
100000000 29696 1295086
100000000 30720 1182787
100000000 31744 1170813
100000000 32768 1233186
100000000 33792 1234710
100000000 34816 1274908
100000000 35840 1235060
100000000 36864 1309107
100000000 37888 1179166
100000000 38912 1198892
100000000 39936 1211135
100000000 40960 1182445
100000000 41984 1249393
100000000 43008 1175069
100000000 44032 1178742
100000000 45056 1186818
100000000 46080 1245348
100000000 47104 1166454
100000000 48128 1187016
100000000 49152 1250828
100000000 50176 1313596
100000000 51200 1442679
100000000 52224 1203313
100000000 53248 1206575
100000000 54272 1277912
100000000 55296 1322674
100000000 56320 1275128
100000000 57344 1179291
100000000 58368 1344945
100000000 59392 1286565
100000000 60416 1287022
100000000 61440 1194940
100000000 62464 1321364
100000000 63488 1175094
100000000 64512 1186616
100000000 65536 1178800
100000000 66560 1237709
100000000 67584 1171169
100000000 68608 1178671
100000000 69632 1168816
100000000 70656 1227220
100000000 71680 1170876
100000000 72704 1166834
100000000 73728 1167091
100000000 74752 1230172
100000000 75776 1166849
100000000 76800 1166747
100000000 77824 1166728
100000000 78848 1234255
100000000 79872 1178661
100000000 80896 1166902
100000000 81920 1166966
100000000 82944 1159006
100000000 83968 1241839
100000000 84992 1170931
100000000 86016 1171103
100000000 87040 1166763
100000000 88064 1238604
100000000 89088 1170748
100000000 90112 1150884
100000000 91136 1174921
100000000 92160 1234253
100000000 93184 1172784
100000000 94208 1172816
100000000 95232 1175327
100000000 96256 1250592
100000000 97280 1186993
100000000 98304 1162479
100000000 99328 1170883
100000000 100352 1237695
100000000 101376 1175434

