10000 128 222406
100000 128 166789
500000 128 174802
1000000 128 183391
5000000 128 198483
10000000 128 219811
50000000 128 646679
100000000 128 1159104

10000 256 166551
100000 256 162348
500000 256 167524
1000000 256 179035
5000000 256 191158
10000000 256 207048
50000000 256 637647
100000000 256 1188236

10000 384 170355
100000 384 166225
500000 384 178746
1000000 384 173098
5000000 384 192963
10000000 384 214577
50000000 384 652470
100000000 384 1142105

10000 512 162543
100000 512 170347
500000 512 178800
1000000 512 170548
5000000 512 211507
10000000 512 231789
50000000 512 649735
100000000 512 1178936

10000 640 162552
100000 640 159584
500000 640 174586
1000000 640 166728
5000000 640 194818
10000000 640 206995
50000000 640 594724
100000000 640 1178802

10000 768 158721
100000 768 158721
500000 768 164344
1000000 768 167675
5000000 768 210735
10000000 768 218752
50000000 768 654238
100000000 768 1190800

10000 896 159078
100000 896 163272
500000 896 174341
1000000 896 139075
5000000 896 194463
10000000 896 218832
50000000 896 651134
100000000 896 1178995

10000 1024 166450
100000 1024 163069
500000 1024 178312
1000000 1024 175160
5000000 1024 191178
10000000 1024 241878
50000000 1024 658801
100000000 1024 1150702

10000 1152 163297
100000 1152 162822
500000 1152 166646
1000000 1152 174388
5000000 1152 190491
10000000 1152 215292
50000000 1152 658990
100000000 1152 1190279

10000 1280 168581
100000 1280 168822
500000 1280 163196
1000000 1280 175085
5000000 1280 202919
10000000 1280 227483
50000000 1280 650020
100000000 1280 1130781

10000 1408 162486
100000 1408 166588
500000 1408 171038
1000000 1408 171095
5000000 1408 190446
10000000 1408 418684
50000000 1408 651134
100000000 1408 1194598

10000 1536 230854
100000 1536 158917
500000 1536 174414
1000000 1536 167530
5000000 1536 142227
10000000 1536 216749
50000000 1536 637269
100000000 1536 1182367

10000 1664 166663
100000 1664 170611
500000 1664 167869
1000000 1664 173999
5000000 1664 203885
10000000 1664 230254
50000000 1664 613953
100000000 1664 1138717

10000 1792 162778
100000 1792 167258
500000 1792 167072
1000000 1792 174337
5000000 1792 174337
10000000 1792 215513
50000000 1792 662604
100000000 1792 1193544

10000 1920 162886
100000 1920 166887
500000 1920 175963
1000000 1920 178132
5000000 1920 198583
10000000 1920 219208
50000000 1920 638933
100000000 1920 1150409

10000 2048 165943
100000 2048 163523
500000 2048 174493
1000000 2048 171567
5000000 2048 202298
10000000 2048 202298
50000000 2048 633070
100000000 2048 1181470

10000 2176 162543
100000 2176 163215
500000 2176 165677
1000000 2176 174847
5000000 2176 203628
10000000 2176 214096
50000000 2176 623403
100000000 2176 1165954

10000 2304 163225
100000 2304 163005
500000 2304 170411
1000000 2304 166848
5000000 2304 194766
10000000 2304 210640
50000000 2304 643408
100000000 2304 1163089

10000 2432 158791
100000 2432 158242
500000 2432 167657
1000000 2432 170174
5000000 2432 190242
10000000 2432 182951
50000000 2432 634937
100000000 2432 1199286

10000 2560 169948
100000 2560 166530
500000 2560 175195
1000000 2560 162324
5000000 2560 187017
10000000 2560 211485
50000000 2560 654090
100000000 2560 1178980

10000 2688 126053
100000 2688 159374
500000 2688 179619
1000000 2688 173858
5000000 2688 198298
10000000 2688 219405
50000000 2688 638912
100000000 2688 1201670

10000 2816 170992
100000 2816 158567
500000 2816 171060
1000000 2816 171086
5000000 2816 198246
10000000 2816 210906
50000000 2816 642811
100000000 2816 1156485

10000 2944 158687
100000 2944 162620
500000 2944 167082
1000000 2944 167145
5000000 2944 198668
10000000 2944 219039
50000000 2944 650274
100000000 2944 1178685

10000 3072 159169
100000 3072 167328
500000 3072 161855
1000000 3072 179162
5000000 3072 194694
10000000 3072 210723
50000000 3072 611876
100000000 3072 1174499

10000 3200 162160
100000 3200 159597
500000 3200 167217
1000000 3200 177800
5000000 3200 194742
10000000 3200 206640
50000000 3200 634650
100000000 3200 1198557

10000 3328 162924
100000 3328 159059
500000 3328 171440
1000000 3328 128972
5000000 3328 195368
10000000 3328 226490
50000000 3328 651058
100000000 3328 1174939

10000 3456 158910
100000 3456 162374
500000 3456 171017
1000000 3456 174470
5000000 3456 190905
10000000 3456 210019
50000000 3456 627280
100000000 3456 1137938

10000 3584 170130
100000 3584 167065
500000 3584 170813
1000000 3584 175301
5000000 3584 210326
10000000 3584 214704
50000000 3584 635188
100000000 3584 1178897

10000 3712 162651
100000 3712 162903
500000 3712 163216
1000000 3712 166319
5000000 3712 195111
10000000 3712 218315
50000000 3712 639058
100000000 3712 1142405

10000 3840 162442
100000 3840 163569
500000 3840 167189
1000000 3840 169630
5000000 3840 199187
10000000 3840 222985
50000000 3840 654914
100000000 3840 1198195

10000 3968 166898
100000 3968 171160
500000 3968 166591
1000000 3968 175041
5000000 3968 194799
10000000 3968 373612
50000000 3968 651163
100000000 3968 1202240

10000 4096 171008
100000 4096 166676
500000 4096 167066
1000000 4096 174807
5000000 4096 198736
10000000 4096 210698
50000000 4096 670642
100000000 4096 1183738

