10000 1 166629
100000 1 162006
500000 1 178527
1000000 1 170891
5000000 1 194602
10000000 1 222406
50000000 1 651058
100000000 1 1186455

10000 2 167273
100000 2 167137
500000 2 178934
1000000 2 166108
5000000 2 203133
10000000 2 223372
50000000 2 631181
100000000 2 1195676

10000 3 180630
100000 3 160844
500000 3 170797
1000000 3 180674
5000000 3 217741
10000000 3 434382
50000000 3 654458
100000000 3 1183726

10000 4 124020
100000 4 169797
500000 4 177795
1000000 4 174913
5000000 4 206994
10000000 4 228166
50000000 4 642265
100000000 4 1190387

10000 5 168114
100000 5 168114
500000 5 171816
1000000 5 178569
5000000 5 207122
10000000 5 242589
50000000 5 663520
100000000 5 1143446

10000 6 162362
100000 6 163520
500000 6 186256
1000000 6 178553
5000000 6 203036
10000000 6 214584
50000000 6 650871
100000000 6 1195177

10000 7 166567
100000 7 166576
500000 7 170648
1000000 7 170648
5000000 7 208682
10000000 7 222836
50000000 7 615802
100000000 7 1195166

10000 8 167668
100000 8 157968
500000 8 170205
1000000 8 187212
5000000 8 210484
10000000 8 242725
50000000 8 655292
100000000 8 1190972

