10000 0 170003
100000 0 162852
500000 0 167442
1000000 0 174194
5000000 0 214780
10000000 0 220255
50000000 0 626862
100000000 0 1183078

10000 1 163013
100000 1 166774
500000 1 176204
1000000 1 176911
5000000 1 190975
10000000 1 236673
50000000 1 645544
100000000 1 1197938

10000 2 162759
100000 2 130007
500000 2 161968
1000000 2 179247
5000000 2 194695
10000000 2 235150
50000000 2 654140
100000000 2 1187123

10000 3 159057
100000 3 167257
500000 3 171183
1000000 3 177669
5000000 3 206561
10000000 3 219259
50000000 3 642709
100000000 3 1159103

10000 4 167260
100000 4 167216
500000 4 166250
1000000 4 182210
5000000 4 194806
10000000 4 211026
50000000 4 647217
100000000 4 1166655

