Experiment
--------------------------------------------
Parameter = tcp_adv_win_scale
Values [0, 3] with stride 1
Flow sizes = [1000000, 100000000] with stride 20000000
--------------------------------------------
1000000 0 169253
21000000 0 332109
41000000 0 507781
61000000 0 675710
81000000 0 859748

1000000 1 167747
21000000 1 332113
41000000 1 507812
61000000 1 683734
81000000 1 859748

1000000 2 167527
21000000 2 332071
41000000 2 515824
61000000 2 679699
81000000 2 859745

1000000 3 167726
21000000 3 335954
41000000 3 511940
61000000 3 679723
81000000 3 851754

