Experiment
--------------------------------------------
Parameter = tcp_synack_retries
Values [1, 5] with stride 1
Flow sizes = [1000000, 100000000] with stride 20000000
--------------------------------------------
1000000 1 173013
21000000 1 336021
41000000 1 515660
61000000 1 687644
81000000 1 855645

1000000 2 171532
21000000 2 335950
41000000 2 515747
61000000 2 683626
81000000 2 851668

1000000 3 167616
21000000 3 335867
41000000 3 515866
61000000 3 679608
81000000 3 859497

1000000 4 167620
21000000 4 335964
41000000 4 511650
61000000 4 679606
81000000 4 855638

1000000 5 167591
21000000 5 339906
41000000 5 511622
61000000 5 679621
81000000 5 851732

