Experiment
--------------------------------------------
Parameter = tcp_syn_retries
Values [1, 5] with stride 1
Flow sizes = [1000000, 100000000] with stride 20000000
--------------------------------------------
1000000 1 168867
21000000 1 340080
41000000 1 515753
61000000 1 683620
81000000 1 855737

1000000 2 167643
21000000 2 335888
41000000 2 515753
61000000 2 683618
81000000 2 855753

1000000 3 167625
21000000 3 335979
41000000 3 515745
61000000 3 687629
81000000 3 859542

1000000 4 163597
21000000 4 332021
41000000 4 507704
61000000 4 679616
81000000 4 859713

1000000 5 171660
21000000 5 335898
41000000 5 515886
61000000 5 679597
81000000 5 851679

