Experiment
--------------------------------------------
Parameter = tcp_fack
Values [0, 1] with stride 1
Flow sizes = [10000, 100000] with stride 10000
--------------------------------------------
10000 0 163918
20000 0 163918
30000 0 163918
40000 0 163918
50000 0 163918
60000 0 163918
70000 0 163918
80000 0 163918
90000 0 163918
100000 0 163918

10000 1 163918
20000 1 163918
30000 1 163918
40000 1 163918
50000 1 163918
60000 1 163918
70000 1 163918
80000 1 163918
90000 1 163918
100000 1 5162082

