Experiment
--------------------------------------------
Parameter = tcp_tw_recycle
Values [0, 1] with stride 1
Flow sizes = [10000, 100000] with stride 10000
--------------------------------------------
10000 0 159577
20000 0 163381
30000 0 167510
40000 0 163411
50000 0 159420
60000 0 159442
70000 0 167333
80000 0 163502
90000 0 159422
100000 0 167517

10000 1 155380
20000 1 163591
30000 1 159458
40000 1 167303
50000 1 379751
60000 1 163110
70000 1 163487
80000 1 163443
90000 1 163486
100000 1 163485

