Experiment
--------------------------------------------
Parameter = tcp_dsack
Values [0, 1] with stride 1
Flow sizes = [10000, 100000] with stride 10000
--------------------------------------------
10000 0 1152554
20000 0 159767
30000 0 167793
40000 0 163805
50000 0 167621
60000 0 163827
70000 0 159753
80000 0 159808
90000 0 163797
100000 0 163751

10000 1 163796
20000 1 163781
30000 1 159812
40000 1 159753
50000 1 167689
60000 1 167689
70000 1 167689
80000 1 167689
90000 1 167689
100000 1 167689

