Experiment
--------------------------------------------
Parameter = tcp_syncookies
Values [0, 1] with stride 1
Flow sizes = [10000, 100000] with stride 10000
--------------------------------------------
10000 0 166539
20000 0 163507
30000 0 163525
40000 0 163337
50000 0 159462
60000 0 163476
70000 0 163431
80000 0 163491
90000 0 163447
100000 0 163463

10000 1 159421
20000 1 159432
30000 1 367312
40000 1 159407
50000 1 159419
60000 1 159447
70000 1 163478
80000 1 163456
90000 1 163464
100000 1 163494

