Experiment
--------------------------------------------
Parameter = tcp_low_latency
Values [0, 1] with stride 1
Flow sizes = [10000, 100000] with stride 10000
--------------------------------------------
10000 0 166024
20000 0 5159243
30000 0 163134
40000 0 159149
50000 0 163228
60000 0 163213
70000 0 167143
80000 0 163287
90000 0 163243
100000 0 159258

10000 1 163181
20000 1 159225
30000 1 163267
40000 1 159190
50000 1 163101
60000 1 167276
70000 1 167181
80000 1 167111
90000 1 167239
100000 1 163269

