Experiment
--------------------------------------------
Parameter = tcp_slow_start_after_idle
Values [0, 1] with stride 1
Flow sizes = [10000, 100000] with stride 10000
--------------------------------------------
10000 0 161383
20000 0 159146
30000 0 163039
40000 0 166962
50000 0 159093
60000 0 167095
70000 0 167097
80000 0 167077
90000 0 166948
100000 0 167035

10000 1 159039
20000 1 159042
30000 1 163094
40000 1 167093
50000 1 166880
60000 1 163105
70000 1 159038
80000 1 167052
90000 1 163041
100000 1 163094

