Experiment
--------------------------------------------
Parameter = tcp_tw_reuse
Values [0, 1] with stride 1
Flow sizes = [10000, 100000] with stride 10000
--------------------------------------------
10000 0 158957
20000 0 159297
30000 0 367406
40000 0 159298
50000 0 163342
60000 0 159284
70000 0 159345
80000 0 163331
90000 0 163328
100000 0 159313

10000 1 159326
20000 1 159332
30000 1 163337
40000 1 163174
50000 1 163337
60000 1 167383
70000 1 167350
80000 1 163153
90000 1 163289
100000 1 163283

