Experiment
--------------------------------------------
Parameter = tcp_abort_on_overflow
Values [0, 1] with stride 1
Flow sizes = [10000, 100000] with stride 10000
--------------------------------------------
10000 0 167930
20000 0 167930
30000 0 167930
40000 0 167930
50000 0 167930
60000 0 5131616
70000 0 159800
80000 0 5131831
90000 0 163669
100000 0 163868

10000 1 5131760
20000 1 159853
30000 1 159825
40000 1 159849
50000 1 163880
60000 1 159868
70000 1 163813
80000 1 163869
90000 1 163828
100000 1 163801

