Experiment
--------------------------------------------
Parameter = tcp_sack
Values [0, 1] with stride 1
Flow sizes = [10000, 100000] with stride 10000
--------------------------------------------
10000 0 164032
20000 0 159797
30000 0 159862
40000 0 155779
50000 0 159798
60000 0 159763
70000 0 159763
80000 0 159763
90000 0 159763
100000 0 159763

10000 1 159763
20000 1 159763
30000 1 159763
40000 1 159763
50000 1 159763
60000 1 159763
70000 1 159763
80000 1 159763
90000 1 159763
100000 1 159763

