Experiment
--------------------------------------------
Parameter = tcp_window_scaling
Values [0, 1] with stride 1
Flow sizes = [10000, 100000] with stride 10000
--------------------------------------------
10000 0 159643
20000 0 159883
30000 0 163808
40000 0 163848
50000 0 159761
60000 0 167744
70000 0 159801
80000 0 163877
90000 0 163913
100000 0 159851

10000 1 159764
20000 1 159812
30000 1 159830
40000 1 163882
50000 1 159852
60000 1 163833
70000 1 163837
80000 1 163655
90000 1 163849
100000 1 163813

