Experiment
--------------------------------------------
Parameter = tcp_no_metrics_save
Values [0, 1] with stride 1
Flow sizes = [10000, 100000] with stride 10000
--------------------------------------------
10000 0 155505
20000 0 159223
30000 0 159316
40000 0 367119
50000 0 159293
60000 0 163349
70000 0 166953
80000 0 159173
90000 0 167273
100000 0 163205

10000 1 163023
20000 1 159239
30000 1 5131235
40000 1 163086
50000 1 163113
60000 1 159209
70000 1 167255
80000 1 167262
90000 1 163272
100000 1 163219

