Experiment
--------------------------------------------
Parameter = tcp_mtu_probing
Values [0, 1] with stride 1
Flow sizes = [10000, 100000] with stride 10000
--------------------------------------------
10000 0 166400
20000 0 159145
30000 0 166965
40000 0 159067
50000 0 163075
60000 0 167128
70000 0 5167016
80000 0 163027
90000 0 163141
100000 0 163124

10000 1 163136
20000 1 163150
30000 1 166974
40000 1 167069
50000 1 159097
60000 1 163009
70000 1 163147
80000 1 159075
90000 1 163098
100000 1 163102

