Experiment
--------------------------------------------
Parameter = tcp_frto_response
Values [0, 1] with stride 1
Flow sizes = [10000, 100000] with stride 10000
--------------------------------------------
10000 0 166776
20000 0 163268
30000 0 163240
40000 0 163284
50000 0 163267
60000 0 159262
70000 0 163244
80000 0 163249
90000 0 163052
100000 0 159270

10000 1 159212
20000 1 159212
30000 1 163290
40000 1 159244
50000 1 163257
60000 1 163233
70000 1 159257
80000 1 339151
90000 1 163273
100000 1 163267

