Experiment
--------------------------------------------
Parameter = tcp_timestamps
Values [0, 1] with stride 1
Flow sizes = [10000, 100000] with stride 10000
--------------------------------------------
10000 0 1124929
20000 0 163783
30000 0 375939
40000 0 167975
50000 0 159964
60000 0 164024
70000 0 164033
80000 0 163985
90000 0 371884
100000 0 159962

10000 1 164006
20000 1 164025
30000 1 371986
40000 1 159971
50000 1 163905
60000 1 159989
70000 1 167990
80000 1 167977
90000 1 163987
100000 1 167860

