10000 1024 163932
10000 2048 159481
10000 3072 163665
10000 4096 163717
10000 5120 163699
10000 6144 163719
10000 7168 159678
10000 8192 167580
10000 9216 155616
10000 10240 159878
10000 11264 159538
10000 12288 155655
10000 13312 163704
10000 14336 159739
10000 15360 155650
10000 16384 163707
10000 17408 167772
10000 18432 159682
10000 19456 163732
10000 20480 163721
10000 21504 159724
10000 22528 159600
10000 23552 163679
10000 24576 163701
10000 25600 167729
10000 26624 159707
10000 27648 163703
10000 28672 167526
10000 29696 155849
10000 30720 159689
10000 31744 163560
10000 32768 163698
10000 33792 159663
10000 34816 163691
10000 35840 167723
10000 36864 159682
10000 37888 159657
10000 38912 159670
10000 39936 159675
10000 40960 163566
10000 41984 155746
10000 43008 159768
10000 44032 159696
10000 45056 159693
10000 46080 159709
10000 47104 159656
10000 48128 159724
10000 49152 167593
10000 50176 159670
10000 51200 163680
10000 52224 163626
10000 53248 159695
10000 54272 163643
10000 55296 159547
10000 56320 163649
10000 57344 159646
10000 58368 167708
10000 59392 159666
10000 60416 163650
10000 61440 159692
10000 62464 167688
10000 63488 167557
10000 64512 163650
10000 65536 159657
10000 66560 163634
10000 67584 159679
10000 68608 159610
10000 69632 167687
10000 70656 163868
10000 71680 159452
10000 72704 159644
10000 73728 155632
10000 74752 159678
10000 75776 159588
10000 76800 159626
10000 77824 167533
10000 78848 159585
10000 79872 163670
10000 80896 159682
10000 81920 163648
10000 82944 159625
10000 83968 163667
10000 84992 167478
10000 86016 159680
10000 87040 163650
10000 88064 167652
10000 89088 167658
10000 90112 167529
10000 91136 163622
10000 92160 163637
10000 93184 167620
10000 94208 167697
10000 95232 159604
10000 96256 159677
10000 97280 159574
10000 98304 159622
10000 99328 159471
10000 100352 163639
10000 101376 163629

100000 1024 167618
100000 2048 167607
100000 3072 159617
100000 4096 167727
100000 5120 163577
100000 6144 163409
100000 7168 167812
100000 8192 163605
100000 9216 167459
100000 10240 167662
100000 11264 167622
100000 12288 163606
100000 13312 163598
100000 14336 167450
100000 15360 167615
100000 16384 159556
100000 17408 163592
100000 18432 159582
100000 19456 167614
100000 20480 159565
100000 21504 163622
100000 22528 163643
100000 23552 163539
100000 24576 163474
100000 25600 167656
100000 26624 159548
100000 27648 163568
100000 28672 163596
100000 29696 163587
100000 30720 163381
100000 31744 163565
100000 32768 167579
100000 33792 163595
100000 34816 167449
100000 35840 167651
100000 36864 167602
100000 37888 163613
100000 38912 167603
100000 39936 167445
100000 40960 167644
100000 41984 163517
100000 43008 159583
100000 44032 167601
100000 45056 159611
100000 46080 159056
100000 47104 159385
100000 48128 167433
100000 49152 167591
100000 50176 159567
100000 51200 167595
100000 52224 163588
100000 53248 163591
100000 54272 159543
100000 55296 159577
100000 56320 163424
100000 57344 159559
100000 58368 167624
100000 59392 159478
100000 60416 163558
100000 61440 167613
100000 62464 159567
100000 63488 163459
100000 64512 167524
100000 65536 159541
100000 66560 163610
100000 67584 159572
100000 68608 167564
100000 69632 159551
100000 70656 167405
100000 71680 159678
100000 72704 163568
100000 73728 163559
100000 74752 167585
100000 75776 163569
100000 76800 163541
100000 77824 159529
100000 78848 163533
100000 79872 163502
100000 80896 163373
100000 81920 159571
100000 82944 163570
100000 83968 159497
100000 84992 163528
100000 86016 163496
100000 87040 163515
100000 88064 163456
100000 89088 163401
100000 90112 163450
100000 91136 167529
100000 92160 163517
100000 93184 159563
100000 94208 159521
100000 95232 159550
100000 96256 163493
100000 97280 163536
100000 98304 163359
100000 99328 163518
100000 100352 163541
100000 101376 167573

1000000 1024 207335
1000000 2048 171534
1000000 3072 171598
1000000 4096 171365
1000000 5120 175600
1000000 6144 175488
1000000 7168 171413
1000000 8192 167539
1000000 9216 171543
1000000 10240 171452
1000000 11264 167500
1000000 12288 171555
1000000 13312 175380
1000000 14336 171517
1000000 15360 167528
1000000 16384 167356
1000000 17408 175513
1000000 18432 167479
1000000 19456 167375
1000000 20480 167649
1000000 21504 171368
1000000 22528 171534
1000000 23552 171386
1000000 24576 171535
1000000 25600 175360
1000000 26624 167496
1000000 27648 171472
1000000 28672 171310
1000000 29696 167462
1000000 30720 171498
1000000 31744 167651
1000000 32768 167399
1000000 33792 167534
1000000 34816 167546
1000000 35840 167485
1000000 36864 167322
1000000 37888 167480
1000000 38912 167508
1000000 39936 175534
1000000 40960 171372
1000000 41984 167490
1000000 43008 171475
1000000 44032 175387
1000000 45056 171473
1000000 46080 167477
1000000 47104 171379
1000000 48128 167415
1000000 49152 171525
1000000 50176 171368
1000000 51200 171494
1000000 52224 171557
1000000 53248 171319
1000000 54272 167490
1000000 55296 175539
1000000 56320 171336
1000000 57344 171511
1000000 58368 167455
1000000 59392 167316
1000000 60416 167460
1000000 61440 167496
1000000 62464 167495
1000000 63488 171360
1000000 64512 167462
1000000 65536 167450
1000000 66560 171489
1000000 67584 171369
1000000 68608 167504
1000000 69632 175510
1000000 70656 167313
1000000 71680 167488
1000000 72704 171465
1000000 73728 167457
1000000 74752 171326
1000000 75776 167448
1000000 76800 167487
1000000 77824 171343
1000000 78848 175446
1000000 79872 171452
1000000 80896 167355
1000000 81920 167399
1000000 82944 171440
1000000 83968 167459
1000000 84992 175355
1000000 86016 175471
1000000 87040 171324
1000000 88064 167381
1000000 89088 167449
1000000 90112 167456
1000000 91136 167321
1000000 92160 175466
1000000 93184 167428
1000000 94208 167293
1000000 95232 175618
1000000 96256 171473
1000000 97280 167256
1000000 98304 171471
1000000 99328 167475
1000000 100352 171262
1000000 101376 175422

10000000 1024 503458
10000000 2048 419292
10000000 3072 347420
10000000 4096 291308
10000000 5120 287369
10000000 6144 287357
10000000 7168 267326
10000000 8192 271262
10000000 9216 271315
10000000 10240 267467
10000000 11264 267269
10000000 12288 267296
10000000 13312 267473
10000000 14336 267309
10000000 15360 267291
10000000 16384 267278
10000000 17408 267468
10000000 18432 267304
10000000 19456 267327
10000000 20480 267352
10000000 21504 267230
10000000 22528 267297
10000000 23552 271273
10000000 24576 267417
10000000 25600 267344
10000000 26624 267272
10000000 27648 267397
10000000 28672 267266
10000000 29696 267314
10000000 30720 267329
10000000 31744 267441
10000000 32768 267273
10000000 33792 267433
10000000 34816 267465
10000000 35840 267253
10000000 36864 267285
10000000 37888 267423
10000000 38912 247225
10000000 39936 247399
10000000 40960 247338
10000000 41984 247340
10000000 43008 247138
10000000 44032 243631
10000000 45056 251008
10000000 46080 247353
10000000 47104 247395
10000000 48128 247199
10000000 49152 247299
10000000 50176 243312
10000000 51200 247248
10000000 52224 247359
10000000 53248 247295
10000000 54272 247186
10000000 55296 247379
10000000 56320 243328
10000000 57344 243295
10000000 58368 243334
10000000 59392 243121
10000000 60416 243289
10000000 61440 243334
10000000 62464 243329
10000000 63488 243331
10000000 64512 247370
10000000 65536 243347
10000000 66560 247183
10000000 67584 247289
10000000 68608 247323
10000000 69632 247378
10000000 70656 247319
10000000 71680 243307
10000000 72704 243181
10000000 73728 243341
10000000 74752 243312
10000000 75776 243258
10000000 76800 243473
10000000 77824 243297
10000000 78848 243314
10000000 79872 243339
10000000 80896 243169
10000000 81920 243331
10000000 82944 243282
10000000 83968 243263
10000000 84992 243306
10000000 86016 243309
10000000 87040 243296
10000000 88064 243258
10000000 89088 247365
10000000 90112 247173
10000000 91136 243201
10000000 92160 247297
10000000 93184 247278
10000000 94208 247338
10000000 95232 243298
10000000 96256 247151
10000000 97280 247312
10000000 98304 247301
10000000 99328 247276
10000000 100352 247064
10000000 101376 243320

100000000 1024 2035330
100000000 2048 2367183
100000000 3072 1443148
100000000 4096 1295257
100000000 5120 1263291
100000000 6144 1259201
100000000 7168 1263087
100000000 8192 1263204
100000000 9216 1267129
100000000 10240 1259103
100000000 11264 1291461
100000000 12288 1258888
100000000 13312 1263249
100000000 14336 1263311
100000000 15360 1259131
100000000 16384 1259089
100000000 17408 1255272
100000000 18432 1291142
100000000 19456 1255177
100000000 20480 1259273
100000000 21504 1263260
100000000 22528 1259247
100000000 23552 1255071
100000000 24576 1163180
100000000 25600 1163178
100000000 26624 1067285
100000000 27648 1071156
100000000 28672 1043203
100000000 29696 1043176
100000000 30720 1043217
100000000 31744 1043191
100000000 32768 1043135
100000000 33792 1043172
100000000 34816 1039145
100000000 35840 1043374
100000000 36864 1043217
100000000 37888 1043175
100000000 38912 1099274
100000000 39936 1043203
100000000 40960 1043132
100000000 41984 1043148
100000000 43008 1039161
100000000 44032 1043350
100000000 45056 1043191
100000000 46080 1039118
100000000 47104 1083125
100000000 48128 1039176
100000000 49152 1039212
100000000 50176 1027114
100000000 51200 1023243
100000000 52224 1011102
100000000 53248 1011259
100000000 54272 1011175
100000000 55296 1011193
100000000 56320 1011235
100000000 57344 1011155
100000000 58368 1011072
100000000 59392 1011163
100000000 60416 1009660
100000000 61440 1007062
100000000 62464 1007404
100000000 63488 1011187
100000000 64512 1011012
100000000 65536 1011180
100000000 66560 1011163
100000000 67584 1011182
100000000 68608 1011183
100000000 69632 1011202
100000000 70656 1011471
100000000 71680 1010910
100000000 72704 1011146
100000000 73728 1011092
100000000 74752 1011155
100000000 75776 1011156
100000000 76800 1011113
100000000 77824 1011225
100000000 78848 1011151
100000000 79872 1011162
100000000 80896 1011244
100000000 81920 1011176
100000000 82944 1011197
100000000 83968 1011015
100000000 84992 1007239
100000000 86016 1010994
100000000 87040 1011118
100000000 88064 1011194
100000000 89088 1011205
100000000 90112 1007131
100000000 91136 1011169
100000000 92160 1011081
100000000 93184 1011133
100000000 94208 1011107
100000000 95232 1011186
100000000 96256 1011049
100000000 97280 1011152
100000000 98304 1011107
100000000 99328 1011155
100000000 100352 1011087
100000000 101376 1011147

