Experiment
--------------------------------------------
Parameter = tcp_slow_start_after_idle
Values [0, 1] with stride 1
Flow sizes = [10000, 100000] with stride 10000
--------------------------------------------
10000 0 162442
20000 0 155635
30000 0 159845
40000 0 159711
50000 0 159855
60000 0 159701
70000 0 159747
80000 0 159835
90000 0 159746
100000 0 159880

10000 1 162753
20000 1 155655
30000 1 159839
40000 1 159729
50000 1 159889
60000 1 159748
70000 1 159660
80000 1 159850
90000 1 159692
100000 1 159857

