Experiment
--------------------------------------------
Parameter = tcp_syncookies
Values [0, 1] with stride 1
Flow sizes = [10000, 100000] with stride 10000
--------------------------------------------
10000 0 163053
20000 0 155645
30000 0 159841
40000 0 159702
50000 0 159721
60000 0 159846
70000 0 159705
80000 0 159845
90000 0 159710
100000 0 159720

10000 1 163287
20000 1 159668
30000 1 159710
40000 1 159855
50000 1 159741
60000 1 159823
70000 1 159706
80000 1 159717
90000 1 159852
100000 1 159756

