Experiment
--------------------------------------------
Parameter = tcp_tw_recycle
Values [0, 1] with stride 1
Flow sizes = [10000, 100000] with stride 10000
--------------------------------------------
10000 0 164073
20000 0 159819
30000 0 159835
40000 0 159860
50000 0 160151
60000 0 159702
70000 0 159853
80000 0 159847
90000 0 159851
100000 0 159848

10000 1 159371
20000 1 155778
30000 1 159858
40000 1 159850
50000 1 159844
60000 1 159865
70000 1 159834
80000 1 159910
90000 1 159815
100000 1 159858

