Experiment
--------------------------------------------
Parameter = tcp_no_metrics_save
Values [0, 1] with stride 1
Flow sizes = [10000, 100000] with stride 10000
--------------------------------------------
10000 0 163375
20000 0 155774
30000 0 159864
40000 0 160000
50000 0 159842
60000 0 159858
70000 0 159888
80000 0 159822
90000 0 159843
100000 0 159846

10000 1 159207
20000 1 155797
30000 1 159855
40000 1 159882
50000 1 159821
60000 1 159851
70000 1 159853
80000 1 159867
90000 1 159854
100000 1 159848

