Experiment
--------------------------------------------
Parameter = tcp_frto_response
Values [0, 1] with stride 1
Flow sizes = [10000, 100000] with stride 10000
--------------------------------------------
10000 0 159383
20000 0 159794
30000 0 159848
40000 0 159830
50000 0 159837
60000 0 159864
70000 0 159857
80000 0 159860
90000 0 159838
100000 0 159832

10000 1 159218
20000 1 159800
30000 1 159866
40000 1 159850
50000 1 159861
60000 1 159824
70000 1 160008
80000 1 159853
90000 1 159845
100000 1 159895

