Experiment
--------------------------------------------
Parameter = tcp_mtu_probing
Values [0, 1] with stride 1
Flow sizes = [10000, 100000] with stride 10000
--------------------------------------------
10000 0 158683
20000 0 159803
30000 0 159879
40000 0 159827
50000 0 159846
60000 0 159886
70000 0 159838
80000 0 159852
90000 0 159837
100000 0 159852

10000 1 163091
20000 1 159793
30000 1 159828
40000 1 159932
50000 1 159803
60000 1 159850
70000 1 159845
80000 1 159886
90000 1 159837
100000 1 160037

