Experiment
--------------------------------------------
Parameter = tcp_tw_reuse
Values [0, 1] with stride 1
Flow sizes = [10000, 100000] with stride 10000
--------------------------------------------
10000 0 162256
20000 0 155653
30000 0 159909
40000 0 159673
50000 0 159742
60000 0 159869
70000 0 159659
80000 0 159836
90000 0 159761
100000 0 159718

10000 1 163089
20000 1 155632
30000 1 159863
40000 1 159697
50000 1 159718
60000 1 159855
70000 1 159770
80000 1 159806
90000 1 159711
100000 1 159714

