Experiment
--------------------------------------------
Parameter = tcp_timestamps
Values [0, 1] with stride 1
Flow sizes = [10000, 100000] with stride 10000
--------------------------------------------
10000 0 159167
20000 0 159723
30000 0 159719
40000 0 159702
50000 0 159842
60000 0 159720
70000 0 159818
80000 0 159721
90000 0 159711
100000 0 159837

10000 1 159216
20000 1 155713
30000 1 159817
40000 1 159711
50000 1 159829
60000 1 159701
70000 1 159868
80000 1 159677
90000 1 159711
100000 1 159863

