Experiment
--------------------------------------------
Parameter = tcp_window_scaling
Values [0, 1] with stride 1
Flow sizes = [10000, 100000] with stride 10000
--------------------------------------------
10000 0 169329
20000 0 159844
30000 0 159860
40000 0 159866
50000 0 159871
60000 0 159851
70000 0 159860
80000 0 159863
90000 0 159858
100000 0 159853

10000 1 159758
20000 1 159836
30000 1 159868
40000 1 160001
50000 1 159867
60000 1 159847
70000 1 159870
80000 1 159856
90000 1 159858
100000 1 159843

