Experiment
--------------------------------------------
Parameter = tcp_dsack
Values [0, 1] with stride 1
Flow sizes = [10000, 100000] with stride 10000
--------------------------------------------
10000 0 161179
20000 0 155919
30000 0 159883
40000 0 159831
50000 0 159839
60000 0 155854
70000 0 159838
80000 0 159916
90000 0 159814
100000 0 159835

10000 1 163750
20000 1 155807
30000 1 159841
40000 1 159865
50000 1 159847
60000 1 159846
70000 1 159861
80000 1 159837
90000 1 159851
100000 1 159988

