Experiment
--------------------------------------------
Parameter = tcp_low_latency
Values [0, 1] with stride 1
Flow sizes = [10000, 100000] with stride 10000
--------------------------------------------
10000 0 159914
20000 0 155786
30000 0 159698
40000 0 159845
50000 0 159714
60000 0 159725
70000 0 159836
80000 0 159720
90000 0 159705
100000 0 159863

10000 1 158924
20000 1 155493
30000 1 160031
40000 1 159746
50000 1 159813
60000 1 159775
70000 1 159816
80000 1 159706
90000 1 159687
100000 1 159861

