Experiment
--------------------------------------------
Parameter = tcp_sack
Values [0, 1] with stride 1
Flow sizes = [10000, 100000] with stride 10000
--------------------------------------------
10000 0 164502
20000 0 155970
30000 0 159882
40000 0 159854
50000 0 159844
60000 0 159874
70000 0 159863
80000 0 159848
90000 0 159854
100000 0 159869

10000 1 159717
20000 1 159860
30000 1 159872
40000 1 159881
50000 1 160016
60000 1 159873
70000 1 160000
80000 1 159857
90000 1 159836
100000 1 159892

