Experiment
--------------------------------------------
Parameter = tcp_fack
Values [0, 1] with stride 1
Flow sizes = [10000, 100000] with stride 10000
--------------------------------------------
10000 0 162816
20000 0 155741
30000 0 159710
40000 0 159871
50000 0 159695
60000 0 159716
70000 0 159892
80000 0 159691
90000 0 159838
100000 0 159716

10000 1 158802
20000 1 155749
30000 1 159721
40000 1 159858
50000 1 159678
60000 1 159707
70000 1 159904
80000 1 159697
90000 1 159799
100000 1 159705

