Experiment
--------------------------------------------
Parameter = tcp_abort_on_overflow
Values [0, 1] with stride 1
Flow sizes = [10000, 100000] with stride 10000
--------------------------------------------
10000 0 163968
20000 0 155813
30000 0 159847
40000 0 159861
50000 0 159833
60000 0 159834
70000 0 159889
80000 0 159864
90000 0 159876
100000 0 159833

10000 1 163839
20000 1 159781
30000 1 159836
40000 1 159837
50000 1 159867
60000 1 159849
70000 1 159995
80000 1 159721
90000 1 159873
100000 1 159872

