Experiment
--------------------------------------------
Parameter = tcp_tw_recycle
Values [0, 1] with stride 1
Flow sizes = [10000, 100000] with stride 10000
--------------------------------------------
10000 0 161065
20000 0 167474
30000 0 167506
40000 0 159458
50000 0 167327
60000 0 159467
70000 0 167476
80000 0 167477
90000 0 159489
100000 0 159452

10000 1 163464
20000 1 159480
30000 1 163487
40000 1 163319
50000 1 155648
60000 1 159280
70000 1 163461
80000 1 167448
90000 1 163464
100000 1 159420

