Experiment
--------------------------------------------
Parameter = tcp_window_scaling
Values [0, 1] with stride 1
Flow sizes = [10000, 100000] with stride 10000
--------------------------------------------
10000 0 158048
20000 0 159814
30000 0 159843
40000 0 159824
50000 0 159862
60000 0 159894
70000 0 163870
80000 0 163791
90000 0 163844
100000 0 163681

10000 1 159797
20000 1 167840
30000 1 159751
40000 1 167856
50000 1 163788
60000 1 159859
70000 1 167730
80000 1 159818
90000 1 163825
100000 1 163816

