Experiment
--------------------------------------------
Parameter = tcp_low_latency
Values [0, 1] with stride 1
Flow sizes = [10000, 100000] with stride 10000
--------------------------------------------
10000 0 160465
20000 0 163153
30000 0 163260
40000 0 167104
50000 0 167263
60000 0 163568
70000 0 166853
80000 0 167108
90000 0 167355
100000 0 163202

10000 1 159206
20000 1 163181
30000 1 159216
40000 1 163187
50000 1 159161
60000 1 167054
70000 1 159229
80000 1 159190
90000 1 163236
100000 1 163205

