Experiment
--------------------------------------------
Parameter = tcp_tw_reuse
Values [0, 1] with stride 1
Flow sizes = [10000, 100000] with stride 10000
--------------------------------------------
10000 0 168344
20000 0 163115
30000 0 167319
40000 0 159351
50000 0 167318
60000 0 163258
70000 0 159282
80000 0 167153
90000 0 163342
100000 0 159316

10000 1 163290
20000 1 163329
30000 1 159322
40000 1 159321
50000 1 167327
60000 1 163278
70000 1 159258
80000 1 163126
90000 1 167306
100000 1 163321

