Experiment
--------------------------------------------
Parameter = tcp_sack
Values [0, 1] with stride 1
Flow sizes = [10000, 100000] with stride 10000
--------------------------------------------
10000 0 164995
20000 0 159611
30000 0 159824
40000 0 163845
50000 0 167844
60000 0 159854
70000 0 163825
80000 0 159770
90000 0 167817
100000 0 167706

10000 1 159788
20000 1 155815
30000 1 167982
40000 1 159749
50000 1 159794
60000 1 163780
70000 1 167880
80000 1 167672
90000 1 163860
100000 1 163824

