Experiment
--------------------------------------------
Parameter = tcp_fack
Values [0, 1] with stride 1
Flow sizes = [10000, 100000] with stride 10000
--------------------------------------------
10000 0 163899
20000 0 159420
30000 0 163462
40000 0 159473
50000 0 167468
60000 0 159429
70000 0 167483
80000 0 167445
90000 0 159560
100000 0 163280

10000 1 167477
20000 1 159367
30000 1 167545
40000 1 167324
50000 1 163474
60000 1 159394
70000 1 163443
80000 1 159452
90000 1 159481
100000 1 159382

