Experiment
--------------------------------------------
Parameter = tcp_abort_on_overflow
Values [0, 1] with stride 1
Flow sizes = [10000, 100000] with stride 10000
--------------------------------------------
10000 0 162915
20000 0 163685
30000 0 159862
40000 0 159982
50000 0 155845
60000 0 159695
70000 0 159956
80000 0 163709
90000 0 159867
100000 0 163880

10000 1 159824
20000 1 163861
30000 1 167710
40000 1 159837
50000 1 167891
60000 1 167882
70000 1 163865
80000 1 159844
90000 1 167728
100000 1 163856

