Experiment
--------------------------------------------
Parameter = tcp_syncookies
Values [0, 1] with stride 1
Flow sizes = [10000, 100000] with stride 10000
--------------------------------------------
10000 0 158299
20000 0 163491
30000 0 167389
40000 0 159627
50000 0 163496
60000 0 155529
70000 0 163356
80000 0 167513
90000 0 159456
100000 0 167527

10000 1 159409
20000 1 159442
30000 1 159502
40000 1 159313
50000 1 167495
60000 1 163508
70000 1 159507
80000 1 163483
90000 1 163513
100000 1 159449

