Experiment
--------------------------------------------
Parameter = tcp_mtu_probing
Values [0, 1] with stride 1
Flow sizes = [10000, 100000] with stride 10000
--------------------------------------------
10000 0 166250
20000 0 167122
30000 0 159078
40000 0 163075
50000 0 167071
60000 0 167065
70000 0 162958
80000 0 163127
90000 0 163125
100000 0 171094

10000 1 167110
20000 1 159050
30000 1 166924
40000 1 163094
50000 1 159079
60000 1 167091
70000 1 159044
80000 1 167113
90000 1 166949
100000 1 163087

