Experiment
--------------------------------------------
Parameter = tcp_timestamps
Values [0, 1] with stride 1
Flow sizes = [10000, 100000] with stride 10000
--------------------------------------------
10000 0 161370
20000 0 163913
30000 0 168024
40000 0 159967
50000 0 167866
60000 0 163995
70000 0 159973
80000 0 163993
90000 0 163984
100000 0 163995

10000 1 159973
20000 1 155930
30000 1 168044
40000 1 163983
50000 1 164022
60000 1 167829
70000 1 168031
80000 1 164016
90000 1 164013
100000 1 167841

