Experiment
--------------------------------------------
Parameter = tcp_dsack
Values [0, 1] with stride 1
Flow sizes = [10000, 100000] with stride 10000
--------------------------------------------
10000 0 164984
20000 0 167671
30000 0 159784
40000 0 163735
50000 0 159761
60000 0 167859
70000 0 163824
80000 0 163794
90000 0 159846
100000 0 163517

10000 1 159932
20000 1 159724
30000 1 159748
40000 1 167695
50000 1 167772
60000 1 163762
70000 1 167681
80000 1 163787
90000 1 159762
100000 1 167751

