Experiment
--------------------------------------------
Parameter = tcp_slow_start_after_idle
Values [0, 1] with stride 1
Flow sizes = [10000, 100000] with stride 10000
--------------------------------------------
10000 0 167028
20000 0 159058
30000 0 167012
40000 0 167051
50000 0 159039
60000 0 163085
70000 0 159080
80000 0 159047
90000 0 159059
100000 0 166960

10000 1 167077
20000 1 167098
30000 1 167141
40000 1 163040
50000 1 159040
60000 1 162881
70000 1 159035
80000 1 163061
90000 1 167079
100000 1 163078

