Experiment
--------------------------------------------
Parameter = tcp_no_metrics_save
Values [0, 1] with stride 1
Flow sizes = [10000, 100000] with stride 10000
--------------------------------------------
10000 0 164767
20000 0 159223
30000 0 159210
40000 0 163192
50000 0 159202
60000 0 163248
70000 0 163298
80000 0 163195
90000 0 163277
100000 0 163242

10000 1 159129
20000 1 167240
30000 1 163323
40000 1 163245
50000 1 159257
60000 1 167209
70000 1 163216
80000 1 159206
90000 1 159091
100000 1 163229

