Experiment
--------------------------------------------
Parameter = tcp_frto_response
Values [0, 1] with stride 1
Flow sizes = [10000, 100000] with stride 10000
--------------------------------------------
10000 0 159100
20000 0 159218
30000 0 163318
40000 0 159260
50000 0 159279
60000 0 163119
70000 0 163235
80000 0 163245
90000 0 163284
100000 0 163282

10000 1 159267
20000 1 162987
30000 1 159244
40000 1 163245
50000 1 163279
60000 1 163254
70000 1 167300
80000 1 167164
90000 1 167234
100000 1 163261

