10000 1 172735
100000 1 173203
500000 1 178392
1000000 1 183511
5000000 1 210910
10000000 1 214657
50000000 1 667766
60000000 1 754393
80000000 1 842034
100000000 1 1215962
150000000 1 1758930

10000 2 161372
100000 2 167341
500000 2 178658
1000000 2 178582
5000000 2 203518
10000000 2 210411
50000000 2 667181
60000000 2 624067
80000000 2 991469
100000000 2 1228787
150000000 2 1751764

10000 3 162103
100000 3 163728
500000 3 245897
1000000 3 175755
5000000 3 190485
10000000 3 206880
50000000 3 667012
60000000 3 754884
80000000 3 982816
100000000 3 1202466
150000000 3 1627163

10000 4 162955
100000 4 170464
500000 4 167241
1000000 4 174743
5000000 4 202526
10000000 4 218773
50000000 4 666536
60000000 4 751262
80000000 4 987125
100000000 4 1057645
150000000 4 1767784

10000 5 169803
100000 5 163483
500000 5 175090
1000000 5 178785
5000000 5 199518
10000000 5 210022
50000000 5 655058
60000000 5 763534
80000000 5 838365
100000000 5 1209306
150000000 5 1209306

10000 6 166500
100000 6 158999
500000 6 178196
1000000 6 171986
5000000 6 202558
10000000 6 206919
50000000 6 655333
60000000 6 767259
80000000 6 833389
100000000 6 1215331
150000000 6 1766411

10000 7 162963
100000 7 162936
500000 7 178839
1000000 7 171355
5000000 7 198317
10000000 7 227904
50000000 7 650067
60000000 7 618001
80000000 7 991199
100000000 7 1191791
150000000 7 1765289

10000 8 167075
100000 8 167031
500000 8 166797
1000000 8 171615
5000000 8 57389
10000000 8 215672
50000000 8 662428
60000000 8 783310
80000000 8 1014563
100000000 8 1202498
150000000 8 1611268

