Experiment
--------------------------------------------
Parameter = tcp_adv_win_scale
Values [0, 3] with stride 1
Flow sizes = [1000000, 100000000] with stride 20000000
--------------------------------------------
1000000 0 168977
21000000 0 332014
41000000 0 515985
61000000 0 675677
81000000 0 851761

1000000 1 167728
21000000 1 331962
41000000 1 515860
61000000 1 683673
81000000 1 859799

1000000 2 167702
21000000 2 332092
41000000 2 515758
61000000 2 691590
81000000 2 859642

1000000 3 168011
21000000 3 331820
41000000 3 515787
61000000 3 683747
81000000 3 851676

