Experiment
--------------------------------------------
Parameter = tcp_synack_retries
Values [1, 5] with stride 1
Flow sizes = [1000000, 100000000] with stride 20000000
--------------------------------------------
1000000 1 168039
21000000 1 331926
41000000 1 507723
61000000 1 687681
81000000 1 855675

1000000 2 167504
21000000 2 331942
41000000 2 507855
61000000 2 683639
81000000 2 859534

1000000 3 167600
21000000 3 335978
41000000 3 507705
61000000 3 687636
81000000 3 851660

1000000 4 167630
21000000 4 331863
41000000 4 503839
61000000 4 687568
81000000 4 855529

1000000 5 167603
21000000 5 331976
41000000 5 507691
61000000 5 687586
81000000 5 859676

