Experiment
--------------------------------------------
Parameter = tcp_syn_retries
Values [1, 5] with stride 1
Flow sizes = [1000000, 100000000] with stride 20000000
--------------------------------------------
1000000 1 165126
21000000 1 336063
41000000 1 507720
61000000 1 683588
81000000 1 855691

1000000 2 167602
21000000 2 335901
41000000 2 507859
61000000 2 679572
81000000 2 855609

1000000 3 171474
21000000 3 336020
41000000 3 507683
61000000 3 683645
81000000 3 855628

1000000 4 167611
21000000 4 335891
41000000 4 503818
61000000 4 679670
81000000 4 859659

1000000 5 167487
21000000 5 328078
41000000 5 503849
61000000 5 687628
81000000 5 859568

